2025-12-13 16:18:30 - INFO - ============================================================
2025-12-13 16:18:30 - INFO - 开始执行直播源自动更新任务
2025-12-13 16:18:30 - INFO - 启动时间 (北京时间): 2025-12-14 00:18:30
2025-12-13 16:18:30 - INFO - ============================================================
2025-12-13 16:18:30 - INFO - 已加载配置，共有 7 个源地址
2025-12-13 16:18:30 - INFO - 已启用频道名称映射
2025-12-13 16:18:30 - INFO - 从目标文件中读取了 388 个待更新频道
2025-12-13 16:18:30 - INFO - 正在下载源 1: https://gyssi.link/iptv/chinaiptv/%E5%90%89%E6%9E%97%E7%9C%81.m3u...
2025-12-13 16:18:31 - INFO -   ✓ 成功下载源 1
2025-12-13 16:18:31 - INFO - 正在下载源 2: https://bc.188766.xyz/...
2025-12-13 16:18:31 - INFO -   ✓ 成功下载源 2
2025-12-13 16:18:31 - INFO - 正在下载源 3: https://gyssi.link/live/%E8%BE%BD%E5%AE%81.m3u...
2025-12-13 16:18:32 - INFO -   ✓ 成功下载源 3
2025-12-13 16:18:32 - INFO - 正在下载源 4: https://raw.githubusercontent.com/10000ge10000/iptv-api/refs/heads/master/output/user_result.m3u...
2025-12-13 16:18:32 - INFO -   ✓ 成功下载源 4
2025-12-13 16:18:32 - INFO - 正在下载源 5: https://bc.188766.xyz/...
2025-12-13 16:18:32 - INFO -   ✓ 成功下载源 5
2025-12-13 16:18:32 - INFO - 正在下载源 6: https://raw.githubusercontent.com/xiongjian83/TvBox/refs/heads/main/live.m3u...
2025-12-13 16:18:32 - INFO -   ✓ 成功下载源 6
2025-12-13 16:18:32 - INFO - 正在下载源 7: https://taoiptv.com/lives/22023.txt...
2025-12-13 16:18:33 - INFO -   ✓ 成功下载源 7
2025-12-13 16:18:33 - INFO - 检测到源1为标准M3U格式
2025-12-13 16:18:33 - INFO - 从源1解析出 102 个频道
2025-12-13 16:18:33 - INFO - 检测到源2为标准M3U格式
2025-12-13 16:18:33 - INFO - 从源2解析出 371 个频道
2025-12-13 16:18:33 - INFO - 检测到源3为标准M3U格式
2025-12-13 16:18:33 - INFO - 从源3解析出 151 个频道
2025-12-13 16:18:33 - INFO - 检测到源4为标准M3U格式
2025-12-13 16:18:33 - INFO - 从源4解析出 199 个频道
2025-12-13 16:18:33 - INFO - 检测到源5为标准M3U格式
2025-12-13 16:18:33 - INFO - 从源5解析出 371 个频道
2025-12-13 16:18:33 - INFO - 检测到源6为标准M3U格式
2025-12-13 16:18:33 - INFO - 从源6解析出 780 个频道
2025-12-13 16:18:33 - INFO - 检测到源7为简化格式，使用简化格式解析器
2025-12-13 16:18:33 - INFO - 开始解析简化格式文件 source_7_20251213.m3u，共 407 行
2025-12-13 16:18:33 - INFO - 从简化格式中解析出 168 个频道
2025-12-13 16:18:33 - INFO - 从源7解析出 168 个频道
2025-12-13 16:18:33 - INFO - 从源2找到 16 个'冰茶体育'频道，将重命名为'连宇体育'
2025-12-13 16:18:33 - INFO - 开始解析源文件: source_4_20251213.m3u，共 400 行
2025-12-13 16:18:33 - INFO - 从文件 source_4_20251213.m3u 解析出 0 个咪咕体育频道
2025-12-13 16:18:33 - INFO - 开始更新目标文件 index.html ...
2025-12-13 16:18:33 - INFO - 更新 'CCTV-16奥林匹克' [央视吉林] (来自源3)
2025-12-13 16:18:33 - INFO - 更新 'CCTV-1综合' [央视辽宁] (来自源3)
2025-12-13 16:18:33 - INFO - 更新 'CCTV-2财经' [央视辽宁] (来自源3)
2025-12-13 16:18:33 - INFO - 更新 'CCTV-3综艺' [央视辽宁] (来自源3)
2025-12-13 16:18:33 - INFO - 更新 'CCTV-4国际' [央视辽宁] (来自源3)
2025-12-13 16:18:33 - INFO - 更新 'CCTV-5体育' [央视辽宁] (来自源3)
2025-12-13 16:18:33 - INFO - 更新 'CCTV-6电影' [央视辽宁] (来自源3)
2025-12-13 16:18:33 - INFO - 更新 'CCTV-7国防军事' [央视辽宁] (来自源3)
2025-12-13 16:18:33 - INFO - 更新 'CCTV-8电视剧' [央视辽宁] (来自源3)
2025-12-13 16:18:33 - INFO - 更新 'CCTV-9纪录' [央视辽宁] (来自源3)
2025-12-13 16:18:33 - INFO - 更新 'CCTV-10科教' [央视辽宁] (来自源3)
2025-12-13 16:18:33 - INFO - 更新 'CCTV-11戏曲' [央视辽宁] (来自源3)
2025-12-13 16:18:33 - INFO - 更新 'CCTV-12社会与法' [央视辽宁] (来自源3)
2025-12-13 16:18:33 - INFO - 更新 'CCTV-13新闻' [央视辽宁] (来自源3)
2025-12-13 16:18:33 - INFO - 更新 'CCTV-14少儿' [央视辽宁] (来自源3)
2025-12-13 16:18:33 - INFO - 更新 'CCTV-15音乐' [央视辽宁] (来自源3)
2025-12-13 16:18:33 - INFO - 更新 'CCTV-16奥林匹克' [央视辽宁] (来自源3)
2025-12-13 16:18:33 - INFO - 更新 'CCTV-17农业农村' [央视辽宁] (来自源3)
2025-12-13 16:18:33 - INFO - 更新 'CCTV5+体育赛事' [央视辽宁] (来自源3)
2025-12-13 16:18:33 - INFO - 更新 'CGTN-英语新闻' [央视辽宁] (来自源3)
2025-12-13 16:18:33 - INFO - 更新 'CGTN-纪录(国际版)' [央视辽宁] (来自源3)
2025-12-13 16:18:33 - INFO - 更新 'CGTN-俄语国际' [央视辽宁] (来自源3)
2025-12-13 16:18:33 - INFO - 更新 'CGTN-西班牙语国际' [央视辽宁] (来自源3)
2025-12-13 16:18:33 - INFO - 更新 'CGTN-阿拉伯语国际' [央视辽宁] (来自源3)
2025-12-13 16:18:33 - INFO - 更新 'CGTN-法语国际' [央视辽宁] (来自源3)
2025-12-13 16:18:33 - INFO - 更新 '世界地理' [央视付费频道] (来自源3)
2025-12-13 16:18:33 - INFO - 更新 'CCTV-1 综合' [央视咪咕] (来自源2)
2025-12-13 16:18:33 - INFO - 更新 'CCTV-2 财经' [央视咪咕] (来自源2)
2025-12-13 16:18:33 - INFO - 更新 'CCTV-3 综艺' [央视咪咕] (来自源2)
2025-12-13 16:18:34 - INFO - 更新 'CCTV-4 中文国际' [央视咪咕] (来自源2)
2025-12-13 16:18:34 - INFO - 更新 'CCTV-5 体育' [央视咪咕] (来自源2)
2025-12-13 16:18:34 - INFO - 更新 'CCTV-5+ 体育赛事' [央视咪咕] (来自源2)
2025-12-13 16:18:34 - INFO - 更新 'CCTV-6 电影' [央视咪咕] (来自源2)
2025-12-13 16:18:34 - INFO - 更新 'CCTV-7 国防军事' [央视咪咕] (来自源2)
2025-12-13 16:18:34 - INFO - 更新 'CCTV-8 电视剧' [央视咪咕] (来自源2)
2025-12-13 16:18:34 - INFO - 更新 'CCTV-9 纪录' [央视咪咕] (来自源2)
2025-12-13 16:18:34 - INFO - 更新 'CCTV-10 科教' [央视咪咕] (来自源2)
2025-12-13 16:18:34 - INFO - 更新 'CCTV-11 戏曲' [央视咪咕] (来自源2)
2025-12-13 16:18:34 - INFO - 更新 'CCTV-12 社会与法' [央视咪咕] (来自源2)
2025-12-13 16:18:34 - INFO - 更新 'CCTV-13 新闻' [央视咪咕] (来自源2)
2025-12-13 16:18:34 - INFO - 更新 'CCTV-14 少儿' [央视咪咕] (来自源2)
2025-12-13 16:18:34 - INFO - 更新 'CCTV-15 音乐' [央视咪咕] (来自源2)
2025-12-13 16:18:34 - INFO - 更新 'CCTV-17 农业农村' [央视咪咕] (来自源2)
2025-12-13 16:18:34 - INFO - 更新 'CCTV-4 中文国际 欧洲' [央视咪咕] (来自源2)
2025-12-13 16:18:34 - INFO - 更新 'CCTV-4 中文国际 美洲' [央视咪咕] (来自源2)
2025-12-13 16:18:34 - INFO - 更新 '大湾区卫视' [卫视频道] (来自源2)
2025-12-13 16:18:34 - INFO - 更新 '长春综合' [吉林本地] (来自源7)
2025-12-13 16:18:34 - INFO - 更新 '长春文旅体育' [吉林本地] (来自源7)
2025-12-13 16:18:34 - INFO - 更新 '长春市民生活' [吉林本地] (来自源7)
2025-12-13 16:18:34 - INFO - 更新 '吉林新闻' [吉林本地] (来自源7)
2025-12-13 16:18:34 - INFO - 更新 '吉林公共' [吉林本地] (来自源7)
2025-12-13 16:18:34 - INFO - 更新 '舒兰新闻' [吉林本地] (来自源7)
2025-12-13 16:18:34 - INFO - 更新 '通化1' [吉林本地] (来自源7)
2025-12-13 16:18:34 - INFO - 更新 '通化3' [吉林本地] (来自源7)
2025-12-13 16:18:34 - INFO - 更新 '白山公共1' [吉林本地] (来自源7)
2025-12-13 16:18:34 - INFO - 更新 '白山公共2' [吉林本地] (来自源7)
2025-12-13 16:18:34 - INFO - 更新 '辽源民生社会' [吉林本地] (来自源7)
2025-12-13 16:18:34 - INFO - 更新 '四平1' [吉林本地] (来自源7)
2025-12-13 16:18:34 - INFO - 更新 '四平2' [吉林本地] (来自源7)
2025-12-13 16:18:34 - INFO - 更新 '白城公共' [吉林本地] (来自源7)
2025-12-13 16:18:34 - INFO - 更新 '镇赉综合' [吉林本地] (来自源7)
2025-12-13 16:18:34 - INFO - 更新 '大安新闻' [吉林本地] (来自源7)
2025-12-13 16:18:34 - INFO - 更新 '乾安综合' [吉林本地] (来自源7)
2025-12-13 16:18:34 - INFO - 更新 '前郭TV1' [吉林本地] (来自源7)
2025-12-13 16:18:34 - INFO - 更新 '吉林延边1' [吉林本地] (来自源7)
2025-12-13 16:18:34 - INFO - 更新 '吉林延边2' [吉林本地] (来自源7)
2025-12-13 16:18:34 - INFO - 更新 '吉林延吉' [吉林本地] (来自源7)
2025-12-13 16:18:34 - INFO - 更新 '集安综合' [吉林本地] (来自源7)
2025-12-13 16:18:34 - INFO - 更新 '吉林汪清' [吉林本地] (来自源7)
2025-12-13 16:18:34 - INFO - 更新 '吉林图们' [吉林本地] (来自源7)
2025-12-13 16:18:34 - INFO - 更新 '吉林梅河口' [吉林本地] (来自源7)
2025-12-13 16:18:34 - INFO - 更新 '农安新闻' [吉林本地] (来自源7)
2025-12-13 16:18:34 - INFO - 更新 '辽源公共' [吉林本地] (来自源7)
2025-12-13 16:18:34 - INFO - 更新 '吉林洮南' [吉林本地] (来自源7)
2025-12-13 16:18:34 - INFO - 更新 '吉林抚松' [吉林本地] (来自源7)
2025-12-13 16:18:34 - INFO - 更新 '吉林临江' [吉林本地] (来自源7)
2025-12-13 16:18:34 - INFO - 更新 '吉林松原' [吉林本地] (来自源7)
2025-12-13 16:18:34 - INFO - 更新 '吉林通榆' [吉林本地] (来自源7)
2025-12-13 16:18:34 - INFO - 更新 '吉林扶余' [吉林本地] (来自源7)
2025-12-13 16:18:34 - INFO - 更新 '吉林蛟河' [吉林本地] (来自源7)
2025-12-13 16:18:34 - INFO - 更新 '吉林磐石' [吉林本地] (来自源7)
2025-12-13 16:18:34 - INFO - 更新 '吉林双辽' [吉林本地] (来自源7)
2025-12-13 16:18:34 - INFO - 更新 '吉林伊通' [吉林本地] (来自源7)
2025-12-13 16:18:34 - INFO - 更新 '公主岭综合' [吉林本地] (来自源7)
2025-12-13 16:18:34 - INFO - 更新 '梨树新闻' [吉林本地] (来自源7)
2025-12-13 16:18:34 - INFO - 更新 '柳河综合' [吉林本地] (来自源7)
2025-12-13 16:18:34 - INFO - 更新 '东丰综合' [吉林本地] (来自源7)
2025-12-13 16:18:34 - INFO - 更新 '辽宁都市' [辽宁本地] (来自源3)
2025-12-13 16:18:34 - INFO - 更新 '辽宁影视剧' [辽宁本地] (来自源3)
2025-12-13 16:18:34 - INFO - 更新 '辽宁体育休闲' [辽宁本地] (来自源3)
2025-12-13 16:18:34 - INFO - 更新 '辽宁生活' [辽宁本地] (来自源3)
2025-12-13 16:18:34 - INFO - 更新 '辽宁教育青少' [辽宁本地] (来自源3)
2025-12-13 16:18:35 - INFO - 更新 '辽宁北方' [辽宁本地] (来自源3)
2025-12-13 16:18:35 - INFO - 更新 '辽宁公共' [辽宁本地] (来自源3)
2025-12-13 16:18:35 - INFO - 更新 '辽宁经济' [辽宁本地] (来自源3)
2025-12-13 16:18:35 - INFO - 更新 '沈阳新闻综合' [辽宁本地] (来自源3)
2025-12-13 16:18:35 - INFO - 更新 '家有购物' [购物频道] (来自源3)
2025-12-13 16:18:35 - INFO - 更新 '央广购物' [购物频道] (来自源3)
2025-12-13 16:18:35 - INFO - 更新 '聚鲨环球精选' [购物频道] (来自源3)
2025-12-13 16:18:35 - INFO - 更新 '凤凰资讯' [凤凰卫视] (来自源2)
2025-12-13 16:18:35 - INFO - 更新 '凤凰中文' [凤凰卫视] (来自源2)
2025-12-13 16:18:35 - INFO - 更新 '凤凰中文' [凤凰卫视] (来自源2)
2025-12-13 16:18:35 - INFO - 更新 '凤凰香港' [凤凰卫视] (来自源2)
2025-12-13 16:18:35 - INFO - 更新 '凤凰香港' [凤凰卫视] (来自源2)
2025-12-13 16:18:35 - INFO - 更新 '翡翠台' [香港频道] (来自源2)
2025-12-13 16:18:35 - INFO - 更新 '翡翠台' [香港频道] (来自源2)
2025-12-13 16:18:35 - INFO - 更新 '明珠台' [香港频道] (来自源2)
2025-12-13 16:18:35 - INFO - 更新 '无线新闻' [香港频道] (来自源2)
2025-12-13 16:18:35 - INFO - 更新 '无线新闻' [香港频道] (来自源2)
2025-12-13 16:18:35 - INFO - 更新 '无线新闻' [香港频道] (来自源2)
2025-12-13 16:18:36 - INFO - 添加特殊分组: '12月14日06:30_NBA杯淘汰赛_尼克斯vs魔术 孔祥宇 殳海 炼炼' [连宇体育]
2025-12-13 16:18:36 - INFO - 添加特殊分组: '12月14日06:30_NBA杯淘汰赛_尼克斯vs魔术 英文原音' [连宇体育]
2025-12-13 16:18:36 - INFO - 添加特殊分组: '12月14日07:30_跑步_2025深圳南山半程马拉松' [连宇体育]
2025-12-13 16:18:36 - INFO - 添加特殊分组: '12月14日09:30_篮球直播节目_[早安Tip_Off]第53期 王猛 苏群 果果' [连宇体育]
2025-12-13 16:18:36 - INFO - 添加特殊分组: '12月14日10:00_NBA杯淘汰赛_马刺vs雷霆 王猛 苏群 果果' [连宇体育]
2025-12-13 16:18:36 - INFO - 添加特殊分组: '12月14日10:00_NBA杯淘汰赛_马刺vs雷霆 英文原音' [连宇体育]
2025-12-13 16:18:36 - INFO - 添加特殊分组: '12月14日11:00_高尔夫_2025中国职业高尔夫球巡回赛海峡杯厦门公开赛决赛轮' [连宇体育]
2025-12-13 16:18:36 - INFO - 添加特殊分组: '12月14日14:00_NBA经典赛_NBA常规赛精彩回顾：快船vs火箭' [连宇体育]
2025-12-13 16:18:36 - INFO - 添加特殊分组: '12月14日15:00_Jr. NBA_2025_26 Jr. NBA校园篮球联赛江苏站 主客场决赛' [连宇体育]
2025-12-13 16:18:36 - INFO - 添加特殊分组: '12月14日16:00_NBA经典赛_NBA常规赛精彩回顾：快船vs火箭' [连宇体育]
2025-12-13 16:18:36 - INFO - 添加特殊分组: '12月14日16:00_2025广东省足球超级联赛_决赛 深圳艺品高vs吴川青年' [连宇体育]
2025-12-13 16:18:36 - INFO - 添加特殊分组: '12月14日17:00_CHBL基层赛北京赛区男篮决赛G2_清华附中vs首师附中' [连宇体育]
2025-12-13 16:18:36 - INFO - 添加特殊分组: '12月14日17:00_东亚超级联赛_东亚超级联赛 桃园璞园领航猿vs澳门黑熊 王嘉琦' [连宇体育]
2025-12-13 16:18:36 - INFO - 添加特殊分组: '12月14日17:00_穿越火线CFS世界总决赛总决赛_AGvsSTS' [连宇体育]
2025-12-13 16:18:36 - INFO - 添加特殊分组: '12月14日18:00_NBA经典赛_NBA常规赛精彩回顾：尼克斯vs魔术' [连宇体育]
2025-12-13 16:18:36 - INFO - 添加特殊分组: '12月14日20:00_NBA经典赛_NBA常规赛精彩回顾：尼克斯vs魔术' [连宇体育]
2025-12-13 16:18:36 - INFO - 添加更新时间频道: 最后更新: 2025-12-14 00:18:36 (北京时间)
2025-12-13 16:18:36 - INFO - 文件更新完成，共处理 126 个频道
2025-12-13 16:18:36 - INFO - 已清理临时下载目录: downloaded_sources
2025-12-13 16:18:36 - INFO - ============================================================
2025-12-13 16:18:36 - INFO - 任务执行成功完成
2025-12-13 16:18:36 - INFO - 完成时间 (北京时间): 2025-12-14 00:18:36
2025-12-13 16:18:36 - INFO - 总耗时: 5.44 秒
2025-12-13 16:18:36 - INFO - 总计处理频道源: 2142 个
2025-12-13 16:18:36 - INFO - 日志文件: logs/tv_auto_update_20251213.log
2025-12-13 16:18:36 - INFO - ============================================================
