2025-12-19 08:41:44 - INFO - ============================================================
2025-12-19 08:41:44 - INFO - 开始执行直播源自动更新任务
2025-12-19 08:41:44 - INFO - 启动时间 (北京时间): 2025-12-19 16:41:44
2025-12-19 08:41:44 - INFO - ============================================================
2025-12-19 08:41:44 - INFO - 已加载配置，共有 11 个源地址
2025-12-19 08:41:44 - INFO - 已启用频道名称映射
2025-12-19 08:41:44 - INFO - 已启用港澳台规则: 从源9获取，统一分组为'港澳台频道'，匹配 15 个分组模式
2025-12-19 08:41:44 - INFO - 从目标文件中读取了 432 个待更新频道
2025-12-19 08:41:44 - INFO - 正在下载源 1: https://gyssi.link/iptv/chinaiptv/%E5%90%89%E6%9E%97%E7%9C%81.m3u...
2025-12-19 08:41:45 - INFO -   ✓ 成功下载源 1
2025-12-19 08:41:45 - INFO - 正在下载源 2: https://bc.188766.xyz/...
2025-12-19 08:41:45 - INFO -   ✓ 成功下载源 2
2025-12-19 08:41:45 - INFO - 正在下载源 3: https://gyssi.link/live/%E8%BE%BD%E5%AE%81.m3u...
2025-12-19 08:41:46 - INFO -   ✓ 成功下载源 3
2025-12-19 08:41:46 - INFO - 正在下载源 4: https://raw.githubusercontent.com/10000ge10000/iptv-api/refs/heads/master/output/user_result.m3u...
2025-12-19 08:41:46 - INFO -   ✓ 成功下载源 4
2025-12-19 08:41:46 - INFO - 正在下载源 5: https://bc.188766.xyz/...
2025-12-19 08:41:46 - INFO -   ✓ 成功下载源 5
2025-12-19 08:41:46 - INFO - 正在下载源 6: https://gyssi.link/iptv/chinaiptv/%E8%BE%BD%E5%AE%81%E7%9C%81.m3u...
2025-12-19 08:41:46 - INFO -   ✓ 成功下载源 6
2025-12-19 08:41:46 - INFO - 正在下载源 7: https://raw.githubusercontent.com/xiongjian83/TvBox/refs/heads/main/live.m3u...
2025-12-19 08:41:47 - INFO -   ✓ 成功下载源 7
2025-12-19 08:41:47 - INFO - 正在下载源 8: https://taoiptv.com/lives/22023.txt...
2025-12-19 08:41:47 - INFO -   ✓ 成功下载源 8
2025-12-19 08:41:47 - INFO - 正在下载源 9: http://rihou.cc:567/gggg.nzk...
2025-12-19 08:41:56 - INFO -   ✓ 成功下载源 9
2025-12-19 08:41:56 - INFO - 正在下载源 10: https://taoiptv.com/lives/21014.txt...
2025-12-19 08:41:57 - INFO -   ✓ 成功下载源 10
2025-12-19 08:41:57 - INFO - 正在下载源 11: https://taoiptv.com/lives/22023.txt...
2025-12-19 08:41:57 - INFO -   ✓ 成功下载源 11
2025-12-19 08:41:57 - INFO - 检测到源1为标准M3U格式
2025-12-19 08:41:57 - INFO - 从源1解析出 56 个频道
2025-12-19 08:41:57 - INFO - 检测到源2为标准M3U格式
2025-12-19 08:41:57 - INFO - 从源2解析出 313 个频道
2025-12-19 08:41:57 - INFO - 检测到源3为标准M3U格式
2025-12-19 08:41:57 - INFO - 从源3解析出 151 个频道
2025-12-19 08:41:57 - INFO - 检测到源4为标准M3U格式
2025-12-19 08:41:57 - INFO - 从源4解析出 186 个频道
2025-12-19 08:41:57 - INFO - 检测到源5为标准M3U格式
2025-12-19 08:41:57 - INFO - 从源5解析出 313 个频道
2025-12-19 08:41:57 - INFO - 检测到源6为标准M3U格式
2025-12-19 08:41:57 - INFO - 从源6解析出 66 个频道
2025-12-19 08:41:57 - INFO - 检测到源7为标准M3U格式
2025-12-19 08:41:57 - INFO - 从源7解析出 780 个频道
2025-12-19 08:41:57 - WARNING - 无法识别源8的格式，尝试标准解析
2025-12-19 08:41:57 - INFO - 从源8解析出 0 个频道
2025-12-19 08:41:57 - INFO - 检测到源9为简化格式，使用简化格式解析器
2025-12-19 08:41:57 - INFO - 开始解析简化格式文件 source_9_20251219.m3u，共 4216 行
2025-12-19 08:41:57 - INFO - 从简化格式中解析出 3198 个频道
2025-12-19 08:41:57 - INFO - 从源9解析出 3198 个频道
2025-12-19 08:41:57 - INFO - 检测到源10为简化格式，使用简化格式解析器
2025-12-19 08:41:57 - INFO - 开始解析简化格式文件 source_10_20251219.m3u，共 69 行
2025-12-19 08:41:57 - INFO - 从简化格式中解析出 60 个频道
2025-12-19 08:41:57 - INFO - 从源10解析出 60 个频道
2025-12-19 08:41:57 - INFO - 检测到源11为简化格式，使用简化格式解析器
2025-12-19 08:41:57 - INFO - 开始解析简化格式文件 source_11_20251219.m3u，共 403 行
2025-12-19 08:41:57 - INFO - 从简化格式中解析出 167 个频道
2025-12-19 08:41:57 - INFO - 从源11解析出 167 个频道
2025-12-19 08:41:57 - INFO - 从源2找到 37 个'冰茶体育'频道，将重命名为'连宇体育'
2025-12-19 08:41:57 - INFO - 开始解析源文件: source_4_20251219.m3u，共 374 行
2025-12-19 08:41:57 - INFO - 从文件 source_4_20251219.m3u 解析出 0 个咪咕体育频道
2025-12-19 08:41:57 - INFO - 从源9提取到 0 个港澳台频道，统一分组为'港澳台频道'
2025-12-19 08:41:57 - INFO - 去重后港澳台频道数量: 0
2025-12-19 08:41:57 - INFO - 开始更新目标文件 index.html ...
2025-12-19 08:41:57 - INFO - 更新 'CCTV1-综合' [央视吉林] (来自源1)
2025-12-19 08:41:57 - INFO - 更新 'CCTV2-财经' [央视吉林] (来自源6)
2025-12-19 08:41:57 - INFO - 更新 'CCTV3-综艺' [央视吉林] (来自源6)
2025-12-19 08:41:57 - INFO - 更新 'CCTV4-国际' [央视吉林] (来自源6)
2025-12-19 08:41:57 - INFO - 更新 'CCTV5-体育' [央视吉林] (来自源6)
2025-12-19 08:41:57 - INFO - 更新 'CCTV6-电影' [央视吉林] (来自源6)
2025-12-19 08:41:57 - INFO - 更新 'CCTV8-电视剧' [央视吉林] (来自源6)
2025-12-19 08:41:58 - INFO - 更新 'CCTV9-纪录' [央视吉林] (来自源6)
2025-12-19 08:41:58 - INFO - 更新 'CCTV10-科教' [央视吉林] (来自源6)
2025-12-19 08:41:58 - INFO - 更新 'CCTV11-戏曲' [央视吉林] (来自源6)
2025-12-19 08:41:58 - INFO - 更新 'CCTV12-社会与法' [央视吉林] (来自源6)
2025-12-19 08:41:58 - INFO - 更新 'CCTV13-新闻' [央视吉林] (来自源6)
2025-12-19 08:41:58 - INFO - 更新 'CCTV5+体育赛事' [央视吉林] (来自源3)
2025-12-19 08:41:58 - INFO - 更新 '央视文化精品' [央视付费频道] (来自源3)
2025-12-19 08:41:58 - INFO - 更新 '央视台球' [央视付费频道] (来自源3)
2025-12-19 08:41:58 - INFO - 更新 '风云音乐' [央视付费频道] (来自源3)
2025-12-19 08:41:58 - INFO - 更新 '第一剧场' [央视付费频道] (来自源3)
2025-12-19 08:41:58 - INFO - 更新 '风云剧场' [央视付费频道] (来自源3)
2025-12-19 08:41:58 - INFO - 更新 '怀旧剧场' [央视付费频道] (来自源3)
2025-12-19 08:41:58 - INFO - 更新 '女性时尚' [央视付费频道] (来自源3)
2025-12-19 08:41:58 - INFO - 更新 '风云足球' [央视付费频道] (来自源3)
2025-12-19 08:41:58 - INFO - 更新 '兵器科技' [央视付费频道] (来自源3)
2025-12-19 08:41:59 - INFO - 更新 '广东卫视' [卫视频道] (来自源1)
2025-12-19 08:41:59 - INFO - 更新 '浙江卫视' [卫视频道] (来自源1)
2025-12-19 08:41:59 - INFO - 更新 '湖南卫视' [卫视频道] (来自源1)
2025-12-19 08:41:59 - INFO - 更新 '快乐垂钓' [卫视频道] (来自源3)
2025-12-19 08:41:59 - INFO - 更新 '北京卫视' [卫视频道] (来自源1)
2025-12-19 08:41:59 - INFO - 更新 '湖北卫视' [卫视频道] (来自源1)
2025-12-19 08:41:59 - INFO - 更新 '黑龙江卫视' [卫视频道] (来自源1)
2025-12-19 08:41:59 - INFO - 更新 '安徽卫视' [卫视频道] (来自源1)
2025-12-19 08:41:59 - INFO - 更新 '重庆卫视' [卫视频道] (来自源1)
2025-12-19 08:41:59 - INFO - 更新 '东方卫视' [卫视频道] (来自源1)
2025-12-19 08:41:59 - INFO - 更新 '东南卫视' [卫视频道] (来自源1)
2025-12-19 08:41:59 - INFO - 更新 '甘肃卫视' [卫视频道] (来自源3)
2025-12-19 08:41:59 - INFO - 更新 '广西卫视' [卫视频道] (来自源3)
2025-12-19 08:41:59 - INFO - 更新 '贵州卫视' [卫视频道] (来自源3)
2025-12-19 08:41:59 - INFO - 更新 '海南卫视' [卫视频道] (来自源1)
2025-12-19 08:41:59 - INFO - 更新 '河北卫视' [卫视频道] (来自源1)
2025-12-19 08:41:59 - INFO - 更新 '河南卫视' [卫视频道] (来自源1)
2025-12-19 08:41:59 - INFO - 更新 '吉林卫视' [卫视频道] (来自源1)
2025-12-19 08:41:59 - INFO - 更新 '江苏卫视' [卫视频道] (来自源1)
2025-12-19 08:41:59 - INFO - 更新 '江西卫视' [卫视频道] (来自源1)
2025-12-19 08:41:59 - INFO - 更新 '辽宁卫视' [卫视频道] (来自源1)
2025-12-19 08:41:59 - INFO - 更新 '内蒙古卫视' [卫视频道] (来自源2)
2025-12-19 08:41:59 - INFO - 更新 '宁夏卫视' [卫视频道] (来自源3)
2025-12-19 08:41:59 - INFO - 更新 '青海卫视' [卫视频道] (来自源2)
2025-12-19 08:41:59 - INFO - 更新 '山东卫视' [卫视频道] (来自源1)
2025-12-19 08:41:59 - INFO - 更新 '山西卫视' [卫视频道] (来自源1)
2025-12-19 08:41:59 - INFO - 更新 '陕西卫视' [卫视频道] (来自源1)
2025-12-19 08:41:59 - INFO - 更新 '四川卫视' [卫视频道] (来自源1)
2025-12-19 08:41:59 - INFO - 更新 '深圳卫视' [卫视频道] (来自源1)
2025-12-19 08:41:59 - INFO - 更新 '三沙卫视' [卫视频道] (来自源1)
2025-12-19 08:41:59 - INFO - 更新 '天津卫视' [卫视频道] (来自源1)
2025-12-19 08:41:59 - INFO - 更新 '西藏卫视' [卫视频道] (来自源3)
2025-12-19 08:41:59 - INFO - 更新 '新疆卫视' [卫视频道] (来自源3)
2025-12-19 08:41:59 - INFO - 更新 '云南卫视' [卫视频道] (来自源1)
2025-12-19 08:41:59 - INFO - 更新 '兵团卫视' [卫视频道] (来自源2)
2025-12-19 08:41:59 - INFO - 更新 'CETV2' [卫视频道] (来自源3)
2025-12-19 08:41:59 - INFO - 更新 'CETV4' [卫视频道] (来自源3)
2025-12-19 08:41:59 - INFO - 更新 '中国交通' [卫视频道] (来自源11)
2025-12-19 08:41:59 - INFO - 更新 '乐游' [卫视频道] (来自源3)
2025-12-19 08:41:59 - INFO - 更新 '金色学堂' [卫视频道] (来自源3)
2025-12-19 08:41:59 - INFO - 更新 '生活时尚' [卫视频道] (来自源3)
2025-12-19 08:41:59 - INFO - 更新 '茶频道' [卫视频道] (来自源11)
2025-12-19 08:41:59 - INFO - 更新 '吉林卫视' [吉林本地] (来自源1)
2025-12-19 08:41:59 - INFO - 更新 '吉视都市' [吉林本地] (来自源1)
2025-12-19 08:41:59 - INFO - 更新 '吉视乡村' [吉林本地] (来自源1)
2025-12-19 08:41:59 - INFO - 更新 '吉视生活' [吉林本地] (来自源1)
2025-12-19 08:41:59 - INFO - 更新 '吉视综艺' [吉林本地] (来自源1)
2025-12-19 08:41:59 - INFO - 更新 '吉视影视' [吉林本地] (来自源1)
2025-12-19 08:41:59 - INFO - 更新 '吉林教育' [吉林本地] (来自源11)
2025-12-19 08:41:59 - INFO - 更新 '长影频道' [吉林本地] (来自源1)
2025-12-19 08:42:00 - INFO - 更新 '长春综合' [吉林本地] (来自源11)
2025-12-19 08:42:00 - INFO - 更新 '长春文旅体育' [吉林本地] (来自源11)
2025-12-19 08:42:00 - INFO - 更新 '长春市民生活' [吉林本地] (来自源11)
2025-12-19 08:42:00 - INFO - 更新 '吉林新闻' [吉林本地] (来自源11)
2025-12-19 08:42:00 - INFO - 更新 '吉林公共' [吉林本地] (来自源11)
2025-12-19 08:42:00 - INFO - 更新 '舒兰新闻' [吉林本地] (来自源11)
2025-12-19 08:42:00 - INFO - 更新 '通化1' [吉林本地] (来自源11)
2025-12-19 08:42:00 - INFO - 更新 '通化3' [吉林本地] (来自源11)
2025-12-19 08:42:00 - INFO - 更新 '白山公共1' [吉林本地] (来自源11)
2025-12-19 08:42:01 - INFO - 更新 '白山公共2' [吉林本地] (来自源11)
2025-12-19 08:42:01 - INFO - 更新 '四平1' [吉林本地] (来自源11)
2025-12-19 08:42:01 - INFO - 更新 '四平2' [吉林本地] (来自源11)
2025-12-19 08:42:01 - INFO - 更新 '白城公共' [吉林本地] (来自源11)
2025-12-19 08:42:01 - INFO - 更新 '镇赉综合' [吉林本地] (来自源11)
2025-12-19 08:42:01 - INFO - 更新 '大安新闻' [吉林本地] (来自源11)
2025-12-19 08:42:01 - INFO - 更新 '乾安综合' [吉林本地] (来自源11)
2025-12-19 08:42:02 - INFO - 更新 '前郭TV1' [吉林本地] (来自源11)
2025-12-19 08:42:02 - INFO - 更新 '延边卫视' [吉林本地] (来自源3)
2025-12-19 08:42:02 - INFO - 更新 '吉林延边1' [吉林本地] (来自源11)
2025-12-19 08:42:02 - INFO - 更新 '吉林延边2' [吉林本地] (来自源11)
2025-12-19 08:42:02 - INFO - 更新 '吉林延吉' [吉林本地] (来自源11)
2025-12-19 08:42:02 - INFO - 更新 '集安综合' [吉林本地] (来自源11)
2025-12-19 08:42:02 - INFO - 更新 '吉林汪清' [吉林本地] (来自源11)
2025-12-19 08:42:02 - INFO - 更新 '吉林图们' [吉林本地] (来自源11)
2025-12-19 08:42:02 - INFO - 更新 '吉林梅河口' [吉林本地] (来自源11)
2025-12-19 08:42:03 - INFO - 更新 '农安新闻' [吉林本地] (来自源11)
2025-12-19 08:42:03 - INFO - 更新 '辽源公共' [吉林本地] (来自源11)
2025-12-19 08:42:03 - INFO - 更新 '吉林洮南' [吉林本地] (来自源11)
2025-12-19 08:42:03 - INFO - 更新 '吉林抚松' [吉林本地] (来自源11)
2025-12-19 08:42:03 - INFO - 更新 '吉林临江' [吉林本地] (来自源11)
2025-12-19 08:42:03 - INFO - 更新 '吉林松原' [吉林本地] (来自源11)
2025-12-19 08:42:03 - INFO - 更新 '吉林通榆' [吉林本地] (来自源11)
2025-12-19 08:42:03 - INFO - 更新 '吉林扶余' [吉林本地] (来自源11)
2025-12-19 08:42:03 - INFO - 更新 '吉林蛟河' [吉林本地] (来自源11)
2025-12-19 08:42:03 - INFO - 更新 '吉林磐石' [吉林本地] (来自源11)
2025-12-19 08:42:03 - INFO - 更新 '吉林双辽' [吉林本地] (来自源11)
2025-12-19 08:42:03 - INFO - 更新 '吉林伊通' [吉林本地] (来自源11)
2025-12-19 08:42:04 - INFO - 更新 '公主岭综合' [吉林本地] (来自源11)
2025-12-19 08:42:04 - INFO - 更新 '梨树新闻' [吉林本地] (来自源11)
2025-12-19 08:42:04 - INFO - 更新 '柳河综合' [吉林本地] (来自源11)
2025-12-19 08:42:04 - INFO - 更新 '东丰综合' [吉林本地] (来自源11)
2025-12-19 08:42:04 - INFO - 更新 '辽宁卫视' [辽宁本地] (来自源1)
2025-12-19 08:42:08 - INFO - 更新 '中天新闻欣赏' [港澳台] (来自源9)
2025-12-19 08:42:08 - INFO - 更新 '中天新闻欣赏' [港澳台] (来自源9)
2025-12-19 08:42:08 - INFO - 更新 '中天新闻欣赏' [港澳台] (来自源9)
2025-12-19 08:42:08 - INFO - 更新 'tvbS闽南欣赏' [港澳台] (来自源9)
2025-12-19 08:42:12 - INFO - 添加特殊分组: '12月19日03:55欧协联_洛桑vs佛罗伦萨' [连宇体育]
2025-12-19 08:42:12 - INFO - 添加特殊分组: '12月19日03:55欧协联_水晶宫vs古比斯' [连宇体育]
2025-12-19 08:42:12 - INFO - 添加特殊分组: '12月19日08:00_NBA常规赛_老鹰vs黄蜂 丁楠' [连宇体育]
2025-12-19 08:42:12 - INFO - 添加特殊分组: '12月19日08:00_NBA常规赛_老鹰vs黄蜂 英文原音' [连宇体育]
2025-12-19 08:42:12 - INFO - 添加特殊分组: '12月19日08:00_NBA常规赛_尼克斯vs步行者 金浩霆' [连宇体育]
2025-12-19 08:42:12 - INFO - 添加特殊分组: '12月19日08:00_NBA常规赛_尼克斯vs步行者 英文原音' [连宇体育]
2025-12-19 08:42:12 - INFO - 添加特殊分组: '12月19日08:30_NBA常规赛_热火vs篮网 胡鹤明' [连宇体育]
2025-12-19 08:42:12 - INFO - 添加特殊分组: '12月19日08:30_NBA常规赛_热火vs篮网 英文原音' [连宇体育]
2025-12-19 08:42:12 - INFO - 添加特殊分组: '12月19日09:00_NBA常规赛_快船vs雷霆 孔祥宇 苏群 婧雯' [连宇体育]
2025-12-19 08:42:12 - INFO - 添加特殊分组: '12月19日09:00_NBA常规赛_快船vs雷霆 英文原音' [连宇体育]
2025-12-19 08:42:12 - INFO - 添加特殊分组: '12月19日09:00_NBA常规赛_奇才vs马刺 寇逸豪' [连宇体育]
2025-12-19 08:42:12 - INFO - 添加特殊分组: '12月19日09:00_NBA常规赛_奇才vs马刺 英文原音' [连宇体育]
2025-12-19 08:42:12 - INFO - 添加特殊分组: '12月19日09:00_NBA常规赛_猛龙vs雄鹿 孔德昕' [连宇体育]
2025-12-19 08:42:12 - INFO - 添加特殊分组: '12月19日09:00_NBA常规赛_猛龙vs雄鹿 英文原音' [连宇体育]
2025-12-19 08:42:12 - INFO - 添加特殊分组: '12月19日09:00_NBA常规赛_火箭vs鹈鹕 王子星 管维佳' [连宇体育]
2025-12-19 08:42:12 - INFO - 添加特殊分组: '12月19日09:00_NBA常规赛_火箭vs鹈鹕 英文原音' [连宇体育]
2025-12-19 08:42:12 - INFO - 添加特殊分组: '12月19日09:15_NFL常规赛_公羊vs海鹰 邢天宇 萧深' [连宇体育]
2025-12-19 08:42:12 - INFO - 添加特殊分组: '12月19日09:15_NFL常规赛_公羊vs海鹰 英文原音' [连宇体育]
2025-12-19 08:42:12 - INFO - 添加特殊分组: '12月19日09:30_篮球直播节目_[早安Tip_Off]第58期 王嘉琦 殳海 泱泱' [连宇体育]
2025-12-19 08:42:12 - INFO - 添加特殊分组: '12月19日09:30_NBA常规赛_活塞vs独行侠 段冉' [连宇体育]
2025-12-19 08:42:12 - INFO - 添加特殊分组: '12月19日09:30_NBA常规赛_活塞vs独行侠 英文原音' [连宇体育]
2025-12-19 08:42:12 - INFO - 添加特殊分组: '12月19日10:00_NBA常规赛_魔术vs掘金 郑诚' [连宇体育]
2025-12-19 08:42:12 - INFO - 添加特殊分组: '12月19日10:00_NBA常规赛_魔术vs掘金 英文原音' [连宇体育]
2025-12-19 08:42:12 - INFO - 添加特殊分组: '12月19日10:00_NBA常规赛_勇士vs太阳 柯凡 王仕鹏 辰辰' [连宇体育]
2025-12-19 08:42:12 - INFO - 添加特殊分组: '12月19日10:00_NBA常规赛_勇士vs太阳 二路_皓篮球' [连宇体育]
2025-12-19 08:42:12 - INFO - 添加特殊分组: '12月19日10:00_NBA常规赛_勇士vs太阳 英文原音' [连宇体育]
2025-12-19 08:42:12 - INFO - 添加特殊分组: '12月19日10:00_NBA常规赛_湖人vs爵士 王嘉琦 殳海 泱泱' [连宇体育]
2025-12-19 08:42:12 - INFO - 添加特殊分组: '12月19日10:00_NBA常规赛_湖人vs爵士 英文原音' [连宇体育]
2025-12-19 08:42:12 - INFO - 添加特殊分组: '12月19日10:30_高尔夫_2025中国巡回赛锦标赛第二轮' [连宇体育]
2025-12-19 08:42:12 - INFO - 添加特殊分组: '12月19日11:00_NBA常规赛_国王vs开拓者 刘乘源 李克' [连宇体育]
2025-12-19 08:42:12 - INFO - 添加特殊分组: '12月19日11:00_NBA常规赛_国王vs开拓者 英文原音' [连宇体育]
2025-12-19 08:42:12 - INFO - 添加特殊分组: '12月19日14:00_NBA经典赛_NBA常规赛精彩回顾：火箭vs鹈鹕' [连宇体育]
2025-12-19 08:42:12 - INFO - 添加特殊分组: '12月19日14:00_无畏契约源能亚洲邀请赛_无畏契约源能亚洲邀请赛排位赛Day2' [连宇体育]
2025-12-19 08:42:12 - INFO - 添加特殊分组: '12月19日14:00_王者荣耀挑战者杯_2025王者荣耀挑战者杯Day9' [连宇体育]
2025-12-19 08:42:12 - INFO - 添加特殊分组: '12月19日16:00_NBA经典赛_NBA常规赛精彩回顾：火箭vs鹈鹕' [连宇体育]
2025-12-19 08:42:12 - INFO - 添加特殊分组: '12月19日18:00_NBA经典赛_NBA常规赛精彩回顾：湖人vs爵士' [连宇体育]
2025-12-19 08:42:12 - INFO - 添加特殊分组: '12月19日20:00_NBA经典赛_NBA常规赛精彩回顾：湖人vs爵士' [连宇体育]
2025-12-19 08:42:12 - INFO - 添加更新时间频道: 最后更新: 2025-12-19 16:42:12 (北京时间)
2025-12-19 08:42:12 - INFO - 文件更新完成，共处理 155 个频道
2025-12-19 08:42:12 - INFO - 已清理临时下载目录: downloaded_sources
2025-12-19 08:42:12 - INFO - ============================================================
2025-12-19 08:42:12 - INFO - 任务执行成功完成
2025-12-19 08:42:12 - INFO - 完成时间 (北京时间): 2025-12-19 16:42:12
2025-12-19 08:42:12 - INFO - 总耗时: 27.82 秒
2025-12-19 08:42:12 - INFO - 总计处理频道源: 5290 个
2025-12-19 08:42:12 - INFO - 日志文件: logs/tv_auto_update_20251219.log
2025-12-19 08:42:12 - INFO - ============================================================
2025-12-19 09:33:27 - INFO - ============================================================
2025-12-19 09:33:27 - INFO - 开始执行直播源自动更新任务
2025-12-19 09:33:27 - INFO - 启动时间 (北京时间): 2025-12-19 17:33:27
2025-12-19 09:33:27 - INFO - ============================================================
2025-12-19 09:33:27 - INFO - 已加载配置，共有 11 个源地址
2025-12-19 09:33:27 - INFO - 已启用频道名称映射
2025-12-19 09:33:27 - INFO - 已启用港澳台规则: 从源9获取，统一分组为'港澳台频道'，匹配 15 个分组模式
2025-12-19 09:33:27 - INFO - 从目标文件中读取了 434 个待更新频道
2025-12-19 09:33:27 - INFO - 正在下载源 1: https://gyssi.link/iptv/chinaiptv/%E5%90%89%E6%9E%97%E7%9C%81.m3u...
2025-12-19 09:33:28 - INFO -   ✓ 成功下载源 1
2025-12-19 09:33:28 - INFO - 正在下载源 2: https://bc.188766.xyz/...
2025-12-19 09:33:28 - INFO -   ✓ 成功下载源 2
2025-12-19 09:33:28 - INFO - 正在下载源 3: https://gyssi.link/live/%E8%BE%BD%E5%AE%81.m3u...
2025-12-19 09:33:29 - INFO -   ✓ 成功下载源 3
2025-12-19 09:33:29 - INFO - 正在下载源 4: https://raw.githubusercontent.com/10000ge10000/iptv-api/refs/heads/master/output/user_result.m3u...
2025-12-19 09:33:29 - INFO -   ✓ 成功下载源 4
2025-12-19 09:33:29 - INFO - 正在下载源 5: https://bc.188766.xyz/...
2025-12-19 09:33:30 - INFO -   ✓ 成功下载源 5
2025-12-19 09:33:30 - INFO - 正在下载源 6: https://gyssi.link/iptv/chinaiptv/%E8%BE%BD%E5%AE%81%E7%9C%81.m3u...
2025-12-19 09:33:30 - INFO -   ✓ 成功下载源 6
2025-12-19 09:33:30 - INFO - 正在下载源 7: https://raw.githubusercontent.com/xiongjian83/TvBox/refs/heads/main/live.m3u...
2025-12-19 09:33:30 - INFO -   ✓ 成功下载源 7
2025-12-19 09:33:30 - INFO - 正在下载源 8: https://taoiptv.com/lives/22023.txt...
2025-12-19 09:33:31 - INFO -   ✓ 成功下载源 8
2025-12-19 09:33:31 - INFO - 正在下载源 9: http://rihou.cc:567/gggg.nzk...
2025-12-19 09:33:36 - INFO -   ✓ 成功下载源 9
2025-12-19 09:33:36 - INFO - 正在下载源 10: https://taoiptv.com/lives/21014.txt...
2025-12-19 09:33:37 - INFO -   ✓ 成功下载源 10
2025-12-19 09:33:37 - INFO - 正在下载源 11: https://taoiptv.com/lives/22023.txt...
2025-12-19 09:33:38 - INFO -   ✓ 成功下载源 11
2025-12-19 09:33:38 - INFO - 检测到源1为标准M3U格式
2025-12-19 09:33:38 - INFO - 从源1解析出 102 个频道
2025-12-19 09:33:38 - INFO - 检测到源2为标准M3U格式
2025-12-19 09:33:38 - INFO - 从源2解析出 313 个频道
2025-12-19 09:33:38 - INFO - 检测到源3为标准M3U格式
2025-12-19 09:33:38 - INFO - 从源3解析出 151 个频道
2025-12-19 09:33:38 - INFO - 检测到源4为标准M3U格式
2025-12-19 09:33:38 - INFO - 从源4解析出 186 个频道
2025-12-19 09:33:38 - INFO - 检测到源5为标准M3U格式
2025-12-19 09:33:38 - INFO - 从源5解析出 313 个频道
2025-12-19 09:33:38 - INFO - 检测到源6为标准M3U格式
2025-12-19 09:33:38 - INFO - 从源6解析出 66 个频道
2025-12-19 09:33:38 - INFO - 检测到源7为标准M3U格式
2025-12-19 09:33:38 - INFO - 从源7解析出 780 个频道
2025-12-19 09:33:38 - WARNING - 无法识别源8的格式，尝试标准解析
2025-12-19 09:33:38 - INFO - 从源8解析出 0 个频道
2025-12-19 09:33:38 - INFO - 检测到源9为简化格式，使用简化格式解析器
2025-12-19 09:33:38 - INFO - 开始解析简化格式文件 source_9_20251219.m3u，共 4403 行
2025-12-19 09:33:38 - INFO - 从简化格式中解析出 3289 个频道
2025-12-19 09:33:38 - INFO - 从源9解析出 3289 个频道
2025-12-19 09:33:38 - INFO - 检测到源10为简化格式，使用简化格式解析器
2025-12-19 09:33:38 - INFO - 开始解析简化格式文件 source_10_20251219.m3u，共 69 行
2025-12-19 09:33:38 - INFO - 从简化格式中解析出 60 个频道
2025-12-19 09:33:38 - INFO - 从源10解析出 60 个频道
2025-12-19 09:33:38 - INFO - 检测到源11为简化格式，使用简化格式解析器
2025-12-19 09:33:38 - INFO - 开始解析简化格式文件 source_11_20251219.m3u，共 403 行
2025-12-19 09:33:38 - INFO - 从简化格式中解析出 167 个频道
2025-12-19 09:33:38 - INFO - 从源11解析出 167 个频道
2025-12-19 09:33:38 - INFO - 从源2找到 37 个'冰茶体育'频道，将重命名为'连宇体育'
2025-12-19 09:33:38 - INFO - 开始解析源文件: source_4_20251219.m3u，共 374 行
2025-12-19 09:33:38 - INFO - 从文件 source_4_20251219.m3u 解析出 0 个咪咕体育频道
2025-12-19 09:33:38 - INFO - 从源9提取到 0 个港澳台频道，统一分组为'港澳台频道'
2025-12-19 09:33:38 - INFO - 去重后港澳台频道数量: 0
2025-12-19 09:33:38 - INFO - 开始更新目标文件 index.html ...
2025-12-19 09:33:38 - INFO - 更新 'CCTV1-综合' [央视吉林] (来自源1)
2025-12-19 09:33:38 - INFO - 更新 'CCTV2-财经' [央视吉林] (来自源1)
2025-12-19 09:33:38 - INFO - 更新 'CCTV3-综艺' [央视吉林] (来自源1)
2025-12-19 09:33:38 - INFO - 更新 'CCTV4-国际' [央视吉林] (来自源1)
2025-12-19 09:33:38 - INFO - 更新 'CCTV5-体育' [央视吉林] (来自源1)
2025-12-19 09:33:38 - INFO - 更新 'CCTV6-电影' [央视吉林] (来自源1)
2025-12-19 09:33:38 - INFO - 更新 'CCTV7-国防军事' [央视吉林] (来自源1)
2025-12-19 09:33:38 - INFO - 更新 'CCTV8-电视剧' [央视吉林] (来自源1)
2025-12-19 09:33:38 - INFO - 更新 'CCTV9-纪录' [央视吉林] (来自源1)
2025-12-19 09:33:38 - INFO - 更新 'CCTV10-科教' [央视吉林] (来自源1)
2025-12-19 09:33:38 - INFO - 更新 'CCTV11-戏曲' [央视吉林] (来自源1)
2025-12-19 09:33:38 - INFO - 更新 'CCTV12-社会与法' [央视吉林] (来自源1)
2025-12-19 09:33:38 - INFO - 更新 'CCTV13-新闻' [央视吉林] (来自源1)
2025-12-19 09:33:38 - INFO - 更新 'CCTV14-少儿' [央视吉林] (来自源1)
2025-12-19 09:33:38 - INFO - 更新 'CCTV15-音乐' [央视吉林] (来自源1)
2025-12-19 09:33:38 - INFO - 更新 'CCTV17-农业农村' [央视吉林] (来自源1)
2025-12-19 09:33:38 - INFO - 更新 'CCTV5+体育赛事' [央视吉林] (来自源1)
2025-12-19 09:33:38 - INFO - 更新 '央视文化精品' [央视付费频道] (来自源1)
2025-12-19 09:33:38 - INFO - 更新 '央视台球' [央视付费频道] (来自源1)
2025-12-19 09:33:38 - INFO - 更新 '风云音乐' [央视付费频道] (来自源1)
2025-12-19 09:33:38 - INFO - 更新 '第一剧场' [央视付费频道] (来自源1)
2025-12-19 09:33:38 - INFO - 更新 '风云剧场' [央视付费频道] (来自源1)
2025-12-19 09:33:38 - INFO - 更新 '怀旧剧场' [央视付费频道] (来自源1)
2025-12-19 09:33:38 - INFO - 更新 '女性时尚' [央视付费频道] (来自源1)
2025-12-19 09:33:38 - INFO - 更新 '高尔夫' [央视付费频道] (来自源1)
2025-12-19 09:33:38 - INFO - 更新 '风云足球' [央视付费频道] (来自源1)
2025-12-19 09:33:38 - INFO - 更新 '兵器科技' [央视付费频道] (来自源1)
2025-12-19 09:33:38 - INFO - 更新 '卫生健康' [央视付费频道] (来自源1)
2025-12-19 09:33:38 - INFO - 更新 '电视指南' [央视付费频道] (来自源1)
2025-12-19 09:33:38 - INFO - 更新 '广东卫视' [卫视频道] (来自源1)
2025-12-19 09:33:38 - INFO - 更新 '浙江卫视' [卫视频道] (来自源1)
2025-12-19 09:33:38 - INFO - 更新 '湖南卫视' [卫视频道] (来自源1)
2025-12-19 09:33:38 - INFO - 更新 '金鹰纪实高清' [卫视频道] (来自源1)
2025-12-19 09:33:38 - INFO - 更新 '快乐垂钓' [卫视频道] (来自源1)
2025-12-19 09:33:38 - INFO - 更新 '北京卫视' [卫视频道] (来自源1)
2025-12-19 09:33:38 - INFO - 更新 '湖北卫视' [卫视频道] (来自源1)
2025-12-19 09:33:38 - INFO - 更新 '黑龙江卫视' [卫视频道] (来自源1)
2025-12-19 09:33:38 - INFO - 更新 '安徽卫视' [卫视频道] (来自源1)
2025-12-19 09:33:38 - INFO - 更新 '重庆卫视' [卫视频道] (来自源1)
2025-12-19 09:33:38 - INFO - 更新 '东方卫视' [卫视频道] (来自源1)
2025-12-19 09:33:38 - INFO - 更新 '东南卫视' [卫视频道] (来自源1)
2025-12-19 09:33:38 - INFO - 更新 '甘肃卫视' [卫视频道] (来自源1)
2025-12-19 09:33:38 - INFO - 更新 '广西卫视' [卫视频道] (来自源1)
2025-12-19 09:33:38 - INFO - 更新 '贵州卫视' [卫视频道] (来自源1)
2025-12-19 09:33:38 - INFO - 更新 '海南卫视' [卫视频道] (来自源1)
2025-12-19 09:33:38 - INFO - 更新 '河北卫视' [卫视频道] (来自源1)
2025-12-19 09:33:38 - INFO - 更新 '河南卫视' [卫视频道] (来自源1)
2025-12-19 09:33:38 - INFO - 更新 '吉林卫视' [卫视频道] (来自源1)
2025-12-19 09:33:38 - INFO - 更新 '江苏卫视' [卫视频道] (来自源1)
2025-12-19 09:33:38 - INFO - 更新 '江西卫视' [卫视频道] (来自源1)
2025-12-19 09:33:38 - INFO - 更新 '辽宁卫视' [卫视频道] (来自源1)
2025-12-19 09:33:38 - INFO - 更新 '内蒙古卫视' [卫视频道] (来自源1)
2025-12-19 09:33:38 - INFO - 更新 '宁夏卫视' [卫视频道] (来自源1)
2025-12-19 09:33:38 - INFO - 更新 '青海卫视' [卫视频道] (来自源1)
2025-12-19 09:33:38 - INFO - 更新 '山东卫视' [卫视频道] (来自源1)
2025-12-19 09:33:38 - INFO - 更新 '山西卫视' [卫视频道] (来自源1)
2025-12-19 09:33:38 - INFO - 更新 '陕西卫视' [卫视频道] (来自源1)
2025-12-19 09:33:38 - INFO - 更新 '四川卫视' [卫视频道] (来自源1)
2025-12-19 09:33:38 - INFO - 更新 '深圳卫视' [卫视频道] (来自源1)
2025-12-19 09:33:38 - INFO - 更新 '三沙卫视' [卫视频道] (来自源1)
2025-12-19 09:33:38 - INFO - 更新 '天津卫视' [卫视频道] (来自源1)
2025-12-19 09:33:38 - INFO - 更新 '西藏卫视' [卫视频道] (来自源1)
2025-12-19 09:33:38 - INFO - 更新 '新疆卫视' [卫视频道] (来自源1)
2025-12-19 09:33:38 - INFO - 更新 '云南卫视' [卫视频道] (来自源1)
2025-12-19 09:33:38 - INFO - 更新 '兵团卫视' [卫视频道] (来自源1)
2025-12-19 09:33:38 - INFO - 更新 'CETV1' [卫视频道] (来自源1)
2025-12-19 09:33:38 - INFO - 更新 'CETV2' [卫视频道] (来自源1)
2025-12-19 09:33:38 - INFO - 更新 'CETV4' [卫视频道] (来自源1)
2025-12-19 09:33:38 - INFO - 更新 '中国交通' [卫视频道] (来自源1)
2025-12-19 09:33:38 - INFO - 更新 '乐游' [卫视频道] (来自源1)
2025-12-19 09:33:38 - INFO - 更新 '法制天地' [卫视频道] (来自源1)
2025-12-19 09:33:38 - INFO - 更新 '金色学堂' [卫视频道] (来自源1)
2025-12-19 09:33:38 - INFO - 更新 '生活时尚' [卫视频道] (来自源1)
2025-12-19 09:33:38 - INFO - 更新 '都市时尚' [卫视频道] (来自源1)
2025-12-19 09:33:38 - INFO - 更新 '茶频道' [卫视频道] (来自源1)
2025-12-19 09:33:38 - INFO - 更新 '吉林卫视' [吉林本地] (来自源1)
2025-12-19 09:33:38 - INFO - 更新 '吉视都市' [吉林本地] (来自源1)
2025-12-19 09:33:38 - INFO - 更新 '吉视乡村' [吉林本地] (来自源1)
2025-12-19 09:33:38 - INFO - 更新 '吉视生活' [吉林本地] (来自源1)
2025-12-19 09:33:38 - INFO - 更新 '吉视综艺' [吉林本地] (来自源1)
2025-12-19 09:33:38 - INFO - 更新 '吉视影视' [吉林本地] (来自源1)
2025-12-19 09:33:38 - INFO - 更新 '吉林教育' [吉林本地] (来自源1)
2025-12-19 09:33:38 - INFO - 更新 '长影频道' [吉林本地] (来自源1)
2025-12-19 09:33:40 - INFO - 更新 '松原公共' [吉林本地] (来自源1)
2025-12-19 09:33:40 - INFO - 更新 '延边卫视' [吉林本地] (来自源1)
2025-12-19 09:33:42 - INFO - 更新 '辽宁卫视' [辽宁本地] (来自源1)
2025-12-19 09:33:51 - INFO - 添加特殊分组: '12月19日03:55欧协联_洛桑vs佛罗伦萨' [连宇体育]
2025-12-19 09:33:51 - INFO - 添加特殊分组: '12月19日03:55欧协联_水晶宫vs古比斯' [连宇体育]
2025-12-19 09:33:51 - INFO - 添加特殊分组: '12月19日08:00_NBA常规赛_老鹰vs黄蜂 丁楠' [连宇体育]
2025-12-19 09:33:51 - INFO - 添加特殊分组: '12月19日08:00_NBA常规赛_老鹰vs黄蜂 英文原音' [连宇体育]
2025-12-19 09:33:51 - INFO - 添加特殊分组: '12月19日08:00_NBA常规赛_尼克斯vs步行者 金浩霆' [连宇体育]
2025-12-19 09:33:51 - INFO - 添加特殊分组: '12月19日08:00_NBA常规赛_尼克斯vs步行者 英文原音' [连宇体育]
2025-12-19 09:33:51 - INFO - 添加特殊分组: '12月19日08:30_NBA常规赛_热火vs篮网 胡鹤明' [连宇体育]
2025-12-19 09:33:51 - INFO - 添加特殊分组: '12月19日08:30_NBA常规赛_热火vs篮网 英文原音' [连宇体育]
2025-12-19 09:33:51 - INFO - 添加特殊分组: '12月19日09:00_NBA常规赛_快船vs雷霆 孔祥宇 苏群 婧雯' [连宇体育]
2025-12-19 09:33:51 - INFO - 添加特殊分组: '12月19日09:00_NBA常规赛_快船vs雷霆 英文原音' [连宇体育]
2025-12-19 09:33:51 - INFO - 添加特殊分组: '12月19日09:00_NBA常规赛_奇才vs马刺 寇逸豪' [连宇体育]
2025-12-19 09:33:51 - INFO - 添加特殊分组: '12月19日09:00_NBA常规赛_奇才vs马刺 英文原音' [连宇体育]
2025-12-19 09:33:51 - INFO - 添加特殊分组: '12月19日09:00_NBA常规赛_猛龙vs雄鹿 孔德昕' [连宇体育]
2025-12-19 09:33:51 - INFO - 添加特殊分组: '12月19日09:00_NBA常规赛_猛龙vs雄鹿 英文原音' [连宇体育]
2025-12-19 09:33:51 - INFO - 添加特殊分组: '12月19日09:00_NBA常规赛_火箭vs鹈鹕 王子星 管维佳' [连宇体育]
2025-12-19 09:33:51 - INFO - 添加特殊分组: '12月19日09:00_NBA常规赛_火箭vs鹈鹕 英文原音' [连宇体育]
2025-12-19 09:33:51 - INFO - 添加特殊分组: '12月19日09:15_NFL常规赛_公羊vs海鹰 邢天宇 萧深' [连宇体育]
2025-12-19 09:33:51 - INFO - 添加特殊分组: '12月19日09:15_NFL常规赛_公羊vs海鹰 英文原音' [连宇体育]
2025-12-19 09:33:51 - INFO - 添加特殊分组: '12月19日09:30_篮球直播节目_[早安Tip_Off]第58期 王嘉琦 殳海 泱泱' [连宇体育]
2025-12-19 09:33:51 - INFO - 添加特殊分组: '12月19日09:30_NBA常规赛_活塞vs独行侠 段冉' [连宇体育]
2025-12-19 09:33:51 - INFO - 添加特殊分组: '12月19日09:30_NBA常规赛_活塞vs独行侠 英文原音' [连宇体育]
2025-12-19 09:33:51 - INFO - 添加特殊分组: '12月19日10:00_NBA常规赛_魔术vs掘金 郑诚' [连宇体育]
2025-12-19 09:33:51 - INFO - 添加特殊分组: '12月19日10:00_NBA常规赛_魔术vs掘金 英文原音' [连宇体育]
2025-12-19 09:33:51 - INFO - 添加特殊分组: '12月19日10:00_NBA常规赛_勇士vs太阳 柯凡 王仕鹏 辰辰' [连宇体育]
2025-12-19 09:33:51 - INFO - 添加特殊分组: '12月19日10:00_NBA常规赛_勇士vs太阳 二路_皓篮球' [连宇体育]
2025-12-19 09:33:51 - INFO - 添加特殊分组: '12月19日10:00_NBA常规赛_勇士vs太阳 英文原音' [连宇体育]
2025-12-19 09:33:51 - INFO - 添加特殊分组: '12月19日10:00_NBA常规赛_湖人vs爵士 王嘉琦 殳海 泱泱' [连宇体育]
2025-12-19 09:33:51 - INFO - 添加特殊分组: '12月19日10:00_NBA常规赛_湖人vs爵士 英文原音' [连宇体育]
2025-12-19 09:33:51 - INFO - 添加特殊分组: '12月19日10:30_高尔夫_2025中国巡回赛锦标赛第二轮' [连宇体育]
2025-12-19 09:33:51 - INFO - 添加特殊分组: '12月19日11:00_NBA常规赛_国王vs开拓者 刘乘源 李克' [连宇体育]
2025-12-19 09:33:51 - INFO - 添加特殊分组: '12月19日11:00_NBA常规赛_国王vs开拓者 英文原音' [连宇体育]
2025-12-19 09:33:51 - INFO - 添加特殊分组: '12月19日14:00_NBA经典赛_NBA常规赛精彩回顾：火箭vs鹈鹕' [连宇体育]
2025-12-19 09:33:51 - INFO - 添加特殊分组: '12月19日14:00_无畏契约源能亚洲邀请赛_无畏契约源能亚洲邀请赛排位赛Day2' [连宇体育]
2025-12-19 09:33:51 - INFO - 添加特殊分组: '12月19日14:00_王者荣耀挑战者杯_2025王者荣耀挑战者杯Day9' [连宇体育]
2025-12-19 09:33:51 - INFO - 添加特殊分组: '12月19日16:00_NBA经典赛_NBA常规赛精彩回顾：火箭vs鹈鹕' [连宇体育]
2025-12-19 09:33:51 - INFO - 添加特殊分组: '12月19日18:00_NBA经典赛_NBA常规赛精彩回顾：湖人vs爵士' [连宇体育]
2025-12-19 09:33:51 - INFO - 添加特殊分组: '12月19日20:00_NBA经典赛_NBA常规赛精彩回顾：湖人vs爵士' [连宇体育]
2025-12-19 09:33:51 - INFO - 添加更新时间频道: 最后更新: 2025-12-19 17:33:51 (北京时间)
2025-12-19 09:33:51 - INFO - 文件更新完成，共处理 123 个频道
2025-12-19 09:33:51 - INFO - 已清理临时下载目录: downloaded_sources
2025-12-19 09:33:51 - INFO - ============================================================
2025-12-19 09:33:51 - INFO - 任务执行成功完成
2025-12-19 09:33:51 - INFO - 完成时间 (北京时间): 2025-12-19 17:33:51
2025-12-19 09:33:51 - INFO - 总耗时: 23.91 秒
2025-12-19 09:33:51 - INFO - 总计处理频道源: 5427 个
2025-12-19 09:33:51 - INFO - 日志文件: logs/tv_auto_update_20251219.log
2025-12-19 09:33:51 - INFO - ============================================================
