2025-12-09 12:33:56 - INFO - ============================================================
2025-12-09 12:33:56 - INFO - 开始执行直播源自动更新任务
2025-12-09 12:33:56 - INFO - 启动时间 (北京时间): 2025-12-09 20:33:56
2025-12-09 12:33:56 - INFO - ============================================================
2025-12-09 12:33:56 - INFO - 已加载配置，共有 6 个源地址
2025-12-09 12:33:56 - INFO - 已启用频道名称映射，将处理以下名称变体：
2025-12-09 12:33:56 - INFO -   '吉视都市': ['吉林都市', '吉视都市', '吉林电视台都市频道']
2025-12-09 12:33:56 - INFO -   '吉视生活': ['吉林生活', '吉视生活', '吉林电视台都市频道']
2025-12-09 12:33:56 - INFO -   '吉视影视': ['吉林影视', '吉视影视', '吉林电视台影视台']
2025-12-09 12:33:56 - INFO -   '吉视综艺': ['吉林综艺', '吉视综艺', '吉林电视台影视台']
2025-12-09 12:33:56 - INFO -   '吉视乡村': ['吉林乡村', '吉林电视台乡村频道', '吉林乡村频道']
2025-12-09 12:33:56 - INFO - 从目标文件中提取了 247 个频道
2025-12-09 12:33:56 - INFO - 正在下载源 1: https://gyssi.link/iptv/chinaiptv/%E5%90%89%E6%9E%97%E7%9C%81.m3u...
2025-12-09 12:33:56 - INFO - ✓ 成功下载源 1
2025-12-09 12:33:56 - INFO - 正在下载源 2: https://bc.188766.xyz/...
2025-12-09 12:33:56 - INFO - ✓ 成功下载源 2
2025-12-09 12:33:56 - INFO - 正在下载源 3: https://gyssi.link/live/%E8%BE%BD%E5%AE%81.m3u...
2025-12-09 12:33:57 - INFO - ✓ 成功下载源 3
2025-12-09 12:33:57 - INFO - 正在下载源 4: https://php.946985.filegear-sg.me/jackTV.m3u...
2025-12-09 12:33:58 - ERROR - ✗ 下载失败源 4: 403 Client Error: Forbidden for url: https://php.946985.filegear-sg.me/jackTV.m3u
2025-12-09 12:33:58 - INFO - 正在下载源 5: https://raw.githubusercontent.com/10000ge10000/iptv-api/refs/heads/master/output/user_result.m3u...
2025-12-09 12:33:58 - INFO - ✓ 成功下载源 5
2025-12-09 12:33:58 - INFO - 正在下载源 6: https://bc.188766.xyz/...
2025-12-09 12:33:58 - INFO - ✓ 成功下载源 6
2025-12-09 12:33:58 - INFO - 从源1解析出 102 个频道
2025-12-09 12:33:58 - INFO - 从源2解析出 352 个频道
2025-12-09 12:33:58 - INFO - 从源3解析出 151 个频道
2025-12-09 12:33:58 - INFO - 从源4解析出 216 个频道
2025-12-09 12:33:58 - INFO - 从源5解析出 352 个频道
2025-12-09 12:33:58 - INFO - 从源2找到 21 个'冰茶体育'频道，将重命名为'连宇体育'
2025-12-09 12:33:58 - INFO - 开始更新目标文件...
2025-12-09 12:33:58 - INFO - 更新 吉视都市 [吉林本地]: 源1
2025-12-09 12:33:58 - INFO - 更新 吉视乡村 [吉林本地]: 源1
2025-12-09 12:33:58 - INFO - 更新 吉视生活 [吉林本地]: 源1
2025-12-09 12:33:58 - INFO - 更新 吉视综艺 [吉林本地]: 源1
2025-12-09 12:33:58 - INFO - 更新 吉视影视 [吉林本地]: 源1
2025-12-09 12:33:58 - INFO - 添加特殊分组: 12月9日03:55西甲_奥萨苏纳vs莱万特 [连宇体育]
2025-12-09 12:33:58 - INFO - 添加特殊分组: 12月9日08:00_NBA常规赛_国王vs步行者 孔祥宇 [连宇体育]
2025-12-09 12:33:58 - INFO - 添加特殊分组: 12月9日08:00_NBA常规赛_国王vs步行者 英文原音 [连宇体育]
2025-12-09 12:33:58 - INFO - 添加特殊分组: 12月9日08:30_篮球直播节目_[早安Tip_Off]第48期 王猛 吴谦 婧雯 [连宇体育]
2025-12-09 12:33:58 - INFO - 添加特殊分组: 12月9日08:30_NBA常规赛_太阳vs森林狼 石楷文 孔德昕 [连宇体育]
2025-12-09 12:33:58 - INFO - 添加特殊分组: 12月9日08:30_NBA常规赛_太阳vs森林狼 英文原音 [连宇体育]
2025-12-09 12:33:58 - INFO - 添加特殊分组: 12月9日09:00_NBA常规赛_马刺vs鹈鹕 王猛 吴谦 婧雯 [连宇体育]
2025-12-09 12:33:58 - INFO - 添加特殊分组: 12月9日09:00_NBA常规赛_马刺vs鹈鹕 英文原音 [连宇体育]
2025-12-09 12:33:58 - INFO - 添加特殊分组: 12月9日09:15_NFL常规赛_老鹰vs闪电 杨照铭 罗森 [连宇体育]
2025-12-09 12:33:58 - INFO - 添加特殊分组: 12月9日09:15_NFL常规赛_老鹰vs闪电 英文原音 [连宇体育]
2025-12-09 12:33:58 - INFO - 添加特殊分组: 12月9日11:00_2025“全兴杯”传承足球明星联赛_冠军组第二轮 深圳传承明星 vs 佳鑫伟业 [连宇体育]
2025-12-09 12:33:58 - INFO - 添加特殊分组: 12月9日11:00_2025“全兴杯”传承足球明星联赛_超级组第二轮 上海老克勒 vs 广州传承明星 [连宇体育]
2025-12-09 12:33:58 - INFO - 添加特殊分组: 12月9日12:00_王者荣耀挑战者杯_2025王者荣耀挑战者杯Day4 [连宇体育]
2025-12-09 12:33:58 - INFO - 添加特殊分组: 12月9日14:00_2025“全兴杯”传承足球明星联赛_冠军组第二轮 山东泰山郓城恒基 vs 天津老甲A [连宇体育]
2025-12-09 12:33:58 - INFO - 添加特殊分组: 12月9日14:00_2025“全兴杯”传承足球明星联赛_超级组第二轮 四川全兴 vs 北京老男孩 [连宇体育]
2025-12-09 12:33:58 - INFO - 添加特殊分组: 12月9日15:00_穿越火线CFS世界总决赛_2025CFS淘汰赛第四日 [连宇体育]
2025-12-09 12:33:58 - INFO - 添加特殊分组: 12月9日16:00_2025“全兴杯”传承足球明星联赛_冠军组第二轮 广西传承明星 vs 昆明凤凰橡胶 [连宇体育]
2025-12-09 12:33:58 - INFO - 添加特殊分组: 12月9日16:00_2025“全兴杯”传承足球明星联赛_超级组第二轮 辽宁队 vs 湖北老甲A [连宇体育]
2025-12-09 12:33:58 - INFO - 添加特殊分组: 12月9日18:00_东亚超级联赛_东亚超级联赛 昌原LG猎隼vs乌兰巴托野马 [连宇体育]
2025-12-09 12:33:58 - INFO - 添加特殊分组: 12月9日18:00_NBA经典赛_NBA常规赛精彩回顾：勇士vs公牛 [连宇体育]
2025-12-09 12:33:58 - INFO - 添加特殊分组: 12月9日20:00_NBA经典赛_NBA常规赛精彩回顾：勇士vs公牛 [连宇体育]
2025-12-09 12:33:58 - INFO - 添加更新时间频道: 最后更新: 2025-12-09 20:33:58 (北京时间)
2025-12-09 12:33:58 - INFO - 更新完成: 共更新 26 个频道
2025-12-09 12:33:58 - INFO - ============================================================
2025-12-09 12:33:58 - INFO - 任务执行成功完成
2025-12-09 12:33:58 - INFO - 完成时间 (北京时间): 2025-12-09 20:33:58
2025-12-09 12:33:58 - INFO - 总耗时: 2.69 秒
2025-12-09 12:33:58 - INFO - 共处理频道源: 1173 个
2025-12-09 12:33:58 - INFO - 更新目标文件: index.html
2025-12-09 12:33:58 - INFO - ============================================================
2025-12-09 16:21:40 - INFO - ============================================================
2025-12-09 16:21:40 - INFO - 开始执行直播源自动更新任务
2025-12-09 16:21:40 - INFO - 启动时间 (北京时间): 2025-12-10 00:21:40
2025-12-09 16:21:40 - INFO - ============================================================
2025-12-09 16:21:40 - INFO - 已加载配置，共有 6 个源地址
2025-12-09 16:21:40 - INFO - 已启用频道名称映射，将处理以下名称变体：
2025-12-09 16:21:40 - INFO -   '吉视都市': ['吉林都市', '吉视都市', '吉林电视台都市频道']
2025-12-09 16:21:40 - INFO -   '吉视生活': ['吉林生活', '吉视生活', '吉林电视台都市频道']
2025-12-09 16:21:40 - INFO -   '吉视影视': ['吉林影视', '吉视影视', '吉林电视台影视台']
2025-12-09 16:21:40 - INFO -   '吉视综艺': ['吉林综艺', '吉视综艺', '吉林电视台影视台']
2025-12-09 16:21:40 - INFO -   '吉视乡村': ['吉林乡村', '吉林电视台乡村频道', '吉林乡村频道']
2025-12-09 16:21:40 - INFO - 从目标文件中提取了 236 个频道
2025-12-09 16:21:40 - INFO - 正在下载源 1: https://gyssi.link/iptv/chinaiptv/%E5%90%89%E6%9E%97%E7%9C%81.m3u...
2025-12-09 16:21:40 - INFO - ✓ 成功下载源 1
2025-12-09 16:21:40 - INFO - 正在下载源 2: https://bc.188766.xyz/...
2025-12-09 16:21:41 - INFO - ✓ 成功下载源 2
2025-12-09 16:21:41 - INFO - 正在下载源 3: https://gyssi.link/live/%E8%BE%BD%E5%AE%81.m3u...
2025-12-09 16:21:42 - INFO - ✓ 成功下载源 3
2025-12-09 16:21:42 - INFO - 正在下载源 4: https://php.946985.filegear-sg.me/jackTV.m3u...
2025-12-09 16:21:43 - ERROR - ✗ 下载失败源 4: 403 Client Error: Forbidden for url: https://php.946985.filegear-sg.me/jackTV.m3u
2025-12-09 16:21:43 - INFO - 正在下载源 5: https://raw.githubusercontent.com/10000ge10000/iptv-api/refs/heads/master/output/user_result.m3u...
2025-12-09 16:21:43 - INFO - ✓ 成功下载源 5
2025-12-09 16:21:43 - INFO - 正在下载源 6: https://bc.188766.xyz/...
2025-12-09 16:21:43 - INFO - ✓ 成功下载源 6
2025-12-09 16:21:43 - INFO - 从源1解析出 102 个频道
2025-12-09 16:21:43 - INFO - 从源2解析出 372 个频道
2025-12-09 16:21:43 - INFO - 从源3解析出 151 个频道
2025-12-09 16:21:43 - INFO - 从源4解析出 216 个频道
2025-12-09 16:21:43 - INFO - 从源5解析出 372 个频道
2025-12-09 16:21:43 - INFO - 从源2找到 19 个'冰茶体育'频道，将重命名为'连宇体育'
2025-12-09 16:21:43 - INFO - 开始更新目标文件...
2025-12-09 16:21:43 - INFO - 更新 CCTV1-综合 [央视吉林]: 源1
2025-12-09 16:21:43 - INFO - 更新 CCTV2-财经 [央视吉林]: 源1
2025-12-09 16:21:43 - INFO - 更新 CCTV3-综艺 [央视吉林]: 源1
2025-12-09 16:21:43 - INFO - 更新 CCTV4-国际 [央视吉林]: 源1
2025-12-09 16:21:43 - INFO - 更新 CCTV5-体育 [央视吉林]: 源1
2025-12-09 16:21:43 - INFO - 更新 CCTV6-电影 [央视吉林]: 源1
2025-12-09 16:21:43 - INFO - 更新 CCTV7-国防军事 [央视吉林]: 源1
2025-12-09 16:21:43 - INFO - 更新 CCTV8-电视剧 [央视吉林]: 源1
2025-12-09 16:21:43 - INFO - 更新 CCTV9-纪录 [央视吉林]: 源1
2025-12-09 16:21:43 - INFO - 更新 CCTV10-科教 [央视吉林]: 源1
2025-12-09 16:21:43 - INFO - 更新 CCTV11-戏曲 [央视吉林]: 源1
2025-12-09 16:21:43 - INFO - 更新 CCTV12-社会与法 [央视吉林]: 源1
2025-12-09 16:21:43 - INFO - 更新 CCTV13-新闻 [央视吉林]: 源1
2025-12-09 16:21:43 - INFO - 更新 CCTV14-少儿 [央视吉林]: 源1
2025-12-09 16:21:43 - INFO - 更新 CCTV15-音乐 [央视吉林]: 源1
2025-12-09 16:21:43 - INFO - 更新 CCTV17-农业农村 [央视吉林]: 源1
2025-12-09 16:21:43 - INFO - 更新 CCTV5+体育赛事 [央视吉林]: 源1
2025-12-09 16:21:43 - INFO - 更新 CCTV5+体育赛事 [央视辽宁]: 源1
2025-12-09 16:21:43 - INFO - 更新 央视台球 [央视付费频道]: 源1
2025-12-09 16:21:43 - INFO - 更新 风云音乐 [央视付费频道]: 源1
2025-12-09 16:21:43 - INFO - 更新 第一剧场 [央视付费频道]: 源1
2025-12-09 16:21:43 - INFO - 更新 风云剧场 [央视付费频道]: 源1
2025-12-09 16:21:43 - INFO - 更新 怀旧剧场 [央视付费频道]: 源1
2025-12-09 16:21:43 - INFO - 更新 女性时尚 [央视付费频道]: 源1
2025-12-09 16:21:43 - INFO - 更新 风云足球 [央视付费频道]: 源1
2025-12-09 16:21:43 - INFO - 更新 兵器科技 [央视付费频道]: 源1
2025-12-09 16:21:43 - INFO - 更新 CCTV-1 综合 [央视咪咕]: 源2
2025-12-09 16:21:43 - INFO - 更新 CCTV-2 财经 [央视咪咕]: 源2
2025-12-09 16:21:43 - INFO - 更新 CCTV-3 综艺 [央视咪咕]: 源2
2025-12-09 16:21:43 - INFO - 更新 CCTV-4 中文国际 [央视咪咕]: 源2
2025-12-09 16:21:43 - INFO - 更新 CCTV-5 体育 [央视咪咕]: 源2
2025-12-09 16:21:43 - INFO - 更新 CCTV-5+ 体育赛事 [央视咪咕]: 源2
2025-12-09 16:21:43 - INFO - 更新 CCTV-6 电影 [央视咪咕]: 源2
2025-12-09 16:21:43 - INFO - 更新 CCTV-7 国防军事 [央视咪咕]: 源2
2025-12-09 16:21:43 - INFO - 更新 CCTV-8 电视剧 [央视咪咕]: 源2
2025-12-09 16:21:43 - INFO - 更新 CCTV-9 纪录 [央视咪咕]: 源2
2025-12-09 16:21:43 - INFO - 更新 CCTV-10 科教 [央视咪咕]: 源2
2025-12-09 16:21:43 - INFO - 更新 CCTV-11 戏曲 [央视咪咕]: 源2
2025-12-09 16:21:43 - INFO - 更新 CCTV-12 社会与法 [央视咪咕]: 源2
2025-12-09 16:21:43 - INFO - 更新 CCTV-13 新闻 [央视咪咕]: 源2
2025-12-09 16:21:43 - INFO - 更新 CCTV-14 少儿 [央视咪咕]: 源2
2025-12-09 16:21:43 - INFO - 更新 CCTV-15 音乐 [央视咪咕]: 源2
2025-12-09 16:21:43 - INFO - 更新 CCTV-17 农业农村 [央视咪咕]: 源2
2025-12-09 16:21:43 - INFO - 更新 CCTV-4 中文国际 欧洲 [央视咪咕]: 源2
2025-12-09 16:21:43 - INFO - 更新 CCTV-4 中文国际 美洲 [央视咪咕]: 源2
2025-12-09 16:21:43 - INFO - 更新 广东卫视 [卫视频道]: 源1
2025-12-09 16:21:43 - INFO - 更新 浙江卫视 [卫视频道]: 源1
2025-12-09 16:21:43 - INFO - 更新 湖南卫视 [卫视频道]: 源1
2025-12-09 16:21:43 - INFO - 更新 北京卫视 [卫视频道]: 源1
2025-12-09 16:21:43 - INFO - 更新 湖北卫视 [卫视频道]: 源1
2025-12-09 16:21:43 - INFO - 更新 黑龙江卫视 [卫视频道]: 源1
2025-12-09 16:21:43 - INFO - 更新 安徽卫视 [卫视频道]: 源1
2025-12-09 16:21:43 - INFO - 更新 重庆卫视 [卫视频道]: 源1
2025-12-09 16:21:43 - INFO - 更新 东方卫视 [卫视频道]: 源1
2025-12-09 16:21:43 - INFO - 更新 东南卫视 [卫视频道]: 源1
2025-12-09 16:21:43 - INFO - 更新 甘肃卫视 [卫视频道]: 源1
2025-12-09 16:21:43 - INFO - 更新 广西卫视 [卫视频道]: 源1
2025-12-09 16:21:43 - INFO - 更新 贵州卫视 [卫视频道]: 源1
2025-12-09 16:21:43 - INFO - 更新 海南卫视 [卫视频道]: 源1
2025-12-09 16:21:43 - INFO - 更新 河北卫视 [卫视频道]: 源1
2025-12-09 16:21:43 - INFO - 更新 河南卫视 [卫视频道]: 源1
2025-12-09 16:21:43 - INFO - 更新 吉林卫视 [卫视频道]: 源1
2025-12-09 16:21:43 - INFO - 更新 江苏卫视 [卫视频道]: 源1
2025-12-09 16:21:43 - INFO - 更新 江西卫视 [卫视频道]: 源1
2025-12-09 16:21:43 - INFO - 更新 辽宁卫视 [卫视频道]: 源1
2025-12-09 16:21:43 - INFO - 更新 内蒙古卫视 [卫视频道]: 源1
2025-12-09 16:21:43 - INFO - 更新 宁夏卫视 [卫视频道]: 源1
2025-12-09 16:21:43 - INFO - 更新 青海卫视 [卫视频道]: 源1
2025-12-09 16:21:43 - INFO - 更新 山东卫视 [卫视频道]: 源1
2025-12-09 16:21:43 - INFO - 更新 山西卫视 [卫视频道]: 源1
2025-12-09 16:21:43 - INFO - 更新 陕西卫视 [卫视频道]: 源1
2025-12-09 16:21:43 - INFO - 更新 四川卫视 [卫视频道]: 源1
2025-12-09 16:21:43 - INFO - 更新 深圳卫视 [卫视频道]: 源1
2025-12-09 16:21:43 - INFO - 更新 三沙卫视 [卫视频道]: 源1
2025-12-09 16:21:43 - INFO - 更新 天津卫视 [卫视频道]: 源1
2025-12-09 16:21:43 - INFO - 更新 西藏卫视 [卫视频道]: 源1
2025-12-09 16:21:43 - INFO - 更新 新疆卫视 [卫视频道]: 源1
2025-12-09 16:21:43 - INFO - 更新 云南卫视 [卫视频道]: 源1
2025-12-09 16:21:43 - INFO - 更新 兵团卫视 [卫视频道]: 源1
2025-12-09 16:21:43 - INFO - 更新 大湾区卫视 [卫视频道]: 源2
2025-12-09 16:21:43 - INFO - 更新 吉林卫视 [吉林本地]: 源1
2025-12-09 16:21:43 - INFO - 更新 吉视都市 [吉林本地]: 源1
2025-12-09 16:21:43 - INFO - 更新 吉视乡村 [吉林本地]: 源1
2025-12-09 16:21:43 - INFO - 更新 吉视生活 [吉林本地]: 源1
2025-12-09 16:21:43 - INFO - 更新 吉视综艺 [吉林本地]: 源1
2025-12-09 16:21:43 - INFO - 更新 吉视影视 [吉林本地]: 源1
2025-12-09 16:21:43 - INFO - 更新 吉林教育 [吉林本地]: 源1
2025-12-09 16:21:43 - INFO - 更新 延边卫视 [吉林本地]: 源1
2025-12-09 16:21:43 - INFO - 更新 长影频道 [吉林本地]: 源1
2025-12-09 16:21:43 - INFO - 更新 辽宁卫视 [辽宁本地]: 源1
2025-12-09 16:21:43 - INFO - 添加特殊分组: 12月10日07:00_NBA杯淘汰赛_热火vs魔术 王猛 吴谦 辰辰 [连宇体育]
2025-12-09 16:21:43 - INFO - 添加特殊分组: 12月10日07:00_NBA杯淘汰赛_热火vs魔术 英文原音 [连宇体育]
2025-12-09 16:21:43 - INFO - 添加特殊分组: 12月10日09:00_篮球直播节目_[早安Tip_Off]第49期 段冉 管维佳 泱泱 [连宇体育]
2025-12-09 16:21:43 - INFO - 添加特殊分组: 12月10日09:30_NBA杯淘汰赛_尼克斯vs猛龙 段冉 管维佳 泱泱 [连宇体育]
2025-12-09 16:21:43 - INFO - 添加特殊分组: 12月10日09:30_NBA杯淘汰赛_尼克斯vs猛龙 英文原音 [连宇体育]
2025-12-09 16:21:43 - INFO - 添加特殊分组: 12月10日10:00_NBA G联赛开季赛_盐湖城星vs撕裂之城混音 [连宇体育]
2025-12-09 16:21:43 - INFO - 添加特殊分组: 12月10日10:00_NBA G联赛开季赛_盐湖城星vs撕裂之城混音 英文原音 [连宇体育]
2025-12-09 16:21:43 - INFO - 添加特殊分组: 12月10日11:00_2025“全兴杯”传承足球明星联赛_冠军组第三轮 山东泰山郓城恒基 vs 广西传承明星 [连宇体育]
2025-12-09 16:21:43 - INFO - 添加特殊分组: 12月10日11:00_2025“全兴杯”传承足球明星联赛_超级组第三轮 北京老男孩 vs 辽宁队 [连宇体育]
2025-12-09 16:21:43 - INFO - 添加特殊分组: 12月10日14:00_2025“全兴杯”传承足球明星联赛_冠军组第三轮 天津老甲A vs 深圳传承明星 [连宇体育]
2025-12-09 16:21:43 - INFO - 添加特殊分组: 12月10日14:00_2025“全兴杯”传承足球明星联赛_超级组第三轮 四川全兴 vs 上海老克勒 [连宇体育]
2025-12-09 16:21:43 - INFO - 添加特殊分组: 12月10日14:00_NBA经典赛_NBA常规赛精彩回顾：热火vs魔术 [连宇体育]
2025-12-09 16:21:43 - INFO - 添加特殊分组: 12月10日16:00_2025“全兴杯”传承足球明星联赛_冠军组第三轮 佳鑫伟业 vs 昆明凤凰橡胶 [连宇体育]
2025-12-09 16:21:43 - INFO - 添加特殊分组: 12月10日16:00_2025“全兴杯”传承足球明星联赛_超级组第三轮广州传承明星 vs 湖北老甲A [连宇体育]
2025-12-09 16:21:43 - INFO - 添加特殊分组: 12月10日16:00_NBA经典赛_NBA常规赛精彩回顾：热火vs魔术 [连宇体育]
2025-12-09 16:21:43 - INFO - 添加特殊分组: 12月10日17:00_CHBL揭幕战(女)_清华附中vs耐高精英联队 [连宇体育]
2025-12-09 16:21:43 - INFO - 添加特殊分组: 12月10日18:00_NBA经典赛_NBA常规赛精彩回顾：太阳vs森林狼 [连宇体育]
2025-12-09 16:21:43 - INFO - 添加特殊分组: 12月10日18:45_CHBL揭幕战(男)_广东实验中学vs耐高精英联队 [连宇体育]
2025-12-09 16:21:43 - INFO - 添加特殊分组: 12月10日20:00_NBA经典赛_NBA常规赛精彩回顾：太阳vs森林狼 [连宇体育]
2025-12-09 16:21:43 - INFO - 添加更新时间频道: 最后更新: 2025-12-10 00:21:43 (北京时间)
2025-12-09 16:21:43 - INFO - 更新完成: 共更新 109 个频道
2025-12-09 16:21:43 - INFO - ============================================================
2025-12-09 16:21:43 - INFO - 任务执行成功完成
2025-12-09 16:21:43 - INFO - 完成时间 (北京时间): 2025-12-10 00:21:43
2025-12-09 16:21:43 - INFO - 总耗时: 3.58 秒
2025-12-09 16:21:43 - INFO - 共处理频道源: 1213 个
2025-12-09 16:21:43 - INFO - 更新目标文件: index.html
2025-12-09 16:21:43 - INFO - ============================================================
