2025-12-11 16:23:04 - INFO - ============================================================
2025-12-11 16:23:04 - INFO - 开始执行直播源自动更新任务
2025-12-11 16:23:04 - INFO - 启动时间 (北京时间): 2025-12-12 00:23:04
2025-12-11 16:23:04 - INFO - ============================================================
2025-12-11 16:23:04 - INFO - 已加载配置，共有 9 个源地址
2025-12-11 16:23:04 - INFO - 已启用频道名称映射
2025-12-11 16:23:04 - INFO - 从目标文件中读取了 449 个待更新频道
2025-12-11 16:23:04 - INFO - 正在下载源 1: https://gyssi.link/iptv/chinaiptv/%E5%90%89%E6%9E%97%E7%9C%81.m3u...
2025-12-11 16:23:05 - INFO -   ✓ 成功下载源 1
2025-12-11 16:23:05 - INFO - 正在下载源 2: https://bc.188766.xyz/...
2025-12-11 16:23:05 - INFO -   ✓ 成功下载源 2
2025-12-11 16:23:05 - INFO - 正在下载源 3: https://gyssi.link/live/%E8%BE%BD%E5%AE%81.m3u...
2025-12-11 16:23:06 - INFO -   ✓ 成功下载源 3
2025-12-11 16:23:06 - INFO - 正在下载源 4: https://migu.lifit.uk/migu.php...
2025-12-11 16:23:07 - INFO -   ✓ 成功下载源 4
2025-12-11 16:23:07 - INFO - 正在下载源 5: https://raw.githubusercontent.com/10000ge10000/iptv-api/refs/heads/master/output/user_result.m3u...
2025-12-11 16:23:07 - INFO -   ✓ 成功下载源 5
2025-12-11 16:23:07 - INFO - 正在下载源 6: https://bc.188766.xyz/...
2025-12-11 16:23:07 - INFO -   ✓ 成功下载源 6
2025-12-11 16:23:07 - INFO - 正在下载源 7: https://raw.githubusercontent.com/Lianyuge/tv-auto/refs/heads/main/luwai.m3u...
2025-12-11 16:23:07 - INFO -   ✓ 成功下载源 7
2025-12-11 16:23:07 - INFO - 正在下载源 8: https://raw.githubusercontent.com/xiongjian83/TvBox/refs/heads/main/live.m3u...
2025-12-11 16:23:07 - INFO -   ✓ 成功下载源 8
2025-12-11 16:23:07 - INFO - 正在下载源 9: https://taoiptv.com/lives/22023.txt...
2025-12-11 16:23:09 - INFO -   ✓ 成功下载源 9
2025-12-11 16:23:09 - INFO - 检测到源1为标准M3U格式
2025-12-11 16:23:09 - INFO - 从源1解析出 102 个频道
2025-12-11 16:23:09 - INFO - 检测到源2为标准M3U格式
2025-12-11 16:23:09 - INFO - 从源2解析出 353 个频道
2025-12-11 16:23:09 - INFO - 检测到源3为标准M3U格式
2025-12-11 16:23:09 - INFO - 从源3解析出 151 个频道
2025-12-11 16:23:09 - INFO - 检测到源4为简化格式，使用简化格式解析器
2025-12-11 16:23:09 - INFO - 开始解析简化格式文件 source_4_20251211.m3u，共 240 行
2025-12-11 16:23:09 - INFO - 从简化格式中解析出 235 个频道
2025-12-11 16:23:09 - INFO - 从源4解析出 235 个频道
2025-12-11 16:23:09 - INFO - 检测到源5为标准M3U格式
2025-12-11 16:23:09 - INFO - 从源5解析出 197 个频道
2025-12-11 16:23:09 - INFO - 检测到源6为标准M3U格式
2025-12-11 16:23:09 - INFO - 从源6解析出 353 个频道
2025-12-11 16:23:09 - WARNING - 无法识别源7的格式，尝试标准解析
2025-12-11 16:23:09 - INFO - 从源7解析出 0 个频道
2025-12-11 16:23:09 - INFO - 检测到源8为标准M3U格式
2025-12-11 16:23:09 - INFO - 从源8解析出 780 个频道
2025-12-11 16:23:09 - INFO - 检测到源9为简化格式，使用简化格式解析器
2025-12-11 16:23:09 - INFO - 开始解析简化格式文件 source_9_20251211.m3u，共 210 行
2025-12-11 16:23:09 - INFO - 从简化格式中解析出 168 个频道
2025-12-11 16:23:09 - INFO - 从源9解析出 168 个频道
2025-12-11 16:23:09 - INFO - 从源2找到 22 个'冰茶体育'频道，将重命名为'连宇体育'
2025-12-11 16:23:09 - INFO - 开始解析源文件: source_4_20251211.m3u，共 241 行
2025-12-11 16:23:09 - INFO - 发现咪咕体育分组: 咪咕体育-20251211,#genre# -> 日期: 2025-12-11, 分类: yesterday, 分组: 咪咕体育回看
2025-12-11 16:23:09 - INFO - 发现咪咕体育分组: 咪咕体育-20251212,#genre# -> 日期: 2025-12-12, 分类: today, 分组: 今日咪咕
2025-12-11 16:23:09 - INFO - 发现咪咕体育分组: 咪咕体育-20251213,#genre# -> 日期: 2025-12-13, 分类: tomorrow, 分组: 咪咕体育预告
2025-12-11 16:23:09 - INFO - 从文件 source_4_20251211.m3u 解析出 122 个咪咕体育频道
2025-12-11 16:23:09 - INFO -   - 咪咕体育回看: 46 个频道
2025-12-11 16:23:09 - INFO -   - 今日咪咕: 38 个频道
2025-12-11 16:23:09 - INFO -   - 咪咕体育预告: 38 个频道
2025-12-11 16:23:09 - INFO - 开始更新目标文件 index.html ...
2025-12-11 16:23:09 - INFO - 更新 'CCTV-1 综合' [央视咪咕] (来自源2)
2025-12-11 16:23:09 - INFO - 更新 'CCTV-2 财经' [央视咪咕] (来自源2)
2025-12-11 16:23:09 - INFO - 更新 'CCTV-3 综艺' [央视咪咕] (来自源2)
2025-12-11 16:23:09 - INFO - 更新 'CCTV-4 中文国际' [央视咪咕] (来自源2)
2025-12-11 16:23:09 - INFO - 更新 'CCTV-5 体育' [央视咪咕] (来自源2)
2025-12-11 16:23:09 - INFO - 更新 'CCTV-5+ 体育赛事' [央视咪咕] (来自源2)
2025-12-11 16:23:09 - INFO - 更新 'CCTV-6 电影' [央视咪咕] (来自源2)
2025-12-11 16:23:09 - INFO - 更新 'CCTV-7 国防军事' [央视咪咕] (来自源2)
2025-12-11 16:23:09 - INFO - 更新 'CCTV-8 电视剧' [央视咪咕] (来自源2)
2025-12-11 16:23:09 - INFO - 更新 'CCTV-9 纪录' [央视咪咕] (来自源2)
2025-12-11 16:23:09 - INFO - 更新 'CCTV-10 科教' [央视咪咕] (来自源2)
2025-12-11 16:23:09 - INFO - 更新 'CCTV-11 戏曲' [央视咪咕] (来自源2)
2025-12-11 16:23:09 - INFO - 更新 'CCTV-12 社会与法' [央视咪咕] (来自源2)
2025-12-11 16:23:09 - INFO - 更新 'CCTV-13 新闻' [央视咪咕] (来自源2)
2025-12-11 16:23:09 - INFO - 更新 'CCTV-14 少儿' [央视咪咕] (来自源2)
2025-12-11 16:23:09 - INFO - 更新 'CCTV-15 音乐' [央视咪咕] (来自源2)
2025-12-11 16:23:09 - INFO - 更新 'CCTV-17 农业农村' [央视咪咕] (来自源2)
2025-12-11 16:23:09 - INFO - 更新 'CCTV-4 中文国际 欧洲' [央视咪咕] (来自源2)
2025-12-11 16:23:09 - INFO - 更新 'CCTV-4 中文国际 美洲' [央视咪咕] (来自源2)
2025-12-11 16:23:09 - INFO - 更新 '大湾区卫视' [卫视频道] (来自源2)
2025-12-11 16:23:09 - INFO - 更新 '吉林新闻' [吉林本地] (来自源9)
2025-12-11 16:23:09 - INFO - 更新 '吉林公共' [吉林本地] (来自源9)
2025-12-11 16:23:09 - INFO - 更新 'CRT经济' [吉林本地] (来自源9)
2025-12-11 16:23:09 - INFO - 更新 'CRT汽车' [吉林本地] (来自源9)
2025-12-11 16:23:09 - INFO - 更新 'CRT市民' [吉林本地] (来自源9)
2025-12-11 16:23:09 - INFO - 更新 'CRT娱乐' [吉林本地] (来自源9)
2025-12-11 16:23:09 - INFO - 更新 'CRT综合' [吉林本地] (来自源9)
2025-12-11 16:23:09 - INFO - 更新 '白城公共' [吉林本地] (来自源9)
2025-12-11 16:23:09 - INFO - 更新 '白城新闻' [吉林本地] (来自源9)
2025-12-11 16:23:09 - INFO - 更新 '集安综合' [吉林本地] (来自源9)
2025-12-11 16:23:09 - INFO - 更新 '讲述卫视' [吉林本地] (来自源9)
2025-12-11 16:23:09 - INFO - 更新 '农安新闻' [吉林本地] (来自源9)
2025-12-11 16:23:09 - INFO - 更新 '辽源新闻' [吉林本地] (来自源9)
2025-12-11 16:23:09 - INFO - 更新 '辽源公共' [吉林本地] (来自源9)
2025-12-11 16:23:09 - INFO - 更新 '吉林延边1' [吉林本地] (来自源9)
2025-12-11 16:23:09 - INFO - 更新 '吉林延边2' [吉林本地] (来自源9)
2025-12-11 16:23:09 - INFO - 更新 '吉林洮南' [吉林本地] (来自源9)
2025-12-11 16:23:09 - INFO - 更新 '吉林抚松' [吉林本地] (来自源9)
2025-12-11 16:23:09 - INFO - 更新 '吉林临江' [吉林本地] (来自源9)
2025-12-11 16:23:09 - INFO - 更新 '吉林松原' [吉林本地] (来自源9)
2025-12-11 16:23:09 - INFO - 更新 '吉林长影' [吉林本地] (来自源9)
2025-12-11 16:23:09 - INFO - 更新 '吉林通榆' [吉林本地] (来自源9)
2025-12-11 16:23:09 - INFO - 更新 '吉林扶余' [吉林本地] (来自源9)
2025-12-11 16:23:09 - INFO - 更新 '吉林蛟河' [吉林本地] (来自源9)
2025-12-11 16:23:09 - INFO - 更新 '吉林磐石' [吉林本地] (来自源9)
2025-12-11 16:23:09 - INFO - 更新 '吉林汪清' [吉林本地] (来自源9)
2025-12-11 16:23:09 - INFO - 更新 '吉林图们' [吉林本地] (来自源9)
2025-12-11 16:23:09 - INFO - 更新 '吉林延吉' [吉林本地] (来自源9)
2025-12-11 16:23:09 - INFO - 更新 '吉林双辽' [吉林本地] (来自源9)
2025-12-11 16:23:09 - INFO - 更新 '吉林伊通' [吉林本地] (来自源9)
2025-12-11 16:23:09 - INFO - 更新 '吉林梅河口' [吉林本地] (来自源9)
2025-12-11 16:23:09 - INFO - 更新 '公主岭综合' [吉林本地] (来自源9)
2025-12-11 16:23:09 - INFO - 更新 '梨树新闻' [吉林本地] (来自源9)
2025-12-11 16:23:09 - INFO - 更新 '柳河综合' [吉林本地] (来自源9)
2025-12-11 16:23:09 - INFO - 更新 '镇赉综合' [吉林本地] (来自源9)
2025-12-11 16:23:09 - INFO - 更新 '大安新闻' [吉林本地] (来自源9)
2025-12-11 16:23:10 - INFO - 更新 '东丰综合' [吉林本地] (来自源9)
2025-12-11 16:23:10 - INFO - 更新 '乾安综合' [吉林本地] (来自源9)
2025-12-11 16:23:10 - INFO - 更新 '舒兰新闻' [吉林本地] (来自源9)
2025-12-11 16:23:10 - INFO - 更新 '前郭TV1' [吉林本地] (来自源9)
2025-12-11 16:23:10 - INFO - 更新 '四平1' [吉林本地] (来自源9)
2025-12-11 16:23:10 - INFO - 更新 '四平2' [吉林本地] (来自源9)
2025-12-11 16:23:10 - INFO - 更新 '通化1' [吉林本地] (来自源9)
2025-12-11 16:23:10 - INFO - 更新 '通化3' [吉林本地] (来自源9)
2025-12-11 16:23:10 - INFO - 更新 '白山公共1' [吉林本地] (来自源9)
2025-12-11 16:23:10 - INFO - 更新 '白山公共2' [吉林本地] (来自源9)
2025-12-11 16:23:10 - INFO - 更新 '凤凰资讯' [凤凰卫视] (来自源2)
2025-12-11 16:23:10 - INFO - 更新 '凤凰中文' [凤凰卫视] (来自源2)
2025-12-11 16:23:10 - INFO - 更新 '凤凰中文' [凤凰卫视] (来自源2)
2025-12-11 16:23:10 - INFO - 更新 '凤凰香港' [凤凰卫视] (来自源2)
2025-12-11 16:23:10 - INFO - 更新 '凤凰香港' [凤凰卫视] (来自源2)
2025-12-11 16:23:10 - INFO - 更新 '翡翠台' [香港频道] (来自源2)
2025-12-11 16:23:10 - INFO - 更新 '翡翠台' [香港频道] (来自源2)
2025-12-11 16:23:10 - INFO - 更新 '明珠台' [香港频道] (来自源2)
2025-12-11 16:23:10 - INFO - 更新 '无线新闻' [香港频道] (来自源2)
2025-12-11 16:23:10 - INFO - 更新 '无线新闻' [香港频道] (来自源2)
2025-12-11 16:23:10 - INFO - 更新 '无线新闻' [香港频道] (来自源2)
2025-12-11 16:23:11 - INFO - 更新 '咪视界4K-1-移动或影视专用' [咪视界ys] (来自源2)
2025-12-11 16:23:11 - INFO - 更新 '咪视界4K-2-移动或影视专用' [咪视界ys] (来自源2)
2025-12-11 16:23:11 - INFO - 更新 '咪视界-1-移动或影视专用' [咪视界ys] (来自源2)
2025-12-11 16:23:11 - INFO - 更新 '咪视界-2-移动或影视专用' [咪视界ys] (来自源2)
2025-12-11 16:23:11 - INFO - 更新 '咪视界-3-移动或影视专用' [咪视界ys] (来自源2)
2025-12-11 16:23:11 - INFO - 更新 '咪视界-4-移动或影视专用' [咪视界ys] (来自源2)
2025-12-11 16:23:11 - INFO - 更新 '咪视界-5-移动或影视专用' [咪视界ys] (来自源2)
2025-12-11 16:23:11 - INFO - 更新 '咪视界-6-移动或影视专用' [咪视界ys] (来自源2)
2025-12-11 16:23:11 - INFO - 更新 '咪视界-7-移动或影视专用' [咪视界ys] (来自源2)
2025-12-11 16:23:11 - INFO - 更新 '咪视界-8-移动或影视专用' [咪视界ys] (来自源2)
2025-12-11 16:23:11 - INFO - 更新 '咪视界-9-移动或影视专用' [咪视界ys] (来自源2)
2025-12-11 16:23:11 - INFO - 更新 '咪视界-10-移动或影视专用' [咪视界ys] (来自源2)
2025-12-11 16:23:11 - INFO - 更新 '咪视界-11-移动或影视专用' [咪视界ys] (来自源2)
2025-12-11 16:23:11 - INFO - 更新 '咪视界-12-移动或影视专用' [咪视界ys] (来自源2)
2025-12-11 16:23:11 - INFO - 更新 '咪视界-13-移动或影视专用' [咪视界ys] (来自源2)
2025-12-11 16:23:11 - INFO - 更新 '咪视界-14-移动或影视专用' [咪视界ys] (来自源2)
2025-12-11 16:23:11 - INFO - 更新 '咪视界-15-移动或影视专用' [咪视界ys] (来自源2)
2025-12-11 16:23:11 - INFO - 更新 '咪视界-16-移动或影视专用' [咪视界ys] (来自源2)
2025-12-11 16:23:11 - INFO - 更新 '咪视界-17-移动或影视专用' [咪视界ys] (来自源2)
2025-12-11 16:23:11 - INFO - 更新 '咪视界-18-移动或影视专用' [咪视界ys] (来自源2)
2025-12-11 16:23:11 - INFO - 更新 '咪视界-19-移动或影视专用' [咪视界ys] (来自源2)
2025-12-11 16:23:11 - INFO - 更新 '咪视界-20-移动或影视专用' [咪视界ys] (来自源2)
2025-12-11 16:23:11 - INFO - 更新 '咪视界-21-移动或影视专用' [咪视界ys] (来自源2)
2025-12-11 16:23:11 - INFO - 更新 '咪视界-22-移动或影视专用' [咪视界ys] (来自源2)
2025-12-11 16:23:11 - INFO - 更新 '咪视界-23-移动或影视专用' [咪视界ys] (来自源2)
2025-12-11 16:23:11 - INFO - 更新 '咪视界-24-移动或影视专用' [咪视界ys] (来自源2)
2025-12-11 16:23:11 - INFO - 更新 '咪视界-25-移动或影视专用' [咪视界ys] (来自源2)
2025-12-11 16:23:11 - INFO - 更新 '咪视界-26-移动或影视专用' [咪视界ys] (来自源2)
2025-12-11 16:23:11 - INFO - 更新 '咪视界-27-移动或影视专用' [咪视界ys] (来自源2)
2025-12-11 16:23:11 - INFO - 更新 '咪视界-28-移动或影视专用' [咪视界ys] (来自源2)
2025-12-11 16:23:11 - INFO - 更新 '咪视界-29-移动或影视专用' [咪视界ys] (来自源2)
2025-12-11 16:23:11 - INFO - 更新 '咪视界-30-移动或影视专用' [咪视界ys] (来自源2)
2025-12-11 16:23:11 - INFO - 更新 '咪视界-31-移动或影视专用' [咪视界ys] (来自源2)
2025-12-11 16:23:11 - INFO - 更新 '咪视界-32-移动或影视专用' [咪视界ys] (来自源2)
2025-12-11 16:23:11 - INFO - 更新 '咪视界-33-移动或影视专用' [咪视界ys] (来自源2)
2025-12-11 16:23:11 - INFO - 更新 '咪视界-34-移动或影视专用' [咪视界ys] (来自源2)
2025-12-11 16:23:11 - INFO - 更新 '咪视界-35-移动或影视专用' [咪视界ys] (来自源2)
2025-12-11 16:23:11 - INFO - 更新 '咪视界-36-移动或影视专用' [咪视界ys] (来自源2)
2025-12-11 16:23:11 - INFO - 更新 '咪视界-37-移动或影视专用' [咪视界ys] (来自源2)
2025-12-11 16:23:11 - INFO - 更新 '咪视界-38-移动或影视专用' [咪视界ys] (来自源2)
2025-12-11 16:23:11 - INFO - 更新 '睛彩竞技-冰茶专用' [咪视界bc] (来自源2)
2025-12-11 16:23:11 - INFO - 更新 '睛彩篮球-冰茶专用' [咪视界bc] (来自源2)
2025-12-11 16:23:11 - INFO - 更新 '睛彩青少-冰茶专用' [咪视界bc] (来自源2)
2025-12-11 16:23:11 - INFO - 更新 '睛彩广场舞-冰茶专用' [咪视界bc] (来自源2)
2025-12-11 16:23:11 - INFO - 更新 '咪视界4K-1-冰茶专用' [咪视界bc] (来自源2)
2025-12-11 16:23:11 - INFO - 更新 '咪视界4K-2-冰茶专用' [咪视界bc] (来自源2)
2025-12-11 16:23:11 - INFO - 更新 '咪视界-1-冰茶专用' [咪视界bc] (来自源2)
2025-12-11 16:23:11 - INFO - 更新 '咪视界-2-冰茶专用' [咪视界bc] (来自源2)
2025-12-11 16:23:11 - INFO - 更新 '咪视界-3-冰茶专用' [咪视界bc] (来自源2)
2025-12-11 16:23:11 - INFO - 更新 '咪视界-4-冰茶专用' [咪视界bc] (来自源2)
2025-12-11 16:23:11 - INFO - 更新 '咪视界-5-冰茶专用' [咪视界bc] (来自源2)
2025-12-11 16:23:11 - INFO - 更新 '咪视界-6-冰茶专用' [咪视界bc] (来自源2)
2025-12-11 16:23:11 - INFO - 更新 '咪视界-7-冰茶专用' [咪视界bc] (来自源2)
2025-12-11 16:23:11 - INFO - 更新 '咪视界-8-冰茶专用' [咪视界bc] (来自源2)
2025-12-11 16:23:11 - INFO - 更新 '咪视界-9-冰茶专用' [咪视界bc] (来自源2)
2025-12-11 16:23:11 - INFO - 更新 '咪视界-10-冰茶专用' [咪视界bc] (来自源2)
2025-12-11 16:23:11 - INFO - 更新 '咪视界-11-冰茶专用' [咪视界bc] (来自源2)
2025-12-11 16:23:11 - INFO - 更新 '咪视界-12-冰茶专用' [咪视界bc] (来自源2)
2025-12-11 16:23:11 - INFO - 更新 '咪视界-13-冰茶专用' [咪视界bc] (来自源2)
2025-12-11 16:23:11 - INFO - 更新 '咪视界-14-冰茶专用' [咪视界bc] (来自源2)
2025-12-11 16:23:11 - INFO - 更新 '咪视界-15-冰茶专用' [咪视界bc] (来自源2)
2025-12-11 16:23:11 - INFO - 更新 '咪视界-16-冰茶专用' [咪视界bc] (来自源2)
2025-12-11 16:23:11 - INFO - 更新 '咪视界-17-冰茶专用' [咪视界bc] (来自源2)
2025-12-11 16:23:11 - INFO - 更新 '咪视界-18-冰茶专用' [咪视界bc] (来自源2)
2025-12-11 16:23:11 - INFO - 更新 '咪视界-19-冰茶专用' [咪视界bc] (来自源2)
2025-12-11 16:23:11 - INFO - 更新 '咪视界-20-冰茶专用' [咪视界bc] (来自源2)
2025-12-11 16:23:11 - INFO - 更新 '咪视界-21-冰茶专用' [咪视界bc] (来自源2)
2025-12-11 16:23:11 - INFO - 更新 '咪视界-22-冰茶专用' [咪视界bc] (来自源2)
2025-12-11 16:23:11 - INFO - 更新 '咪视界-23-冰茶专用' [咪视界bc] (来自源2)
2025-12-11 16:23:11 - INFO - 更新 '咪视界-24-冰茶专用' [咪视界bc] (来自源2)
2025-12-11 16:23:11 - INFO - 更新 '咪视界-25-冰茶专用' [咪视界bc] (来自源2)
2025-12-11 16:23:11 - INFO - 更新 '咪视界-26-冰茶专用' [咪视界bc] (来自源2)
2025-12-11 16:23:11 - INFO - 更新 '咪视界-27-冰茶专用' [咪视界bc] (来自源2)
2025-12-11 16:23:11 - INFO - 更新 '咪视界-28-冰茶专用' [咪视界bc] (来自源2)
2025-12-11 16:23:11 - INFO - 更新 '咪视界-29-冰茶专用' [咪视界bc] (来自源2)
2025-12-11 16:23:11 - INFO - 更新 '咪视界-30-冰茶专用' [咪视界bc] (来自源2)
2025-12-11 16:23:11 - INFO - 更新 '咪视界-31-冰茶专用' [咪视界bc] (来自源2)
2025-12-11 16:23:11 - INFO - 更新 '咪视界-32-冰茶专用' [咪视界bc] (来自源2)
2025-12-11 16:23:11 - INFO - 更新 '咪视界-33-冰茶专用' [咪视界bc] (来自源2)
2025-12-11 16:23:11 - INFO - 更新 '咪视界-34-冰茶专用' [咪视界bc] (来自源2)
2025-12-11 16:23:11 - INFO - 更新 '咪视界-35-冰茶专用' [咪视界bc] (来自源2)
2025-12-11 16:23:11 - INFO - 更新 '咪视界-36-冰茶专用' [咪视界bc] (来自源2)
2025-12-11 16:23:11 - INFO - 更新 '咪视界-37-冰茶专用' [咪视界bc] (来自源2)
2025-12-11 16:23:11 - INFO - 更新 '咪视界-38-冰茶专用' [咪视界bc] (来自源2)
2025-12-11 16:23:11 - INFO - 添加特殊分组: '12月12日08:30_篮球直播节目_[早安Tip_Off]第51期 彭磊 杨毅 辰辰' [连宇体育]
2025-12-11 16:23:11 - INFO - 添加特殊分组: '12月12日09:00_NBA常规赛_快船vs火箭 彭磊 杨毅 辰辰' [连宇体育]
2025-12-11 16:23:11 - INFO - 添加特殊分组: '12月12日09:00_NBA常规赛_快船vs火箭 二路_皓篮球' [连宇体育]
2025-12-11 16:23:11 - INFO - 添加特殊分组: '12月12日09:00_NBA常规赛_快船vs火箭 英文原音' [连宇体育]
2025-12-11 16:23:11 - INFO - 添加特殊分组: '12月12日09:00_NBA常规赛_凯尔特人vs雄鹿 孔德昕' [连宇体育]
2025-12-11 16:23:11 - INFO - 添加特殊分组: '12月12日09:00_NBA常规赛_凯尔特人vs雄鹿 英文原音' [连宇体育]
2025-12-11 16:23:11 - INFO - 添加特殊分组: '12月12日09:00_NBA常规赛_开拓者vs鹈鹕 段冉 王仕鹏 美娜' [连宇体育]
2025-12-11 16:23:11 - INFO - 添加特殊分组: '12月12日09:00_NBA常规赛_开拓者vs鹈鹕 英文原音' [连宇体育]
2025-12-11 16:23:11 - INFO - 添加特殊分组: '12月12日09:15_NFL常规赛_猎鹰vs海盗 王子星 萧深' [连宇体育]
2025-12-11 16:23:11 - INFO - 添加特殊分组: '12月12日09:15_NFL常规赛_猎鹰vs海盗 英文原音' [连宇体育]
2025-12-11 16:23:11 - INFO - 添加特殊分组: '12月12日11:00_2025“全兴杯”传承足球明星联赛_冠军组第四轮 昆明凤凰橡胶 vs 天津老甲A' [连宇体育]
2025-12-11 16:23:11 - INFO - 添加特殊分组: '12月12日11:00_2025“全兴杯”传承足球明星联赛_超级组第四轮  四川全兴 vs 湖北老甲A' [连宇体育]
2025-12-11 16:23:11 - INFO - 添加特殊分组: '12月12日11:00_NBA常规赛_掘金vs国王 胡鹤明' [连宇体育]
2025-12-11 16:23:11 - INFO - 添加特殊分组: '12月12日11:00_NBA常规赛_掘金vs国王 英文原音' [连宇体育]
2025-12-11 16:23:11 - INFO - 添加特殊分组: '12月12日14:00_2025“全兴杯”传承足球明星联赛_冠军组第四轮 佳鑫伟业 vs 广西传承明星' [连宇体育]
2025-12-11 16:23:11 - INFO - 添加特殊分组: '12月12日14:00_2025“全兴杯”传承足球明星联赛_超级组第四轮 辽宁队 vs 广州传承明星' [连宇体育]
2025-12-11 16:23:11 - INFO - 添加特殊分组: '12月12日14:00_NBA经典赛_NBA常规赛精彩回顾：快船vs火箭' [连宇体育]
2025-12-11 16:23:11 - INFO - 添加特殊分组: '12月12日16:00_2025“全兴杯”传承足球明星联赛_冠军组第四轮 深圳传承明星 vs  山东泰山郓城恒基' [连宇体育]
2025-12-11 16:23:11 - INFO - 添加特殊分组: '12月12日16:00_2025“全兴杯”传承足球明星联赛_超级组第四轮 北京老男孩 vs 上海老克勒' [连宇体育]
2025-12-11 16:23:11 - INFO - 添加特殊分组: '12月12日16:00_NBA经典赛_NBA常规赛精彩回顾：凯尔特人vs雄鹿' [连宇体育]
2025-12-11 16:23:11 - INFO - 添加特殊分组: '12月12日18:00_NBA经典赛_NBA常规赛精彩回顾：开拓者vs鹈鹕' [连宇体育]
2025-12-11 16:23:11 - INFO - 添加特殊分组: '12月12日20:00_NBA经典赛_NBA常规赛精彩回顾：掘金vs国王' [连宇体育]
2025-12-11 16:23:11 - INFO - 添加咪咕分组: '[斯诺克] 12月11日03:00 周跃龙、许医尘轻松晋级 1号桌' [咪咕体育回看]
2025-12-11 16:23:11 - INFO - 添加咪咕分组: '[NBA] 12月11日08:30 太阳VS雷霆 王冠证 周鹏 殷文玉' [咪咕体育回看]
2025-12-11 16:23:11 - INFO - 添加咪咕分组: '[NBA] 12月11日08:30 太阳VS雷霆 英文原声' [咪咕体育回看]
2025-12-11 16:23:11 - INFO - 添加咪咕分组: '[国际雪联世界杯] 12月11日09:05 国际雪联U型场地世界杯 国际雪联U型场地世界杯（云顶站）-自由式滑雪女子预赛' [咪咕体育回看]
2025-12-11 16:23:11 - INFO - 添加咪咕分组: '[WTT] 12月11日10:30 莎头3-0动漫组合 林诗栋4-0梁靖崑 周冠达 肖扬' [咪咕体育回看]
2025-12-11 16:23:11 - INFO - 添加咪咕分组: '[WTT] 12月11日10:30 莎头3-0动漫组合 林诗栋4-0梁靖崑 智能字幕' [咪咕体育回看]
2025-12-11 16:23:11 - INFO - 添加咪咕分组: '[WTT] 12月11日10:30 莎头3-0动漫组合 林诗栋4-0梁靖崑 赛场原声' [咪咕体育回看]
2025-12-11 16:23:11 - INFO - 添加咪咕分组: '[NBA] 12月11日11:00 马刺VS湖人 25/26赛季NBA杯全场集锦：马刺132:119湖人（20251211）' [咪咕体育回看]
2025-12-11 16:23:11 - INFO - 添加咪咕分组: '[NBA] 12月11日11:00 马刺VS湖人 杨健 马健 佳依' [咪咕体育回看]
2025-12-11 16:23:11 - INFO - 添加咪咕分组: '[NBA] 12月11日11:00 马刺VS湖人 洪荒' [咪咕体育回看]
2025-12-11 16:23:11 - INFO - 添加咪咕分组: '[NBA] 12月11日11:00 马刺VS湖人 王晓晨' [咪咕体育回看]
2025-12-11 16:23:11 - INFO - 添加咪咕分组: '[NBA] 12月11日11:00 马刺VS湖人 老夫聊发少年狂！詹姆斯举火烧天单臂隔扣科内特' [咪咕体育回看]
2025-12-11 16:23:11 - INFO - 添加咪咕分组: '[NBA] 12月11日11:00 马刺VS湖人 英文原声' [咪咕体育回看]
2025-12-11 16:23:11 - INFO - 添加咪咕分组: '[NBA] 12月11日11:00 马刺VS湖人 莫俊祺' [咪咕体育回看]
2025-12-11 16:23:11 - INFO - 添加咪咕分组: '[NBA] 12月11日11:00 马刺VS湖人 郑泽鹏' [咪咕体育回看]
2025-12-11 16:23:11 - INFO - 添加咪咕分组: '[羽超联赛] 12月11日12:00 芜湖兴航2-3厦门银行 轩子博' [咪咕体育回看]
2025-12-11 16:23:11 - INFO - 添加咪咕分组: '[羽超联赛] 12月11日12:00 芜湖兴航VS厦门银行 清流播出' [咪咕体育回看]
2025-12-11 16:23:11 - INFO - 添加咪咕分组: '[羽超联赛] 12月11日12:00 辽宁极兔李永波3-2瑞昌碧源 清流播出' [咪咕体育回看]
2025-12-11 16:23:11 - INFO - 添加咪咕分组: '[全国体操冠军赛] 12月11日15:00 田倬凡、李鸿颜、刘恒宇夺金 清流播出' [咪咕体育回看]
2025-12-11 16:23:11 - INFO - 添加咪咕分组: '[亚冠二级] 12月11日18:00 南定 vs 香港东方 盛斌' [咪咕体育回看]
2025-12-11 16:23:11 - INFO - 添加咪咕分组: '[亚冠二级] 12月11日18:00 南定 vs 香港东方 赛场原声' [咪咕体育回看]
2025-12-11 16:23:11 - INFO - 添加咪咕分组: '[亚冠二级] 12月11日18:00 大阪钢巴 vs 拉查布里府 周楚雄' [咪咕体育回看]
2025-12-11 16:23:11 - INFO - 添加咪咕分组: '[亚冠二级] 12月11日18:00 大阪钢巴 vs 拉查布里府 赛场原声' [咪咕体育回看]
2025-12-11 16:23:11 - INFO - 添加咪咕分组: '[WTT] 12月11日18:00 孙颖莎4-0王艺迪 蒯曼横扫早田 侯英超 周雨 小马哥' [咪咕体育回看]
2025-12-11 16:23:11 - INFO - 添加咪咕分组: '[WTT] 12月11日18:00 孙颖莎4-0王艺迪 蒯曼首秀横扫早田 AI轨迹实时追踪' [咪咕体育回看]
2025-12-11 16:23:11 - INFO - 添加咪咕分组: '[WTT] 12月11日18:00 孙颖莎4-0王艺迪 蒯曼首秀横扫早田 智能字幕' [咪咕体育回看]
2025-12-11 16:23:11 - INFO - 添加咪咕分组: '[WTT] 12月11日18:00 孙颖莎4-0王艺迪 蒯曼首秀横扫早田 赛场原声' [咪咕体育回看]
2025-12-11 16:23:11 - INFO - 添加咪咕分组: '[羽超联赛] 12月11日18:30 江苏羽超3-2浙江竞体 解说员' [咪咕体育回看]
2025-12-11 16:23:11 - INFO - 添加咪咕分组: '[羽超联赛] 12月11日18:30 江苏羽超VS浙江竞体 清流播出' [咪咕体育回看]
2025-12-11 16:23:11 - INFO - 添加咪咕分组: '[羽超联赛] 12月11日18:30 深圳川崎羽众1-4青岛仁洲 清流播出' [咪咕体育回看]
2025-12-11 16:23:11 - INFO - 添加咪咕分组: '[WCBA] 12月11日19:30 上海浦发银行 VS 北京首钢园 解说' [咪咕体育回看]
2025-12-11 16:23:11 - INFO - 添加咪咕分组: '[浙江省城市篮球联赛] 12月11日19:30 嘉兴94-71绍兴 2025浙江省城市篮球联赛: 嘉兴VS绍兴' [咪咕体育回看]
2025-12-11 16:23:11 - INFO - 添加咪咕分组: '[WCBA] 12月11日19:30 山西竹叶青酒 VS 陕西榆林天泽 清流播出' [咪咕体育回看]
2025-12-11 16:23:11 - INFO - 添加咪咕分组: '[WCBA] 12月11日19:30 江西鲸裕清酒 VS 大连文体旅 清流播出' [咪咕体育回看]
2025-12-11 16:23:11 - INFO - 添加咪咕分组: '[WCBA] 12月11日19:30 浙江稠州银行 VS 四川蜀道远达 25/26赛季WCBA常规赛A组第4轮全场集锦：浙江稠州银行vs四川蜀道远达' [咪咕体育回看]
2025-12-11 16:23:11 - INFO - 添加咪咕分组: '[WCBA] 12月11日19:30 浙江稠州银行 VS 四川蜀道远达 解说' [咪咕体育回看]
2025-12-11 16:23:11 - INFO - 添加咪咕分组: '[亚冠二级] 12月11日20:15 北京国安 vs 麦克阿瑟FC 孙雨轩 徐云龙 李子琪' [咪咕体育回看]
2025-12-11 16:23:11 - INFO - 添加咪咕分组: '[亚冠二级] 12月11日20:15 北京国安 vs 麦克阿瑟FC 赛场原声' [咪咕体育回看]
2025-12-11 16:23:11 - INFO - 添加咪咕分组: '[亚冠二级] 12月11日20:15 卡雅 vs 浦项铁人 吴子越' [咪咕体育回看]
2025-12-11 16:23:11 - INFO - 添加咪咕分组: '[亚冠二级] 12月11日20:15 卡雅 vs 浦项铁人 赛场原声' [咪咕体育回看]
2025-12-11 16:23:11 - INFO - 添加咪咕分组: '[亚冠二级] 12月11日20:15 和富大埔 vs Công An Hà Nội 赛场原声' [咪咕体育回看]
2025-12-11 16:23:11 - INFO - 添加咪咕分组: '[亚冠二级] 12月11日20:15 和富大埔 vs Công An Hà Nội 鲁靖明' [咪咕体育回看]
2025-12-11 16:23:11 - INFO - 添加咪咕分组: '[亚冠二级] 12月11日20:15 曼谷玻璃 vs 淡宾尼流浪 乔迁' [咪咕体育回看]
2025-12-11 16:23:11 - INFO - 添加咪咕分组: '[亚冠二级] 12月11日20:15 曼谷玻璃 vs 淡宾尼流浪 赛场原声' [咪咕体育回看]
2025-12-11 16:23:11 - INFO - 添加咪咕分组: '[斯诺克] 12月11日21:00 赵心童白雨露出战 雷佩凡退赛 吴宜泽晋级 柏林' [咪咕体育回看]
2025-12-11 16:23:11 - INFO - 添加咪咕分组: '[斯诺克] 12月11日21:00 赵心童白雨露出战 雷佩凡退赛 吴宜泽晋级 现场原声' [咪咕体育回看]
2025-12-11 16:23:11 - INFO - 添加咪咕分组: '[斯诺克] 12月12日03:00 斯佳辉vs扎卡里 贺国强刘宏宇出战 现场原声' [今日咪咕]
2025-12-11 16:23:11 - INFO - 添加咪咕分组: '[NBA] 12月12日09:00 凯尔特人VS雄鹿 英文原声' [今日咪咕]
2025-12-11 16:23:11 - INFO - 添加咪咕分组: '[NBA] 12月12日09:00 凯尔特人VS雄鹿 董倡硕' [今日咪咕]
2025-12-11 16:23:11 - INFO - 添加咪咕分组: '[NBA] 12月12日09:00 开拓者VS鹈鹕 姜帆 王润陶 裴优' [今日咪咕]
2025-12-11 16:23:11 - INFO - 添加咪咕分组: '[NBA] 12月12日09:00 开拓者VS鹈鹕 英文原声' [今日咪咕]
2025-12-11 16:23:11 - INFO - 添加咪咕分组: '[NBA] 12月12日09:00 开拓者VS鹈鹕 邢晨' [今日咪咕]
2025-12-11 16:23:11 - INFO - 添加咪咕分组: '[NBA] 12月12日09:00 快船VS火箭 李天宇 周鹏 陈正昊' [今日咪咕]
2025-12-11 16:23:11 - INFO - 添加咪咕分组: '[NBA] 12月12日09:00 快船VS火箭 英文原声' [今日咪咕]
2025-12-11 16:23:11 - INFO - 添加咪咕分组: '[WTT] 12月12日11:00 动漫组合出战！楚钦、曼昱冲单打四强 智能字幕' [今日咪咕]
2025-12-11 16:23:11 - INFO - 添加咪咕分组: '[WTT] 12月12日11:00 动漫组合出战！楚钦、曼昱冲单打四强 现场视角' [今日咪咕]
2025-12-11 16:23:11 - INFO - 添加咪咕分组: '[WTT] 12月12日11:00 动漫组合出战！楚钦、曼昱冲单打四强 肖扬' [今日咪咕]
2025-12-11 16:23:11 - INFO - 添加咪咕分组: '[WTT] 12月12日11:00 动漫组合出战！楚钦、曼昱冲单打四强 肖扬' [今日咪咕]
2025-12-11 16:23:11 - INFO - 添加咪咕分组: '[WTT] 12月12日11:00 动漫组合出战！楚钦、曼昱冲单打四强 赛场原声' [今日咪咕]
2025-12-11 16:23:11 - INFO - 添加咪咕分组: '[NBA] 12月12日11:00 掘金VS国王 英文原声' [今日咪咕]
2025-12-11 16:23:11 - INFO - 添加咪咕分组: '[NBA] 12月12日11:00 掘金VS国王 连睿 闫宇峰 秋童' [今日咪咕]
2025-12-11 16:23:11 - INFO - 添加咪咕分组: '[羽超联赛] 12月12日12:00 深圳川崎羽众VS瑞昌碧源 清流播出' [今日咪咕]
2025-12-11 16:23:11 - INFO - 添加咪咕分组: '[羽超联赛] 12月12日12:00 辽宁极兔李永波VS芜湖兴航 清流播出' [今日咪咕]
2025-12-11 16:23:11 - INFO - 添加咪咕分组: '[中国足球青少年精英联赛] 12月12日14:30 大连涵瑀vs大连英博U21 解说' [今日咪咕]
2025-12-11 16:23:11 - INFO - 添加咪咕分组: '[全国体操冠军赛] 12月12日15:00 2025年全国体操冠军赛 第四日 清流播出' [今日咪咕]
2025-12-11 16:23:11 - INFO - 添加咪咕分组: '[WTT] 12月12日18:00 孙颖莎一日双赛 莎头组合迎战黄杜 侯英超 周雨 周冠达' [今日咪咕]
2025-12-11 16:23:11 - INFO - 添加咪咕分组: '[WTT] 12月12日18:00 孙颖莎一日双赛 莎头组合迎战黄杜 智能字幕' [今日咪咕]
2025-12-11 16:23:11 - INFO - 添加咪咕分组: '[WTT] 12月12日18:00 孙颖莎一日双赛 莎头组合迎战黄杜 现场视角' [今日咪咕]
2025-12-11 16:23:11 - INFO - 添加咪咕分组: '[WTT] 12月12日18:00 孙颖莎一日双赛 莎头组合迎战黄杜 赛场原声' [今日咪咕]
2025-12-11 16:23:11 - INFO - 添加咪咕分组: '[和平精英全球总决赛] 12月12日18:15 2025和平精英全球总决赛Day1 官方解说' [今日咪咕]
2025-12-11 16:23:11 - INFO - 添加咪咕分组: '[和平精英全球总决赛] 12月12日18:15 2025和平精英全球总决赛Day1 明星视角1' [今日咪咕]
2025-12-11 16:23:11 - INFO - 添加咪咕分组: '[羽超联赛] 12月12日18:30 江苏羽超VS青岛仁洲 曹志宇' [今日咪咕]
2025-12-11 16:23:11 - INFO - 添加咪咕分组: '[羽超联赛] 12月12日18:30 江苏羽超VS青岛仁洲 清流播出' [今日咪咕]
2025-12-11 16:23:11 - INFO - 添加咪咕分组: '[羽超联赛] 12月12日18:30 江苏羽超VS青岛仁洲 解说' [今日咪咕]
2025-12-11 16:23:11 - INFO - 添加咪咕分组: '[羽超联赛] 12月12日18:30 浙江竞体VS厦门银行 清流播出' [今日咪咕]
2025-12-11 16:23:11 - INFO - 添加咪咕分组: '[羽超联赛] 12月12日18:30 浙江竞体VS厦门银行 解说' [今日咪咕]
2025-12-11 16:23:11 - INFO - 添加咪咕分组: '[羽超联赛] 12月12日18:30 浙江竞体VS厦门银行 轩子博' [今日咪咕]
2025-12-11 16:23:11 - INFO - 添加咪咕分组: '[UFC前瞻与回顾] 12月12日19:00 UFC巴西柔术大赛 第四期 郑文祺' [今日咪咕]
2025-12-11 16:23:11 - INFO - 添加咪咕分组: '[中超] 12月12日19:30 2025赛季中国足球职业联赛颁奖会 刘畅 刘越' [今日咪咕]
2025-12-11 16:23:11 - INFO - 添加咪咕分组: '[浙江省城市篮球联赛] 12月12日19:30 丽水VS长兴 2025浙江省城市篮球联赛: 丽水VS长兴' [今日咪咕]
2025-12-11 16:23:11 - INFO - 添加咪咕分组: '[WCBA] 12月12日19:30 厦门银行 VS 福建金篮 清流播出' [今日咪咕]
2025-12-11 16:23:11 - INFO - 添加咪咕分组: '[WCBA] 12月12日19:30 合肥文旅 VS 河南豫光金铅 清流播出' [今日咪咕]
2025-12-11 16:23:11 - INFO - 添加咪咕分组: '[浙江省城市篮球联赛] 12月12日19:30 衢州VS永康 2025浙江省城市篮球联赛: 衢州VS永康' [今日咪咕]
2025-12-11 16:23:11 - INFO - 添加咪咕分组: '[斯诺克] 12月12日21:00 64进32 1号桌' [今日咪咕]
2025-12-11 16:23:11 - INFO - 添加咪咕分组: '[斯诺克] 12月13日03:00 斯诺克单局限时赛第三日64进32' [咪咕体育预告]
2025-12-11 16:23:11 - INFO - 添加咪咕分组: '[德甲] 12月13日03:30 柏林联合 vs RB莱比锡' [咪咕体育预告]
2025-12-11 16:23:11 - INFO - 添加咪咕分组: '[法甲] 12月13日03:45 昂热 vs 南特' [咪咕体育预告]
2025-12-11 16:23:11 - INFO - 添加咪咕分组: '[意甲] 12月13日03:45 莱切 vs 比萨' [咪咕体育预告]
2025-12-11 16:23:11 - INFO - 添加咪咕分组: '[西甲] 12月13日04:00 皇家社会 vs 赫罗纳' [咪咕体育预告]
2025-12-11 16:23:11 - INFO - 添加咪咕分组: '[NBA] 12月13日08:00 公牛VS黄蜂' [咪咕体育预告]
2025-12-11 16:23:11 - INFO - 添加咪咕分组: '[NBA] 12月13日08:00 步行者VS76人' [咪咕体育预告]
2025-12-11 16:23:11 - INFO - 添加咪咕分组: '[NBA] 12月13日08:00 老鹰VS活塞' [咪咕体育预告]
2025-12-11 16:23:11 - INFO - 添加咪咕分组: '[NBA] 12月13日08:00 骑士VS奇才' [咪咕体育预告]
2025-12-11 16:23:11 - INFO - 添加咪咕分组: '[NBA] 12月13日09:00 爵士VS灰熊' [咪咕体育预告]
2025-12-11 16:23:11 - INFO - 添加咪咕分组: '[NBA] 12月13日09:30 篮网VS独行侠' [咪咕体育预告]
2025-12-11 16:23:11 - INFO - 添加咪咕分组: '[NBA] 12月13日11:00 森林狼VS勇士' [咪咕体育预告]
2025-12-11 16:23:11 - INFO - 添加咪咕分组: '[羽超联赛] 12月13日12:00 厦门银行VS青岛仁洲' [咪咕体育预告]
2025-12-11 16:23:11 - INFO - 添加咪咕分组: '[羽超联赛] 12月13日12:00 辽宁极兔李永波VS浙江竞体' [咪咕体育预告]
2025-12-11 16:23:11 - INFO - 添加咪咕分组: '[WTT] 12月13日13:30 混双半决赛、男单1/4决赛' [咪咕体育预告]
2025-12-11 16:23:11 - INFO - 添加咪咕分组: '[东亚超级联赛] 12月13日17:10 台北富邦勇士vs香港东方' [咪咕体育预告]
2025-12-11 16:23:11 - INFO - 添加咪咕分组: '[羽超联赛] 12月13日18:30 深圳川崎羽众VS江苏羽超' [咪咕体育预告]
2025-12-11 16:23:11 - INFO - 添加咪咕分组: '[羽超联赛] 12月13日18:30 芜湖兴航VS瑞昌碧源' [咪咕体育预告]
2025-12-11 16:23:11 - INFO - 添加咪咕分组: '[和平精英全球总决赛] 12月13日18:45 2025和平精英全球总决赛Day2' [咪咕体育预告]
2025-12-11 16:23:11 - INFO - 添加咪咕分组: '[JCK] 12月13日18:55 JCK觉城之夜N112：罗周江措VS卡哈' [咪咕体育预告]
2025-12-11 16:23:11 - INFO - 添加咪咕分组: '[广东省城市足球超级联赛] 12月13日19:00 梅州强民VS广东蜀地红' [咪咕体育预告]
2025-12-11 16:23:11 - INFO - 添加咪咕分组: '[浙江省城市篮球联赛] 12月13日19:30 余姚VS温州' [咪咕体育预告]
2025-12-11 16:23:11 - INFO - 添加咪咕分组: '[浙江省城市篮球联赛] 12月13日19:30 杭州VS舟山' [咪咕体育预告]
2025-12-11 16:23:11 - INFO - 添加咪咕分组: '[WCBA] 12月13日19:30 武汉盛帆黄鹤 VS 山东赤水河酒' [咪咕体育预告]
2025-12-11 16:23:11 - INFO - 添加咪咕分组: '[WTT] 12月13日19:30 混双决赛、女单半决赛' [咪咕体育预告]
2025-12-11 16:23:11 - INFO - 添加咪咕分组: '[浙江省城市篮球联赛] 12月13日19:30 诸暨VS嘉兴经开区' [咪咕体育预告]
2025-12-11 16:23:11 - INFO - 添加咪咕分组: '[WCBA] 12月13日19:30 陕西榆林天泽 VS 石家庄英励' [咪咕体育预告]
2025-12-11 16:23:11 - INFO - 添加咪咕分组: '[WCBA] 12月13日20:00 新疆天山 VS 江苏南钢' [咪咕体育预告]
2025-12-11 16:23:11 - INFO - 添加咪咕分组: '[斯诺克] 12月13日21:00 斯诺克单局限时赛32进16' [咪咕体育预告]
2025-12-11 16:23:11 - INFO - 添加咪咕分组: '[西甲] 12月13日21:00 马德里竞技 vs 瓦伦西亚' [咪咕体育预告]
2025-12-11 16:23:11 - INFO - 添加咪咕分组: '[意甲] 12月13日22:00 都灵 vs 克雷莫纳' [咪咕体育预告]
2025-12-11 16:23:11 - INFO - 添加咪咕分组: '[德甲] 12月13日22:30 圣保利 vs 海登海姆' [咪咕体育预告]
2025-12-11 16:23:11 - INFO - 添加咪咕分组: '[德甲] 12月13日22:30 法兰克福 vs 奥格斯堡' [咪咕体育预告]
2025-12-11 16:23:11 - INFO - 添加咪咕分组: '[德甲] 12月13日22:30 门兴格拉德巴赫 vs 沃尔夫斯堡' [咪咕体育预告]
2025-12-11 16:23:11 - INFO - 添加咪咕分组: '[德甲] 12月13日22:30 霍芬海姆 vs 汉堡' [咪咕体育预告]
2025-12-11 16:23:11 - INFO - 添加咪咕分组: '[英超] 12月13日23:00 切尔西 vs 埃弗顿' [咪咕体育预告]
2025-12-11 16:23:11 - INFO - 添加咪咕分组: '[英超] 12月13日23:00 利物浦 vs 布赖顿' [咪咕体育预告]
2025-12-11 16:23:11 - INFO - 添加咪咕分组: '[西甲] 12月13日23:15 马略卡 vs 埃尔切' [咪咕体育预告]
2025-12-11 16:23:11 - INFO - 添加更新时间频道: 最后更新: 2025-12-12 00:23:11 (北京时间)
2025-12-11 16:23:11 - INFO - 文件更新完成，共处理 305 个频道
2025-12-11 16:23:11 - INFO - 已清理临时下载目录: downloaded_sources
2025-12-11 16:23:11 - INFO - ============================================================
2025-12-11 16:23:11 - INFO - 任务执行成功完成
2025-12-11 16:23:11 - INFO - 完成时间 (北京时间): 2025-12-12 00:23:11
2025-12-11 16:23:11 - INFO - 总耗时: 6.64 秒
2025-12-11 16:23:11 - INFO - 总计处理频道源: 2339 个
2025-12-11 16:23:11 - INFO - 日志文件: logs/tv_auto_update_20251211.log
2025-12-11 16:23:11 - INFO - ============================================================
