2025-12-10 11:31:02 - INFO - ============================================================
2025-12-10 11:31:02 - INFO - 开始执行直播源自动更新任务
2025-12-10 11:31:02 - INFO - 启动时间 (北京时间): 2025-12-10 19:31:02
2025-12-10 11:31:02 - INFO - ============================================================
2025-12-10 11:31:02 - INFO - 已加载配置，共有 6 个源地址
2025-12-10 11:31:02 - INFO - 已启用频道名称映射，将处理以下名称变体：
2025-12-10 11:31:02 - INFO -   '吉视都市': ['吉林都市', '吉视都市', '吉林电视台都市频道']
2025-12-10 11:31:02 - INFO -   '吉视生活': ['吉林生活', '吉视生活', '吉林电视台生活频道']
2025-12-10 11:31:02 - INFO -   '吉视影视': ['吉林影视', '吉视影视', '吉林电视台影视台']
2025-12-10 11:31:02 - INFO -   '吉视综艺': ['吉林综艺', '吉视综艺', '吉林电视台综艺频道']
2025-12-10 11:31:02 - INFO -   '吉视乡村': ['吉林乡村', '吉林电视台乡村频道', '吉林乡村频道']
2025-12-10 11:31:02 - INFO - 从目标文件中读取了 234 个待更新频道
2025-12-10 11:31:02 - INFO - 正在下载源 1: https://gyssi.link/iptv/chinaiptv/%E5%90%89%E6%9E%97%E7%9C%81.m3u...
2025-12-10 11:31:03 - INFO -   ✓ 成功下载源 1
2025-12-10 11:31:03 - INFO - 正在下载源 2: https://bc.188766.xyz/...
2025-12-10 11:31:03 - INFO -   ✓ 成功下载源 2
2025-12-10 11:31:03 - INFO - 正在下载源 3: https://gyssi.link/live/%E8%BE%BD%E5%AE%81.m3u...
2025-12-10 11:31:03 - INFO -   ✓ 成功下载源 3
2025-12-10 11:31:03 - INFO - 正在下载源 4: https://migu.lifit.uk/migu.php...
2025-12-10 11:31:04 - INFO -   ✓ 成功下载源 4
2025-12-10 11:31:04 - INFO - 正在下载源 5: https://raw.githubusercontent.com/10000ge10000/iptv-api/refs/heads/master/output/user_result.m3u...
2025-12-10 11:31:04 - INFO -   ✓ 成功下载源 5
2025-12-10 11:31:04 - INFO - 正在下载源 6: https://bc.188766.xyz/...
2025-12-10 11:31:04 - INFO -   ✓ 成功下载源 6
2025-12-10 11:31:04 - INFO - 从源1解析出 102 个频道
2025-12-10 11:31:04 - INFO - 从源2解析出 319 个频道
2025-12-10 11:31:04 - INFO - 从源3解析出 151 个频道
2025-12-10 11:31:04 - INFO - 从源4解析出 0 个频道
2025-12-10 11:31:04 - INFO - 从源5解析出 216 个频道
2025-12-10 11:31:04 - INFO - 从源6解析出 319 个频道
2025-12-10 11:31:04 - INFO - 从源2找到 44 个'冰茶体育'频道，将重命名为'连宇体育'
2025-12-10 11:31:04 - INFO - 从源4找到 0 个咪咕体育频道
2025-12-10 11:31:04 - INFO - 开始更新目标文件 index.html ...
2025-12-10 11:31:04 - INFO - 更新 'CCTV1-综合' [央视吉林] (来自源1)
2025-12-10 11:31:04 - INFO - 更新 'CCTV2-财经' [央视吉林] (来自源1)
2025-12-10 11:31:04 - INFO - 更新 'CCTV3-综艺' [央视吉林] (来自源1)
2025-12-10 11:31:04 - INFO - 更新 'CCTV4-国际' [央视吉林] (来自源1)
2025-12-10 11:31:04 - INFO - 更新 'CCTV5-体育' [央视吉林] (来自源1)
2025-12-10 11:31:04 - INFO - 更新 'CCTV6-电影' [央视吉林] (来自源1)
2025-12-10 11:31:04 - INFO - 更新 'CCTV7-国防军事' [央视吉林] (来自源1)
2025-12-10 11:31:04 - INFO - 更新 'CCTV8-电视剧' [央视吉林] (来自源1)
2025-12-10 11:31:04 - INFO - 更新 'CCTV9-纪录' [央视吉林] (来自源1)
2025-12-10 11:31:04 - INFO - 更新 'CCTV10-科教' [央视吉林] (来自源1)
2025-12-10 11:31:04 - INFO - 更新 'CCTV11-戏曲' [央视吉林] (来自源1)
2025-12-10 11:31:04 - INFO - 更新 'CCTV12-社会与法' [央视吉林] (来自源1)
2025-12-10 11:31:04 - INFO - 更新 'CCTV13-新闻' [央视吉林] (来自源1)
2025-12-10 11:31:04 - INFO - 更新 'CCTV14-少儿' [央视吉林] (来自源1)
2025-12-10 11:31:04 - INFO - 更新 'CCTV15-音乐' [央视吉林] (来自源1)
2025-12-10 11:31:04 - INFO - 更新 'CCTV17-农业农村' [央视吉林] (来自源1)
2025-12-10 11:31:04 - INFO - 更新 'CCTV5+体育赛事' [央视吉林] (来自源1)
2025-12-10 11:31:04 - INFO - 更新 'CCTV5+体育赛事' [央视辽宁] (来自源1)
2025-12-10 11:31:04 - INFO - 更新 '央视台球' [央视付费频道] (来自源1)
2025-12-10 11:31:04 - INFO - 更新 '风云音乐' [央视付费频道] (来自源1)
2025-12-10 11:31:04 - INFO - 更新 '第一剧场' [央视付费频道] (来自源1)
2025-12-10 11:31:04 - INFO - 更新 '风云剧场' [央视付费频道] (来自源1)
2025-12-10 11:31:04 - INFO - 更新 '怀旧剧场' [央视付费频道] (来自源1)
2025-12-10 11:31:04 - INFO - 更新 '女性时尚' [央视付费频道] (来自源1)
2025-12-10 11:31:04 - INFO - 更新 '风云足球' [央视付费频道] (来自源1)
2025-12-10 11:31:04 - INFO - 更新 '兵器科技' [央视付费频道] (来自源1)
2025-12-10 11:31:04 - INFO - 更新 '广东卫视' [卫视频道] (来自源1)
2025-12-10 11:31:04 - INFO - 更新 '浙江卫视' [卫视频道] (来自源1)
2025-12-10 11:31:04 - INFO - 更新 '湖南卫视' [卫视频道] (来自源1)
2025-12-10 11:31:04 - INFO - 更新 '北京卫视' [卫视频道] (来自源1)
2025-12-10 11:31:04 - INFO - 更新 '湖北卫视' [卫视频道] (来自源1)
2025-12-10 11:31:04 - INFO - 更新 '黑龙江卫视' [卫视频道] (来自源1)
2025-12-10 11:31:04 - INFO - 更新 '安徽卫视' [卫视频道] (来自源1)
2025-12-10 11:31:04 - INFO - 更新 '重庆卫视' [卫视频道] (来自源1)
2025-12-10 11:31:04 - INFO - 更新 '东方卫视' [卫视频道] (来自源1)
2025-12-10 11:31:04 - INFO - 更新 '东南卫视' [卫视频道] (来自源1)
2025-12-10 11:31:04 - INFO - 更新 '甘肃卫视' [卫视频道] (来自源1)
2025-12-10 11:31:04 - INFO - 更新 '广西卫视' [卫视频道] (来自源1)
2025-12-10 11:31:04 - INFO - 更新 '贵州卫视' [卫视频道] (来自源1)
2025-12-10 11:31:04 - INFO - 更新 '海南卫视' [卫视频道] (来自源1)
2025-12-10 11:31:04 - INFO - 更新 '河北卫视' [卫视频道] (来自源1)
2025-12-10 11:31:04 - INFO - 更新 '河南卫视' [卫视频道] (来自源1)
2025-12-10 11:31:04 - INFO - 更新 '吉林卫视' [卫视频道] (来自源1)
2025-12-10 11:31:04 - INFO - 更新 '江苏卫视' [卫视频道] (来自源1)
2025-12-10 11:31:04 - INFO - 更新 '江西卫视' [卫视频道] (来自源1)
2025-12-10 11:31:04 - INFO - 更新 '辽宁卫视' [卫视频道] (来自源1)
2025-12-10 11:31:04 - INFO - 更新 '内蒙古卫视' [卫视频道] (来自源1)
2025-12-10 11:31:04 - INFO - 更新 '宁夏卫视' [卫视频道] (来自源1)
2025-12-10 11:31:04 - INFO - 更新 '青海卫视' [卫视频道] (来自源1)
2025-12-10 11:31:04 - INFO - 更新 '山东卫视' [卫视频道] (来自源1)
2025-12-10 11:31:04 - INFO - 更新 '山西卫视' [卫视频道] (来自源1)
2025-12-10 11:31:04 - INFO - 更新 '陕西卫视' [卫视频道] (来自源1)
2025-12-10 11:31:04 - INFO - 更新 '四川卫视' [卫视频道] (来自源1)
2025-12-10 11:31:04 - INFO - 更新 '深圳卫视' [卫视频道] (来自源1)
2025-12-10 11:31:04 - INFO - 更新 '三沙卫视' [卫视频道] (来自源1)
2025-12-10 11:31:04 - INFO - 更新 '天津卫视' [卫视频道] (来自源1)
2025-12-10 11:31:04 - INFO - 更新 '西藏卫视' [卫视频道] (来自源1)
2025-12-10 11:31:04 - INFO - 更新 '新疆卫视' [卫视频道] (来自源1)
2025-12-10 11:31:04 - INFO - 更新 '云南卫视' [卫视频道] (来自源1)
2025-12-10 11:31:04 - INFO - 更新 '兵团卫视' [卫视频道] (来自源1)
2025-12-10 11:31:04 - INFO - 更新 '吉林卫视' [吉林本地] (来自源1)
2025-12-10 11:31:04 - INFO - 更新 '吉视都市' [吉林本地] (来自源1)
2025-12-10 11:31:04 - INFO - 更新 '吉视乡村' [吉林本地] (来自源1)
2025-12-10 11:31:04 - INFO - 更新 '吉视生活' [吉林本地] (来自源1)
2025-12-10 11:31:04 - INFO - 更新 '吉视综艺' [吉林本地] (来自源1)
2025-12-10 11:31:04 - INFO - 更新 '吉视影视' [吉林本地] (来自源1)
2025-12-10 11:31:04 - INFO - 更新 '吉林教育' [吉林本地] (来自源1)
2025-12-10 11:31:04 - INFO - 更新 '延边卫视' [吉林本地] (来自源1)
2025-12-10 11:31:04 - INFO - 更新 '长影频道' [吉林本地] (来自源1)
2025-12-10 11:31:04 - INFO - 更新 '辽宁卫视' [辽宁本地] (来自源1)
2025-12-10 11:31:04 - INFO - 添加特殊分组: '12月10日01:30欧冠_拜仁vs葡萄牙体育' [连宇体育]
2025-12-10 11:31:04 - INFO - 添加特殊分组: '12月10日03:45欧冠_国米vs利物浦' [连宇体育]
2025-12-10 11:31:04 - INFO - 添加特殊分组: '12月10日03:50欧冠_亚特兰大vs切尔西' [连宇体育]
2025-12-10 11:31:04 - INFO - 添加特殊分组: '12月10日03:55欧女冠_阿森纳女足vs特温特女足' [连宇体育]
2025-12-10 11:31:04 - INFO - 添加特殊分组: '12月10日03:55欧冠_巴萨vs法兰克福' [连宇体育]
2025-12-10 11:31:04 - INFO - 添加特殊分组: '12月10日03:55欧冠_摩纳哥vs加拉塔萨雷' [连宇体育]
2025-12-10 11:31:04 - INFO - 添加特殊分组: '12月10日03:55欧冠_埃因霍温vs马竞' [连宇体育]
2025-12-10 11:31:04 - INFO - 添加特殊分组: '12月10日03:55欧冠_圣吉罗斯vs马赛' [连宇体育]
2025-12-10 11:31:04 - INFO - 添加特殊分组: '12月10日03:55欧冠_热刺vs布拉格斯拉维亚' [连宇体育]
2025-12-10 11:31:04 - INFO - 添加特殊分组: '12月10日07:00_NBA杯淘汰赛_魔术vs热火_王猛吴谦辰辰' [连宇体育]
2025-12-10 11:31:04 - INFO - 添加特殊分组: '12月10日07:00_NBA杯淘汰赛_魔术vs热火_英文原音' [连宇体育]
2025-12-10 11:31:04 - INFO - 添加特殊分组: '12月10日09:00_篮球直播节目_[早安Tip_Off]第49期：NBA杯淘汰赛开启谁能晋级半决赛？_段冉管维佳泱泱' [连宇体育]
2025-12-10 11:31:04 - INFO - 添加特殊分组: '12月10日09:30_NBA杯淘汰赛_猛龙vs尼克斯_段冉管维佳泱泱' [连宇体育]
2025-12-10 11:31:04 - INFO - 添加特殊分组: '12月10日09:30_NBA杯淘汰赛_猛龙vs尼克斯_英文原音' [连宇体育]
2025-12-10 11:31:04 - INFO - 添加特殊分组: '12月10日10:00_2025年全国体操冠军赛 第二日：河北队田倬凡、江西队傅凯鑫摘金_田倬凡、傅凯鑫个人全能摘金_[全场回放]全国体操冠军赛第二日' [连宇体育]
2025-12-10 11:31:04 - INFO - 添加特殊分组: '12月10日10:00_NBAG联赛开季赛_撕裂之城混音vs盐湖城星' [连宇体育]
2025-12-10 11:31:04 - INFO - 添加特殊分组: '12月10日10:00_NBAG联赛开季赛_撕裂之城混音vs盐湖城星_英文原音' [连宇体育]
2025-12-10 11:31:04 - INFO - 添加特殊分组: '12月10日10:30_WTT香港总决赛：混双小组赛第1轮、男女单打1/8决赛_莎头混双首秀告捷！石洵瑶2_4陈幸同_[全场回放]（石楚阳、小马哥）' [连宇体育]
2025-12-10 11:31:04 - INFO - 添加特殊分组: '12月10日11:00_2025“全兴杯”传承足球明星联赛_冠军组第三轮山东泰山郓城恒基vs广西传承明星' [连宇体育]
2025-12-10 11:31:04 - INFO - 添加特殊分组: '12月10日11:00_2025“全兴杯”传承足球明星联赛_超级组第三轮北京老男孩vs辽宁队' [连宇体育]
2025-12-10 11:31:04 - INFO - 添加特殊分组: '12月10日14:00_2025“全兴杯”传承足球明星联赛_冠军组第三轮天津老甲Avs深圳传承明星' [连宇体育]
2025-12-10 11:31:04 - INFO - 添加特殊分组: '12月10日14:00_2025“全兴杯”传承足球明星联赛_超级组第三轮四川全兴vs上海老克勒' [连宇体育]
2025-12-10 11:31:04 - INFO - 添加特殊分组: '12月10日14:00_NBA经典赛_NBA常规赛精彩回顾：热火vs魔术' [连宇体育]
2025-12-10 11:31:04 - INFO - 添加特殊分组: '12月10日16:00_2025“全兴杯”传承足球明星联赛_冠军组第三轮佳鑫伟业vs昆明凤凰橡胶' [连宇体育]
2025-12-10 11:31:04 - INFO - 添加特殊分组: '12月10日16:00_2025“全兴杯”传承足球明星联赛_超级组第三轮广州传承明星vs湖北老甲A' [连宇体育]
2025-12-10 11:31:04 - INFO - 添加特殊分组: '12月10日16:00_NBA经典赛_NBA常规赛精彩回顾：尼克斯vs猛龙' [连宇体育]
2025-12-10 11:31:04 - INFO - 添加特殊分组: '12月10日17:00_CHBL揭幕战(女)_耐高精英联队vs清华附中' [连宇体育]
2025-12-10 11:31:04 - INFO - 添加特殊分组: '12月10日18:00_亚冠精英联赛阶段_首尔 vs 墨尔本城_鲁靖明' [连宇体育]
2025-12-10 11:31:04 - INFO - 添加特殊分组: '12月10日18:00_亚冠精英联赛阶段_首尔 vs 墨尔本城_赛场原声' [连宇体育]
2025-12-10 11:31:04 - INFO - 添加特殊分组: '12月10日18:00_亚冠精英联赛阶段_广岛三箭 vs 上海申花_娄一晨 刘越 孙蕊' [连宇体育]
2025-12-10 11:31:04 - INFO - 添加特殊分组: '12月10日18:00_WTT香港总决赛：混双小组赛第1轮、男女单打1/8决赛_王楚钦、王曼昱冲开门红 动漫组合横扫_赛场原声' [连宇体育]
2025-12-10 11:31:04 - INFO - 添加特殊分组: '12月10日18:00_WTT香港总决赛：混双小组赛第1轮、男女单打1/8决赛_王楚钦、王曼昱冲开门红 动漫组合横扫_智能字幕' [连宇体育]
2025-12-10 11:31:04 - INFO - 添加特殊分组: '12月10日18:00_NBA经典赛_NBA常规赛精彩回顾：太阳vs森林狼' [连宇体育]
2025-12-10 11:31:04 - INFO - 添加特殊分组: '12月10日18:45_CHBL揭幕战(男)_耐高精英联队vs广东实验中学' [连宇体育]
2025-12-10 11:31:04 - INFO - 添加特殊分组: '12月10日19:30_WCBA常规赛A组_江苏南钢 VS 武汉盛帆黄鹤_清流播出' [连宇体育]
2025-12-10 11:31:04 - INFO - 添加特殊分组: '12月10日19:30_WCBA常规赛A组_山东赤水河酒 VS 东莞新彤盛_清流播出' [连宇体育]
2025-12-10 11:31:04 - INFO - 添加特殊分组: '12月10日19:30_苍南VS宁波_苍南VS宁波_2025浙江省城市篮球联赛: 苍南VS宁波' [连宇体育]
2025-12-10 11:31:04 - INFO - 添加特殊分组: '12月10日20:00_WCBA常规赛A组_新疆天山 VS 石家庄英励_解说' [连宇体育]
2025-12-10 11:31:04 - INFO - 添加特殊分组: '12月10日20:00_NBA经典赛_NBA常规赛精彩回顾：湖人vs76人' [连宇体育]
2025-12-10 11:31:04 - INFO - 添加特殊分组: '12月10日20:15_亚冠二级小组赛_雪兰莪 vs 本国联队_盛斌' [连宇体育]
2025-12-10 11:31:04 - INFO - 添加特殊分组: '12月10日20:15_亚冠二级小组赛_雪兰莪 vs 本国联队_赛场原声' [连宇体育]
2025-12-10 11:31:04 - INFO - 添加特殊分组: '12月10日20:15_亚冠二级小组赛_佩西比萬隆 vs 曼谷联_刘洋' [连宇体育]
2025-12-10 11:31:04 - INFO - 添加特殊分组: '12月10日20:15_亚冠二级小组赛_佩西比萬隆 vs 曼谷联_赛场原声' [连宇体育]
2025-12-10 11:31:04 - INFO - 添加特殊分组: '12月10日21:00_斯诺克单局限时赛第一日：张安达庞俊旭出战 龙泽煌vs布雷切尔_张安达庞俊旭出战 龙泽煌vs布雷切尔_现场原声' [连宇体育]
2025-12-10 11:31:04 - INFO - 添加更新时间频道: 最后更新: 2025-12-10 19:31:04 (北京时间)
2025-12-10 11:31:04 - INFO - 文件更新完成，共处理 114 个频道
2025-12-10 11:31:04 - INFO - ============================================================
2025-12-10 11:31:04 - INFO - 任务执行成功完成
2025-12-10 11:31:04 - INFO - 完成时间 (北京时间): 2025-12-10 19:31:04
2025-12-10 11:31:04 - INFO - 总耗时: 2.25 秒
2025-12-10 11:31:04 - INFO - 总计处理频道源: 1107 个
2025-12-10 11:31:04 - INFO - 日志文件: logs/tv_auto_update_20251210.log
2025-12-10 11:31:04 - INFO - ============================================================
2025-12-10 11:40:26 - INFO - ============================================================
2025-12-10 11:40:26 - INFO - 开始执行直播源自动更新任务
2025-12-10 11:40:26 - INFO - 启动时间 (北京时间): 2025-12-10 19:40:26
2025-12-10 11:40:26 - INFO - ============================================================
2025-12-10 11:40:26 - INFO - 已加载配置，共有 6 个源地址
2025-12-10 11:40:26 - INFO - 已启用频道名称映射，将处理以下名称变体：
2025-12-10 11:40:26 - INFO -   '吉视都市': ['吉林都市', '吉视都市', '吉林电视台都市频道']
2025-12-10 11:40:26 - INFO -   '吉视生活': ['吉林生活', '吉视生活', '吉林电视台生活频道']
2025-12-10 11:40:26 - INFO -   '吉视影视': ['吉林影视', '吉视影视', '吉林电视台影视台']
2025-12-10 11:40:26 - INFO -   '吉视综艺': ['吉林综艺', '吉视综艺', '吉林电视台综艺频道']
2025-12-10 11:40:26 - INFO -   '吉视乡村': ['吉林乡村', '吉林电视台乡村频道', '吉林乡村频道']
2025-12-10 11:40:26 - INFO - 从目标文件中读取了 259 个待更新频道
2025-12-10 11:40:26 - INFO - 正在下载源 1: https://gyssi.link/iptv/chinaiptv/%E5%90%89%E6%9E%97%E7%9C%81.m3u...
2025-12-10 11:40:26 - INFO -   ✓ 成功下载源 1
2025-12-10 11:40:26 - INFO - 正在下载源 2: https://bc.188766.xyz/...
2025-12-10 11:40:27 - INFO -   ✓ 成功下载源 2
2025-12-10 11:40:27 - INFO - 正在下载源 3: https://gyssi.link/live/%E8%BE%BD%E5%AE%81.m3u...
2025-12-10 11:40:27 - INFO -   ✓ 成功下载源 3
2025-12-10 11:40:27 - INFO - 正在下载源 4: https://migu.lifit.uk/migu.php...
2025-12-10 11:40:29 - INFO -   ✓ 成功下载源 4
2025-12-10 11:40:29 - INFO - 正在下载源 5: https://raw.githubusercontent.com/10000ge10000/iptv-api/refs/heads/master/output/user_result.m3u...
2025-12-10 11:40:29 - INFO -   ✓ 成功下载源 5
2025-12-10 11:40:29 - INFO - 正在下载源 6: https://bc.188766.xyz/...
2025-12-10 11:40:29 - INFO -   ✓ 成功下载源 6
2025-12-10 11:40:29 - INFO - 从源1解析出 102 个频道
2025-12-10 11:40:29 - INFO - 从源2解析出 319 个频道
2025-12-10 11:40:29 - INFO - 从源3解析出 151 个频道
2025-12-10 11:40:29 - INFO - 从源4解析出 0 个频道
2025-12-10 11:40:29 - INFO - 从源5解析出 216 个频道
2025-12-10 11:40:29 - INFO - 从源6解析出 319 个频道
2025-12-10 11:40:29 - INFO - 从源2找到 44 个'冰茶体育'频道，将重命名为'连宇体育'
2025-12-10 11:40:29 - INFO - 从源4共找到 0 个频道
2025-12-10 11:40:29 - INFO - 从源4找到 0 个咪咕体育频道
2025-12-10 11:40:29 - WARNING - 未找到匹配'咪咕体育-\d{8}'的频道
2025-12-10 11:40:29 - WARNING - 请检查频道名称格式，示例应该包含: '咪咕体育-20251209'
2025-12-10 11:40:29 - WARNING - 实际频道名前10个示例: []
2025-12-10 11:40:29 - INFO - 开始更新目标文件 index.html ...
2025-12-10 11:40:29 - INFO - 添加特殊分组: '12月10日01:30欧冠_拜仁vs葡萄牙体育' [连宇体育]
2025-12-10 11:40:29 - INFO - 添加特殊分组: '12月10日03:45欧冠_国米vs利物浦' [连宇体育]
2025-12-10 11:40:29 - INFO - 添加特殊分组: '12月10日03:50欧冠_亚特兰大vs切尔西' [连宇体育]
2025-12-10 11:40:29 - INFO - 添加特殊分组: '12月10日03:55欧女冠_阿森纳女足vs特温特女足' [连宇体育]
2025-12-10 11:40:29 - INFO - 添加特殊分组: '12月10日03:55欧冠_巴萨vs法兰克福' [连宇体育]
2025-12-10 11:40:29 - INFO - 添加特殊分组: '12月10日03:55欧冠_摩纳哥vs加拉塔萨雷' [连宇体育]
2025-12-10 11:40:29 - INFO - 添加特殊分组: '12月10日03:55欧冠_埃因霍温vs马竞' [连宇体育]
2025-12-10 11:40:29 - INFO - 添加特殊分组: '12月10日03:55欧冠_圣吉罗斯vs马赛' [连宇体育]
2025-12-10 11:40:29 - INFO - 添加特殊分组: '12月10日03:55欧冠_热刺vs布拉格斯拉维亚' [连宇体育]
2025-12-10 11:40:29 - INFO - 添加特殊分组: '12月10日07:00_NBA杯淘汰赛_魔术vs热火_王猛吴谦辰辰' [连宇体育]
2025-12-10 11:40:29 - INFO - 添加特殊分组: '12月10日07:00_NBA杯淘汰赛_魔术vs热火_英文原音' [连宇体育]
2025-12-10 11:40:29 - INFO - 添加特殊分组: '12月10日09:00_篮球直播节目_[早安Tip_Off]第49期：NBA杯淘汰赛开启谁能晋级半决赛？_段冉管维佳泱泱' [连宇体育]
2025-12-10 11:40:29 - INFO - 添加特殊分组: '12月10日09:30_NBA杯淘汰赛_猛龙vs尼克斯_段冉管维佳泱泱' [连宇体育]
2025-12-10 11:40:29 - INFO - 添加特殊分组: '12月10日09:30_NBA杯淘汰赛_猛龙vs尼克斯_英文原音' [连宇体育]
2025-12-10 11:40:29 - INFO - 添加特殊分组: '12月10日10:00_2025年全国体操冠军赛 第二日：河北队田倬凡、江西队傅凯鑫摘金_田倬凡、傅凯鑫个人全能摘金_[全场回放]全国体操冠军赛第二日' [连宇体育]
2025-12-10 11:40:29 - INFO - 添加特殊分组: '12月10日10:00_NBAG联赛开季赛_撕裂之城混音vs盐湖城星' [连宇体育]
2025-12-10 11:40:29 - INFO - 添加特殊分组: '12月10日10:00_NBAG联赛开季赛_撕裂之城混音vs盐湖城星_英文原音' [连宇体育]
2025-12-10 11:40:29 - INFO - 添加特殊分组: '12月10日10:30_WTT香港总决赛：混双小组赛第1轮、男女单打1/8决赛_莎头混双首秀告捷！石洵瑶2_4陈幸同_[全场回放]（石楚阳、小马哥）' [连宇体育]
2025-12-10 11:40:29 - INFO - 添加特殊分组: '12月10日11:00_2025“全兴杯”传承足球明星联赛_冠军组第三轮山东泰山郓城恒基vs广西传承明星' [连宇体育]
2025-12-10 11:40:29 - INFO - 添加特殊分组: '12月10日11:00_2025“全兴杯”传承足球明星联赛_超级组第三轮北京老男孩vs辽宁队' [连宇体育]
2025-12-10 11:40:29 - INFO - 添加特殊分组: '12月10日14:00_2025“全兴杯”传承足球明星联赛_冠军组第三轮天津老甲Avs深圳传承明星' [连宇体育]
2025-12-10 11:40:29 - INFO - 添加特殊分组: '12月10日14:00_2025“全兴杯”传承足球明星联赛_超级组第三轮四川全兴vs上海老克勒' [连宇体育]
2025-12-10 11:40:29 - INFO - 添加特殊分组: '12月10日14:00_NBA经典赛_NBA常规赛精彩回顾：热火vs魔术' [连宇体育]
2025-12-10 11:40:29 - INFO - 添加特殊分组: '12月10日16:00_2025“全兴杯”传承足球明星联赛_冠军组第三轮佳鑫伟业vs昆明凤凰橡胶' [连宇体育]
2025-12-10 11:40:29 - INFO - 添加特殊分组: '12月10日16:00_2025“全兴杯”传承足球明星联赛_超级组第三轮广州传承明星vs湖北老甲A' [连宇体育]
2025-12-10 11:40:29 - INFO - 添加特殊分组: '12月10日16:00_NBA经典赛_NBA常规赛精彩回顾：尼克斯vs猛龙' [连宇体育]
2025-12-10 11:40:29 - INFO - 添加特殊分组: '12月10日17:00_CHBL揭幕战(女)_耐高精英联队vs清华附中' [连宇体育]
2025-12-10 11:40:29 - INFO - 添加特殊分组: '12月10日18:00_亚冠精英联赛阶段_首尔 vs 墨尔本城_鲁靖明' [连宇体育]
2025-12-10 11:40:29 - INFO - 添加特殊分组: '12月10日18:00_亚冠精英联赛阶段_首尔 vs 墨尔本城_赛场原声' [连宇体育]
2025-12-10 11:40:29 - INFO - 添加特殊分组: '12月10日18:00_亚冠精英联赛阶段_广岛三箭 vs 上海申花_娄一晨 刘越 孙蕊' [连宇体育]
2025-12-10 11:40:29 - INFO - 添加特殊分组: '12月10日18:00_WTT香港总决赛：混双小组赛第1轮、男女单打1/8决赛_王楚钦、王曼昱冲开门红 动漫组合横扫_赛场原声' [连宇体育]
2025-12-10 11:40:29 - INFO - 添加特殊分组: '12月10日18:00_WTT香港总决赛：混双小组赛第1轮、男女单打1/8决赛_王楚钦、王曼昱冲开门红 动漫组合横扫_智能字幕' [连宇体育]
2025-12-10 11:40:29 - INFO - 添加特殊分组: '12月10日18:00_NBA经典赛_NBA常规赛精彩回顾：太阳vs森林狼' [连宇体育]
2025-12-10 11:40:29 - INFO - 添加特殊分组: '12月10日18:45_CHBL揭幕战(男)_耐高精英联队vs广东实验中学' [连宇体育]
2025-12-10 11:40:29 - INFO - 添加特殊分组: '12月10日19:30_WCBA常规赛A组_江苏南钢 VS 武汉盛帆黄鹤_清流播出' [连宇体育]
2025-12-10 11:40:29 - INFO - 添加特殊分组: '12月10日19:30_WCBA常规赛A组_山东赤水河酒 VS 东莞新彤盛_清流播出' [连宇体育]
2025-12-10 11:40:29 - INFO - 添加特殊分组: '12月10日19:30_苍南VS宁波_苍南VS宁波_2025浙江省城市篮球联赛: 苍南VS宁波' [连宇体育]
2025-12-10 11:40:29 - INFO - 添加特殊分组: '12月10日20:00_WCBA常规赛A组_新疆天山 VS 石家庄英励_解说' [连宇体育]
2025-12-10 11:40:29 - INFO - 添加特殊分组: '12月10日20:00_NBA经典赛_NBA常规赛精彩回顾：湖人vs76人' [连宇体育]
2025-12-10 11:40:29 - INFO - 添加特殊分组: '12月10日20:15_亚冠二级小组赛_雪兰莪 vs 本国联队_盛斌' [连宇体育]
2025-12-10 11:40:29 - INFO - 添加特殊分组: '12月10日20:15_亚冠二级小组赛_雪兰莪 vs 本国联队_赛场原声' [连宇体育]
2025-12-10 11:40:29 - INFO - 添加特殊分组: '12月10日20:15_亚冠二级小组赛_佩西比萬隆 vs 曼谷联_刘洋' [连宇体育]
2025-12-10 11:40:29 - INFO - 添加特殊分组: '12月10日20:15_亚冠二级小组赛_佩西比萬隆 vs 曼谷联_赛场原声' [连宇体育]
2025-12-10 11:40:29 - INFO - 添加特殊分组: '12月10日21:00_斯诺克单局限时赛第一日：张安达庞俊旭出战 龙泽煌vs布雷切尔_张安达庞俊旭出战 龙泽煌vs布雷切尔_现场原声' [连宇体育]
2025-12-10 11:40:29 - INFO - 添加更新时间频道: 最后更新: 2025-12-10 19:40:29 (北京时间)
2025-12-10 11:40:29 - INFO - 文件更新完成，共处理 44 个频道
2025-12-10 11:40:29 - INFO - ============================================================
2025-12-10 11:40:29 - INFO - 任务执行成功完成
2025-12-10 11:40:29 - INFO - 完成时间 (北京时间): 2025-12-10 19:40:29
2025-12-10 11:40:29 - INFO - 总耗时: 3.61 秒
2025-12-10 11:40:29 - INFO - 总计处理频道源: 1107 个
2025-12-10 11:40:29 - INFO - 日志文件: logs/tv_auto_update_20251210.log
2025-12-10 11:40:29 - INFO - ============================================================
2025-12-10 11:56:57 - INFO - ============================================================
2025-12-10 11:56:57 - INFO - 开始执行直播源自动更新任务
2025-12-10 11:56:57 - INFO - 启动时间 (北京时间): 2025-12-10 19:56:57
2025-12-10 11:56:57 - INFO - ============================================================
2025-12-10 11:56:57 - INFO - 已加载配置，共有 6 个源地址
2025-12-10 11:56:57 - INFO - 已启用频道名称映射，将处理以下名称变体：
2025-12-10 11:56:57 - INFO -   '吉视都市': ['吉林都市', '吉视都市', '吉林电视台都市频道']
2025-12-10 11:56:57 - INFO -   '吉视生活': ['吉林生活', '吉视生活', '吉林电视台生活频道']
2025-12-10 11:56:57 - INFO -   '吉视影视': ['吉林影视', '吉视影视', '吉林电视台影视台']
2025-12-10 11:56:57 - INFO -   '吉视综艺': ['吉林综艺', '吉视综艺', '吉林电视台综艺频道']
2025-12-10 11:56:57 - INFO -   '吉视乡村': ['吉林乡村', '吉林电视台乡村频道', '吉林乡村频道']
2025-12-10 11:56:57 - INFO - 从目标文件中读取了 259 个待更新频道
2025-12-10 11:56:57 - INFO - 正在下载源 1: https://gyssi.link/iptv/chinaiptv/%E5%90%89%E6%9E%97%E7%9C%81.m3u...
2025-12-10 11:56:58 - INFO -   ✓ 成功下载源 1
2025-12-10 11:56:58 - INFO - 正在下载源 2: https://bc.188766.xyz/...
2025-12-10 11:56:59 - INFO -   ✓ 成功下载源 2
2025-12-10 11:56:59 - INFO - 正在下载源 3: https://gyssi.link/live/%E8%BE%BD%E5%AE%81.m3u...
2025-12-10 11:57:00 - INFO -   ✓ 成功下载源 3
2025-12-10 11:57:00 - INFO - 正在下载源 4: https://migu.lifit.uk/migu.php...
2025-12-10 11:57:00 - INFO -   ✓ 成功下载源 4
2025-12-10 11:57:00 - INFO - 正在下载源 5: https://raw.githubusercontent.com/10000ge10000/iptv-api/refs/heads/master/output/user_result.m3u...
2025-12-10 11:57:00 - INFO -   ✓ 成功下载源 5
2025-12-10 11:57:00 - INFO - 正在下载源 6: https://bc.188766.xyz/...
2025-12-10 11:57:00 - INFO -   ✓ 成功下载源 6
2025-12-10 11:57:00 - INFO - 从源1解析出 102 个频道
2025-12-10 11:57:00 - INFO - 从源2解析出 319 个频道
2025-12-10 11:57:00 - INFO - 从源3解析出 151 个频道
2025-12-10 11:57:00 - INFO - 从源4解析出 0 个频道
2025-12-10 11:57:00 - INFO - 从源5解析出 216 个频道
2025-12-10 11:57:00 - INFO - 从源6解析出 319 个频道
2025-12-10 11:57:00 - INFO - 从源2找到 44 个'冰茶体育'频道，将重命名为'连宇体育'
2025-12-10 11:57:00 - INFO - 开始解析源文件: source_4_20251210.m3u，共 199 行
2025-12-10 11:57:00 - INFO - 发现咪咕体育分组: 咪咕体育-20251209,#genre# -> 日期: 2025-12-09, 分类: yesterday, 分组: 咪咕体育回看
2025-12-10 11:57:00 - INFO - 发现咪咕体育分组: 咪咕体育-20251210,#genre# -> 日期: 2025-12-10, 分类: today, 分组: 今日咪咕
2025-12-10 11:57:00 - INFO - 发现咪咕体育分组: 咪咕体育-20251211,#genre# -> 日期: 2025-12-11, 分类: tomorrow, 分组: 咪咕体育预告
2025-12-10 11:57:00 - INFO - 从文件 source_4_20251210.m3u 解析出 0 个咪咕体育频道
2025-12-10 11:57:00 - INFO - 总计分类咪咕频道: 0 个
2025-12-10 11:57:00 - INFO - 开始更新目标文件 index.html ...
2025-12-10 11:57:01 - INFO - 添加特殊分组: '12月10日01:30欧冠_拜仁vs葡萄牙体育' [连宇体育]
2025-12-10 11:57:01 - INFO - 添加特殊分组: '12月10日03:45欧冠_国米vs利物浦' [连宇体育]
2025-12-10 11:57:01 - INFO - 添加特殊分组: '12月10日03:50欧冠_亚特兰大vs切尔西' [连宇体育]
2025-12-10 11:57:01 - INFO - 添加特殊分组: '12月10日03:55欧女冠_阿森纳女足vs特温特女足' [连宇体育]
2025-12-10 11:57:01 - INFO - 添加特殊分组: '12月10日03:55欧冠_巴萨vs法兰克福' [连宇体育]
2025-12-10 11:57:01 - INFO - 添加特殊分组: '12月10日03:55欧冠_摩纳哥vs加拉塔萨雷' [连宇体育]
2025-12-10 11:57:01 - INFO - 添加特殊分组: '12月10日03:55欧冠_埃因霍温vs马竞' [连宇体育]
2025-12-10 11:57:01 - INFO - 添加特殊分组: '12月10日03:55欧冠_圣吉罗斯vs马赛' [连宇体育]
2025-12-10 11:57:01 - INFO - 添加特殊分组: '12月10日03:55欧冠_热刺vs布拉格斯拉维亚' [连宇体育]
2025-12-10 11:57:01 - INFO - 添加特殊分组: '12月10日07:00_NBA杯淘汰赛_魔术vs热火_王猛吴谦辰辰' [连宇体育]
2025-12-10 11:57:01 - INFO - 添加特殊分组: '12月10日07:00_NBA杯淘汰赛_魔术vs热火_英文原音' [连宇体育]
2025-12-10 11:57:01 - INFO - 添加特殊分组: '12月10日09:00_篮球直播节目_[早安Tip_Off]第49期：NBA杯淘汰赛开启谁能晋级半决赛？_段冉管维佳泱泱' [连宇体育]
2025-12-10 11:57:01 - INFO - 添加特殊分组: '12月10日09:30_NBA杯淘汰赛_猛龙vs尼克斯_段冉管维佳泱泱' [连宇体育]
2025-12-10 11:57:01 - INFO - 添加特殊分组: '12月10日09:30_NBA杯淘汰赛_猛龙vs尼克斯_英文原音' [连宇体育]
2025-12-10 11:57:01 - INFO - 添加特殊分组: '12月10日10:00_2025年全国体操冠军赛 第二日：河北队田倬凡、江西队傅凯鑫摘金_田倬凡、傅凯鑫个人全能摘金_[全场回放]全国体操冠军赛第二日' [连宇体育]
2025-12-10 11:57:01 - INFO - 添加特殊分组: '12月10日10:00_NBAG联赛开季赛_撕裂之城混音vs盐湖城星' [连宇体育]
2025-12-10 11:57:01 - INFO - 添加特殊分组: '12月10日10:00_NBAG联赛开季赛_撕裂之城混音vs盐湖城星_英文原音' [连宇体育]
2025-12-10 11:57:01 - INFO - 添加特殊分组: '12月10日10:30_WTT香港总决赛：混双小组赛第1轮、男女单打1/8决赛_莎头混双首秀告捷！石洵瑶2_4陈幸同_[全场回放]（石楚阳、小马哥）' [连宇体育]
2025-12-10 11:57:01 - INFO - 添加特殊分组: '12月10日11:00_2025“全兴杯”传承足球明星联赛_冠军组第三轮山东泰山郓城恒基vs广西传承明星' [连宇体育]
2025-12-10 11:57:01 - INFO - 添加特殊分组: '12月10日11:00_2025“全兴杯”传承足球明星联赛_超级组第三轮北京老男孩vs辽宁队' [连宇体育]
2025-12-10 11:57:01 - INFO - 添加特殊分组: '12月10日14:00_2025“全兴杯”传承足球明星联赛_冠军组第三轮天津老甲Avs深圳传承明星' [连宇体育]
2025-12-10 11:57:01 - INFO - 添加特殊分组: '12月10日14:00_2025“全兴杯”传承足球明星联赛_超级组第三轮四川全兴vs上海老克勒' [连宇体育]
2025-12-10 11:57:01 - INFO - 添加特殊分组: '12月10日14:00_NBA经典赛_NBA常规赛精彩回顾：热火vs魔术' [连宇体育]
2025-12-10 11:57:01 - INFO - 添加特殊分组: '12月10日16:00_2025“全兴杯”传承足球明星联赛_冠军组第三轮佳鑫伟业vs昆明凤凰橡胶' [连宇体育]
2025-12-10 11:57:01 - INFO - 添加特殊分组: '12月10日16:00_2025“全兴杯”传承足球明星联赛_超级组第三轮广州传承明星vs湖北老甲A' [连宇体育]
2025-12-10 11:57:01 - INFO - 添加特殊分组: '12月10日16:00_NBA经典赛_NBA常规赛精彩回顾：尼克斯vs猛龙' [连宇体育]
2025-12-10 11:57:01 - INFO - 添加特殊分组: '12月10日17:00_CHBL揭幕战(女)_耐高精英联队vs清华附中' [连宇体育]
2025-12-10 11:57:01 - INFO - 添加特殊分组: '12月10日18:00_亚冠精英联赛阶段_首尔 vs 墨尔本城_鲁靖明' [连宇体育]
2025-12-10 11:57:01 - INFO - 添加特殊分组: '12月10日18:00_亚冠精英联赛阶段_首尔 vs 墨尔本城_赛场原声' [连宇体育]
2025-12-10 11:57:01 - INFO - 添加特殊分组: '12月10日18:00_亚冠精英联赛阶段_广岛三箭 vs 上海申花_娄一晨 刘越 孙蕊' [连宇体育]
2025-12-10 11:57:01 - INFO - 添加特殊分组: '12月10日18:00_WTT香港总决赛：混双小组赛第1轮、男女单打1/8决赛_王楚钦、王曼昱冲开门红 动漫组合横扫_赛场原声' [连宇体育]
2025-12-10 11:57:01 - INFO - 添加特殊分组: '12月10日18:00_WTT香港总决赛：混双小组赛第1轮、男女单打1/8决赛_王楚钦、王曼昱冲开门红 动漫组合横扫_智能字幕' [连宇体育]
2025-12-10 11:57:01 - INFO - 添加特殊分组: '12月10日18:00_NBA经典赛_NBA常规赛精彩回顾：太阳vs森林狼' [连宇体育]
2025-12-10 11:57:01 - INFO - 添加特殊分组: '12月10日18:45_CHBL揭幕战(男)_耐高精英联队vs广东实验中学' [连宇体育]
2025-12-10 11:57:01 - INFO - 添加特殊分组: '12月10日19:30_WCBA常规赛A组_江苏南钢 VS 武汉盛帆黄鹤_清流播出' [连宇体育]
2025-12-10 11:57:01 - INFO - 添加特殊分组: '12月10日19:30_WCBA常规赛A组_山东赤水河酒 VS 东莞新彤盛_清流播出' [连宇体育]
2025-12-10 11:57:01 - INFO - 添加特殊分组: '12月10日19:30_苍南VS宁波_苍南VS宁波_2025浙江省城市篮球联赛: 苍南VS宁波' [连宇体育]
2025-12-10 11:57:01 - INFO - 添加特殊分组: '12月10日20:00_WCBA常规赛A组_新疆天山 VS 石家庄英励_解说' [连宇体育]
2025-12-10 11:57:01 - INFO - 添加特殊分组: '12月10日20:00_NBA经典赛_NBA常规赛精彩回顾：湖人vs76人' [连宇体育]
2025-12-10 11:57:01 - INFO - 添加特殊分组: '12月10日20:15_亚冠二级小组赛_雪兰莪 vs 本国联队_盛斌' [连宇体育]
2025-12-10 11:57:01 - INFO - 添加特殊分组: '12月10日20:15_亚冠二级小组赛_雪兰莪 vs 本国联队_赛场原声' [连宇体育]
2025-12-10 11:57:01 - INFO - 添加特殊分组: '12月10日20:15_亚冠二级小组赛_佩西比萬隆 vs 曼谷联_刘洋' [连宇体育]
2025-12-10 11:57:01 - INFO - 添加特殊分组: '12月10日20:15_亚冠二级小组赛_佩西比萬隆 vs 曼谷联_赛场原声' [连宇体育]
2025-12-10 11:57:01 - INFO - 添加特殊分组: '12月10日21:00_斯诺克单局限时赛第一日：张安达庞俊旭出战 龙泽煌vs布雷切尔_张安达庞俊旭出战 龙泽煌vs布雷切尔_现场原声' [连宇体育]
2025-12-10 11:57:01 - INFO - 添加更新时间频道: 最后更新: 2025-12-10 19:57:01 (北京时间)
2025-12-10 11:57:01 - INFO - 文件更新完成，共处理 44 个频道
2025-12-10 11:57:01 - INFO - ============================================================
2025-12-10 11:57:01 - INFO - 任务执行成功完成
2025-12-10 11:57:01 - INFO - 完成时间 (北京时间): 2025-12-10 19:57:01
2025-12-10 11:57:01 - INFO - 总耗时: 3.35 秒
2025-12-10 11:57:01 - INFO - 总计处理频道源: 1107 个
2025-12-10 11:57:01 - INFO - 日志文件: logs/tv_auto_update_20251210.log
2025-12-10 11:57:01 - INFO - ============================================================
2025-12-10 12:12:02 - INFO - ============================================================
2025-12-10 12:12:02 - INFO - 开始执行直播源自动更新任务
2025-12-10 12:12:02 - INFO - 启动时间 (北京时间): 2025-12-10 20:12:02
2025-12-10 12:12:02 - INFO - ============================================================
2025-12-10 12:12:02 - INFO - 已加载配置，共有 6 个源地址
2025-12-10 12:12:02 - INFO - 已启用频道名称映射，将处理以下名称变体：
2025-12-10 12:12:02 - INFO -   '吉视都市': ['吉林都市', '吉视都市', '吉林电视台都市频道']
2025-12-10 12:12:02 - INFO -   '吉视生活': ['吉林生活', '吉视生活', '吉林电视台生活频道']
2025-12-10 12:12:02 - INFO -   '吉视影视': ['吉林影视', '吉视影视', '吉林电视台影视台']
2025-12-10 12:12:02 - INFO -   '吉视综艺': ['吉林综艺', '吉视综艺', '吉林电视台综艺频道']
2025-12-10 12:12:02 - INFO -   '吉视乡村': ['吉林乡村', '吉林电视台乡村频道', '吉林乡村频道']
2025-12-10 12:12:02 - INFO - 从目标文件中读取了 259 个待更新频道
2025-12-10 12:12:02 - INFO - 正在下载源 1: https://gyssi.link/iptv/chinaiptv/%E5%90%89%E6%9E%97%E7%9C%81.m3u...
2025-12-10 12:12:03 - INFO -   ✓ 成功下载源 1
2025-12-10 12:12:03 - INFO - 正在下载源 2: https://bc.188766.xyz/...
2025-12-10 12:12:03 - INFO -   ✓ 成功下载源 2
2025-12-10 12:12:03 - INFO - 正在下载源 3: https://gyssi.link/live/%E8%BE%BD%E5%AE%81.m3u...
2025-12-10 12:12:04 - INFO -   ✓ 成功下载源 3
2025-12-10 12:12:04 - INFO - 正在下载源 4: https://migu.lifit.uk/migu.php...
2025-12-10 12:12:05 - INFO -   ✓ 成功下载源 4
2025-12-10 12:12:05 - INFO - 正在下载源 5: https://raw.githubusercontent.com/10000ge10000/iptv-api/refs/heads/master/output/user_result.m3u...
2025-12-10 12:12:05 - INFO -   ✓ 成功下载源 5
2025-12-10 12:12:05 - INFO - 正在下载源 6: https://bc.188766.xyz/...
2025-12-10 12:12:05 - INFO -   ✓ 成功下载源 6
2025-12-10 12:12:05 - INFO - 从源1解析出 102 个频道
2025-12-10 12:12:05 - INFO - 从源2解析出 319 个频道
2025-12-10 12:12:05 - INFO - 从源3解析出 151 个频道
2025-12-10 12:12:05 - INFO - 从源4解析出 0 个频道
2025-12-10 12:12:05 - INFO - 从源5解析出 216 个频道
2025-12-10 12:12:05 - INFO - 从源6解析出 319 个频道
2025-12-10 12:12:05 - INFO - 从源2找到 44 个'冰茶体育'频道，将重命名为'连宇体育'
2025-12-10 12:12:05 - INFO - 开始解析源文件: source_4_20251210.m3u，共 199 行
2025-12-10 12:12:05 - INFO - 发现咪咕体育分组: 咪咕体育-20251209,#genre# -> 日期: 2025-12-09, 分类: yesterday, 分组: 咪咕体育回看
2025-12-10 12:12:05 - INFO - 发现咪咕体育分组: 咪咕体育-20251210,#genre# -> 日期: 2025-12-10, 分类: today, 分组: 今日咪咕
2025-12-10 12:12:05 - INFO - 发现咪咕体育分组: 咪咕体育-20251211,#genre# -> 日期: 2025-12-11, 分类: tomorrow, 分组: 咪咕体育预告
2025-12-10 12:12:05 - INFO - 从文件 source_4_20251210.m3u 解析出 80 个咪咕体育频道
2025-12-10 12:12:05 - INFO - 总计分类咪咕频道: 6 个
2025-12-10 12:12:05 - INFO -   - 咪咕体育回看: 37 个频道
2025-12-10 12:12:05 - INFO -   - 今日咪咕: 25 个频道
2025-12-10 12:12:05 - INFO -   - 咪咕体育预告: 18 个频道
2025-12-10 12:12:05 - INFO - 开始更新目标文件 index.html ...
2025-12-10 12:12:05 - INFO - 添加特殊分组: '12月10日01:30欧冠_拜仁vs葡萄牙体育' [连宇体育]
2025-12-10 12:12:05 - INFO - 添加特殊分组: '12月10日03:45欧冠_国米vs利物浦' [连宇体育]
2025-12-10 12:12:05 - INFO - 添加特殊分组: '12月10日03:50欧冠_亚特兰大vs切尔西' [连宇体育]
2025-12-10 12:12:05 - INFO - 添加特殊分组: '12月10日03:55欧女冠_阿森纳女足vs特温特女足' [连宇体育]
2025-12-10 12:12:05 - INFO - 添加特殊分组: '12月10日03:55欧冠_巴萨vs法兰克福' [连宇体育]
2025-12-10 12:12:05 - INFO - 添加特殊分组: '12月10日03:55欧冠_摩纳哥vs加拉塔萨雷' [连宇体育]
2025-12-10 12:12:05 - INFO - 添加特殊分组: '12月10日03:55欧冠_埃因霍温vs马竞' [连宇体育]
2025-12-10 12:12:05 - INFO - 添加特殊分组: '12月10日03:55欧冠_圣吉罗斯vs马赛' [连宇体育]
2025-12-10 12:12:05 - INFO - 添加特殊分组: '12月10日03:55欧冠_热刺vs布拉格斯拉维亚' [连宇体育]
2025-12-10 12:12:05 - INFO - 添加特殊分组: '12月10日07:00_NBA杯淘汰赛_魔术vs热火_王猛吴谦辰辰' [连宇体育]
2025-12-10 12:12:05 - INFO - 添加特殊分组: '12月10日07:00_NBA杯淘汰赛_魔术vs热火_英文原音' [连宇体育]
2025-12-10 12:12:05 - INFO - 添加特殊分组: '12月10日09:00_篮球直播节目_[早安Tip_Off]第49期：NBA杯淘汰赛开启谁能晋级半决赛？_段冉管维佳泱泱' [连宇体育]
2025-12-10 12:12:05 - INFO - 添加特殊分组: '12月10日09:30_NBA杯淘汰赛_猛龙vs尼克斯_段冉管维佳泱泱' [连宇体育]
2025-12-10 12:12:05 - INFO - 添加特殊分组: '12月10日09:30_NBA杯淘汰赛_猛龙vs尼克斯_英文原音' [连宇体育]
2025-12-10 12:12:05 - INFO - 添加特殊分组: '12月10日10:00_2025年全国体操冠军赛 第二日：河北队田倬凡、江西队傅凯鑫摘金_田倬凡、傅凯鑫个人全能摘金_[全场回放]全国体操冠军赛第二日' [连宇体育]
2025-12-10 12:12:05 - INFO - 添加特殊分组: '12月10日10:00_NBAG联赛开季赛_撕裂之城混音vs盐湖城星' [连宇体育]
2025-12-10 12:12:05 - INFO - 添加特殊分组: '12月10日10:00_NBAG联赛开季赛_撕裂之城混音vs盐湖城星_英文原音' [连宇体育]
2025-12-10 12:12:05 - INFO - 添加特殊分组: '12月10日10:30_WTT香港总决赛：混双小组赛第1轮、男女单打1/8决赛_莎头混双首秀告捷！石洵瑶2_4陈幸同_[全场回放]（石楚阳、小马哥）' [连宇体育]
2025-12-10 12:12:05 - INFO - 添加特殊分组: '12月10日11:00_2025“全兴杯”传承足球明星联赛_冠军组第三轮山东泰山郓城恒基vs广西传承明星' [连宇体育]
2025-12-10 12:12:05 - INFO - 添加特殊分组: '12月10日11:00_2025“全兴杯”传承足球明星联赛_超级组第三轮北京老男孩vs辽宁队' [连宇体育]
2025-12-10 12:12:05 - INFO - 添加特殊分组: '12月10日14:00_2025“全兴杯”传承足球明星联赛_冠军组第三轮天津老甲Avs深圳传承明星' [连宇体育]
2025-12-10 12:12:05 - INFO - 添加特殊分组: '12月10日14:00_2025“全兴杯”传承足球明星联赛_超级组第三轮四川全兴vs上海老克勒' [连宇体育]
2025-12-10 12:12:05 - INFO - 添加特殊分组: '12月10日14:00_NBA经典赛_NBA常规赛精彩回顾：热火vs魔术' [连宇体育]
2025-12-10 12:12:05 - INFO - 添加特殊分组: '12月10日16:00_2025“全兴杯”传承足球明星联赛_冠军组第三轮佳鑫伟业vs昆明凤凰橡胶' [连宇体育]
2025-12-10 12:12:05 - INFO - 添加特殊分组: '12月10日16:00_2025“全兴杯”传承足球明星联赛_超级组第三轮广州传承明星vs湖北老甲A' [连宇体育]
2025-12-10 12:12:05 - INFO - 添加特殊分组: '12月10日16:00_NBA经典赛_NBA常规赛精彩回顾：尼克斯vs猛龙' [连宇体育]
2025-12-10 12:12:05 - INFO - 添加特殊分组: '12月10日17:00_CHBL揭幕战(女)_耐高精英联队vs清华附中' [连宇体育]
2025-12-10 12:12:05 - INFO - 添加特殊分组: '12月10日18:00_亚冠精英联赛阶段_首尔 vs 墨尔本城_鲁靖明' [连宇体育]
2025-12-10 12:12:05 - INFO - 添加特殊分组: '12月10日18:00_亚冠精英联赛阶段_首尔 vs 墨尔本城_赛场原声' [连宇体育]
2025-12-10 12:12:05 - INFO - 添加特殊分组: '12月10日18:00_亚冠精英联赛阶段_广岛三箭 vs 上海申花_娄一晨 刘越 孙蕊' [连宇体育]
2025-12-10 12:12:05 - INFO - 添加特殊分组: '12月10日18:00_WTT香港总决赛：混双小组赛第1轮、男女单打1/8决赛_王楚钦、王曼昱冲开门红 动漫组合横扫_赛场原声' [连宇体育]
2025-12-10 12:12:05 - INFO - 添加特殊分组: '12月10日18:00_WTT香港总决赛：混双小组赛第1轮、男女单打1/8决赛_王楚钦、王曼昱冲开门红 动漫组合横扫_智能字幕' [连宇体育]
2025-12-10 12:12:05 - INFO - 添加特殊分组: '12月10日18:00_NBA经典赛_NBA常规赛精彩回顾：太阳vs森林狼' [连宇体育]
2025-12-10 12:12:05 - INFO - 添加特殊分组: '12月10日18:45_CHBL揭幕战(男)_耐高精英联队vs广东实验中学' [连宇体育]
2025-12-10 12:12:05 - INFO - 添加特殊分组: '12月10日19:30_WCBA常规赛A组_江苏南钢 VS 武汉盛帆黄鹤_清流播出' [连宇体育]
2025-12-10 12:12:05 - INFO - 添加特殊分组: '12月10日19:30_WCBA常规赛A组_山东赤水河酒 VS 东莞新彤盛_清流播出' [连宇体育]
2025-12-10 12:12:05 - INFO - 添加特殊分组: '12月10日19:30_苍南VS宁波_苍南VS宁波_2025浙江省城市篮球联赛: 苍南VS宁波' [连宇体育]
2025-12-10 12:12:05 - INFO - 添加特殊分组: '12月10日20:00_WCBA常规赛A组_新疆天山 VS 石家庄英励_解说' [连宇体育]
2025-12-10 12:12:05 - INFO - 添加特殊分组: '12月10日20:00_NBA经典赛_NBA常规赛精彩回顾：湖人vs76人' [连宇体育]
2025-12-10 12:12:05 - INFO - 添加特殊分组: '12月10日20:15_亚冠二级小组赛_雪兰莪 vs 本国联队_盛斌' [连宇体育]
2025-12-10 12:12:05 - INFO - 添加特殊分组: '12月10日20:15_亚冠二级小组赛_雪兰莪 vs 本国联队_赛场原声' [连宇体育]
2025-12-10 12:12:05 - INFO - 添加特殊分组: '12月10日20:15_亚冠二级小组赛_佩西比萬隆 vs 曼谷联_刘洋' [连宇体育]
2025-12-10 12:12:05 - INFO - 添加特殊分组: '12月10日20:15_亚冠二级小组赛_佩西比萬隆 vs 曼谷联_赛场原声' [连宇体育]
2025-12-10 12:12:05 - INFO - 添加特殊分组: '12月10日21:00_斯诺克单局限时赛第一日：张安达庞俊旭出战 龙泽煌vs布雷切尔_张安达庞俊旭出战 龙泽煌vs布雷切尔_现场原声' [连宇体育]
2025-12-10 12:12:05 - INFO - 添加咪咕分组: '[东亚超级联赛] 12月09日 18:10 昌源LG猎鹰vs乌兰巴托野马 王冠证' [咪咕体育回看]
2025-12-10 12:12:05 - INFO - 添加咪咕分组: '[意甲] 12月09日01:00 乌迪内斯 vs 热那亚 乔迁' [咪咕体育回看]
2025-12-10 12:12:05 - INFO - 添加咪咕分组: '[意甲] 12月09日01:00 乌迪内斯 vs 热那亚 赛场原声' [咪咕体育回看]
2025-12-10 12:12:05 - INFO - 添加咪咕分组: '[足总杯] 12月09日03:30 布拉克利 vs 伯顿 洪宇青' [咪咕体育回看]
2025-12-10 12:12:05 - INFO - 添加咪咕分组: '[足总杯] 12月09日03:30 布拉克利 vs 伯顿 赛场原声' [咪咕体育回看]
2025-12-10 12:12:05 - INFO - 添加咪咕分组: '[意甲] 12月09日03:45 都灵 vs AC米兰 石庆圣 李彦' [咪咕体育回看]
2025-12-10 12:12:05 - INFO - 添加咪咕分组: '[意甲] 12月09日03:45 都灵 vs AC米兰 石庆圣 李彦' [咪咕体育回看]
2025-12-10 12:12:05 - INFO - 添加咪咕分组: '[意甲] 12月09日03:45 都灵 vs AC米兰 赛场原声' [咪咕体育回看]
2025-12-10 12:12:05 - INFO - 添加咪咕分组: '[西甲] 12月09日04:00 奥萨苏纳 vs 莱万特 张天翼' [咪咕体育回看]
2025-12-10 12:12:05 - INFO - 添加咪咕分组: '[西甲] 12月09日04:00 奥萨苏纳 vs 莱万特 赛场原声' [咪咕体育回看]
2025-12-10 12:12:05 - INFO - 添加咪咕分组: '[英超] 12月09日04:00 狼队 vs 曼联 吴桐 刘畅' [咪咕体育回看]
2025-12-10 12:12:05 - INFO - 添加咪咕分组: '[英超] 12月09日04:00 狼队 vs 曼联 吴桐 刘畅' [咪咕体育回看]
2025-12-10 12:12:05 - INFO - 添加咪咕分组: '[英超] 12月09日04:00 狼队 vs 曼联 江忠德' [咪咕体育回看]
2025-12-10 12:12:05 - INFO - 添加咪咕分组: '[英超] 12月09日04:00 狼队 vs 曼联 洪荒' [咪咕体育回看]
2025-12-10 12:12:05 - INFO - 添加咪咕分组: '[英超] 12月09日04:00 狼队 vs 曼联 混合视角' [咪咕体育回看]
2025-12-10 12:12:05 - INFO - 添加咪咕分组: '[英超] 12月09日04:00 狼队 vs 曼联 英文原声' [咪咕体育回看]
2025-12-10 12:12:05 - INFO - 添加咪咕分组: '[英超] 12月09日04:00 狼队 vs 曼联 赛场原声' [咪咕体育回看]
2025-12-10 12:12:05 - INFO - 添加咪咕分组: '[NBA] 12月09日08:00 国王VS步行者 刘芳宇' [咪咕体育回看]
2025-12-10 12:12:05 - INFO - 添加咪咕分组: '[NBA] 12月09日08:00 国王VS步行者 英文原声' [咪咕体育回看]
2025-12-10 12:12:05 - INFO - 添加咪咕分组: '[NBA] 12月09日08:30 太阳VS森林狼 英文原声' [咪咕体育回看]
2025-12-10 12:12:05 - INFO - 添加咪咕分组: '[NBA] 12月09日08:30 太阳VS森林狼 蔡凯臣 曾令旭 裴优' [咪咕体育回看]
2025-12-10 12:12:05 - INFO - 添加咪咕分组: '[NBA] 12月09日09:00 马刺VS鹈鹕 25/26赛季NBA常规赛全场集锦：马刺135:132鹈鹕（20251209）' [咪咕体育回看]
2025-12-10 12:12:05 - INFO - 添加咪咕分组: '[NBA] 12月09日09:00 马刺VS鹈鹕 王凯' [咪咕体育回看]
2025-12-10 12:12:05 - INFO - 添加咪咕分组: '[NBA] 12月09日09:00 马刺VS鹈鹕 英文原声' [咪咕体育回看]
2025-12-10 12:12:05 - INFO - 添加咪咕分组: '[全国体操冠军赛] 12月09日15:00 田倬凡个人全能发挥出色 清流播出' [咪咕体育回看]
2025-12-10 12:12:05 - INFO - 添加咪咕分组: '[亚冠精英] 12月09日18:00 町田泽维亚 vs 蔚山HD 涂远' [咪咕体育回看]
2025-12-10 12:12:05 - INFO - 添加咪咕分组: '[亚冠精英] 12月09日18:00 町田泽维亚 vs 蔚山HD 赛场原声' [咪咕体育回看]
2025-12-10 12:12:05 - INFO - 添加咪咕分组: '[亚冠精英] 12月09日18:00 神户胜利船 vs 成都蓉城 袁甲 贺宇 林梦鸽' [咪咕体育回看]
2025-12-10 12:12:05 - INFO - 添加咪咕分组: '[亚冠精英] 12月09日18:00 神户胜利船 vs 成都蓉城 赛场原声' [咪咕体育回看]
2025-12-10 12:12:05 - INFO - 添加咪咕分组: '[亚冠精英] 12月09日18:00 神户胜利船 vs 成都蓉城 赛场原声' [咪咕体育回看]
2025-12-10 12:12:05 - INFO - 添加咪咕分组: '[WCBA] 12月09日19:30 厦门银行 VS 福建金篮 清流播出' [咪咕体育回看]
2025-12-10 12:12:05 - INFO - 添加咪咕分组: '[WCBA] 12月09日19:30 合肥文旅 VS 河南豫光金铅 清流播出' [咪咕体育回看]
2025-12-10 12:12:05 - INFO - 添加咪咕分组: '[浙江省城市篮球联赛] 12月09日19:30 普陀80-84富阳 2025浙江省城市篮球联赛: 普陀VS富阳' [咪咕体育回看]
2025-12-10 12:12:05 - INFO - 添加咪咕分组: '[亚冠精英] 12月09日20:15 柔佛新山 vs 上海海港 石庆圣 李彦 姚安妮' [咪咕体育回看]
2025-12-10 12:12:05 - INFO - 添加咪咕分组: '[亚冠精英] 12月09日20:15 柔佛新山 vs 上海海港 赛场原声' [咪咕体育回看]
2025-12-10 12:12:05 - INFO - 添加咪咕分组: '[亚冠精英] 12月09日20:15 武里南联 vs 江原 刘焕' [咪咕体育回看]
2025-12-10 12:12:05 - INFO - 添加咪咕分组: '[亚冠精英] 12月09日20:15 武里南联 vs 江原 赛场原声' [咪咕体育回看]
2025-12-10 12:12:05 - INFO - 添加咪咕分组: '[NBA] 12月10日07:00 热火VS魔术 孙博 周赫' [今日咪咕]
2025-12-10 12:12:05 - INFO - 添加咪咕分组: '[NBA] 12月10日07:00 热火VS魔术 英文原声' [今日咪咕]
2025-12-10 12:12:05 - INFO - 添加咪咕分组: '[NBA] 12月10日09:30 尼克斯VS猛龙 25/26赛季NBA杯全场集锦：尼克斯117:101猛龙（20251210）' [今日咪咕]
2025-12-10 12:12:05 - INFO - 添加咪咕分组: '[NBA] 12月10日09:30 尼克斯VS猛龙 庄宁宇 周鹏 王羽希' [今日咪咕]
2025-12-10 12:12:05 - INFO - 添加咪咕分组: '[NBA] 12月10日09:30 尼克斯VS猛龙 英文原声' [今日咪咕]
2025-12-10 12:12:05 - INFO - 添加咪咕分组: '[全国体操冠军赛] 12月10日10:00 田倬凡、傅凯鑫个人全能摘金 清流播出' [今日咪咕]
2025-12-10 12:12:05 - INFO - 添加咪咕分组: '[WTT] 12月10日10:30 莎头混双首秀告捷！石洵瑶2-4陈幸同 石楚阳 小马哥' [今日咪咕]
2025-12-10 12:12:05 - INFO - 添加咪咕分组: '[WTT] 12月10日10:30 莎头混双首秀告捷！石洵瑶2-4陈幸同 英文解说' [今日咪咕]
2025-12-10 12:12:05 - INFO - 添加咪咕分组: '[WTT] 12月10日10:30 莎头混双首秀告捷！石洵瑶2-4陈幸同 赛场原声' [今日咪咕]
2025-12-10 12:12:05 - INFO - 添加咪咕分组: '[亚冠精英] 12月10日18:00 广岛三箭 vs 上海申花 娄一晨 刘越 孙蕊' [今日咪咕]
2025-12-10 12:12:05 - INFO - 添加咪咕分组: '[WTT] 12月10日18:00 王楚钦、王曼昱冲开门红 动漫组合横扫 刘国正 侯英超 周冠达' [今日咪咕]
2025-12-10 12:12:05 - INFO - 添加咪咕分组: '[WTT] 12月10日18:00 王楚钦、王曼昱冲开门红 动漫组合横扫 智能字幕' [今日咪咕]
2025-12-10 12:12:05 - INFO - 添加咪咕分组: '[WTT] 12月10日18:00 王楚钦、王曼昱冲开门红 动漫组合横扫 赛场原声' [今日咪咕]
2025-12-10 12:12:05 - INFO - 添加咪咕分组: '[WTT] 12月10日18:00 王楚钦、王曼昱冲开门红 动漫迎战黄杜 英文解说' [今日咪咕]
2025-12-10 12:12:05 - INFO - 添加咪咕分组: '[亚冠精英] 12月10日18:00 首尔 vs 墨尔本城 赛场原声' [今日咪咕]
2025-12-10 12:12:05 - INFO - 添加咪咕分组: '[亚冠精英] 12月10日18:00 首尔 vs 墨尔本城 鲁靖明' [今日咪咕]
2025-12-10 12:12:05 - INFO - 添加咪咕分组: '[WCBA] 12月10日19:30 山东赤水河酒 VS 东莞新彤盛 清流播出' [今日咪咕]
2025-12-10 12:12:05 - INFO - 添加咪咕分组: '[WCBA] 12月10日19:30 江苏南钢 VS 武汉盛帆黄鹤 清流播出' [今日咪咕]
2025-12-10 12:12:05 - INFO - 添加咪咕分组: '[浙江省城市篮球联赛] 12月10日19:30 苍南VS宁波 2025浙江省城市篮球联赛: 苍南VS宁波' [今日咪咕]
2025-12-10 12:12:05 - INFO - 添加咪咕分组: '[WCBA] 12月10日20:00 新疆天山 VS 石家庄英励 解说' [今日咪咕]
2025-12-10 12:12:05 - INFO - 添加咪咕分组: '[亚冠二级] 12月10日20:15 佩西比萬隆 vs 曼谷联 刘洋' [今日咪咕]
2025-12-10 12:12:05 - INFO - 添加咪咕分组: '[亚冠二级] 12月10日20:15 佩西比萬隆 vs 曼谷联 赛场原声' [今日咪咕]
2025-12-10 12:12:05 - INFO - 添加咪咕分组: '[亚冠二级] 12月10日20:15 雪兰莪 vs 本国联队 盛斌' [今日咪咕]
2025-12-10 12:12:05 - INFO - 添加咪咕分组: '[亚冠二级] 12月10日20:15 雪兰莪 vs 本国联队 赛场原声' [今日咪咕]
2025-12-10 12:12:05 - INFO - 添加咪咕分组: '[斯诺克] 12月10日21:00 张安达庞俊旭出战 龙泽煌vs布雷切尔 现场原声' [今日咪咕]
2025-12-10 12:12:05 - INFO - 添加咪咕分组: '[斯诺克] 12月11日03:00 许医尘对战塔猜亚 周跃龙vs韦克林' [咪咕体育预告]
2025-12-10 12:12:05 - INFO - 添加咪咕分组: '[NBA] 12月11日08:30 太阳VS雷霆' [咪咕体育预告]
2025-12-10 12:12:05 - INFO - 添加咪咕分组: '[WTT] 12月11日10:30 重头戏！莎头压台对决动漫组合' [咪咕体育预告]
2025-12-10 12:12:05 - INFO - 添加咪咕分组: '[NBA] 12月11日11:00 马刺VS湖人' [咪咕体育预告]
2025-12-10 12:12:05 - INFO - 添加咪咕分组: '[全国体操冠军赛] 12月11日15:00 第三日甲组单项决赛' [咪咕体育预告]
2025-12-10 12:12:05 - INFO - 添加咪咕分组: '[亚冠二级] 12月11日18:00 南定 vs 香港东方' [咪咕体育预告]
2025-12-10 12:12:05 - INFO - 添加咪咕分组: '[亚冠二级] 12月11日18:00 大阪钢巴 vs 拉查布里府' [咪咕体育预告]
2025-12-10 12:12:05 - INFO - 添加咪咕分组: '[WTT] 12月11日18:00 焦点战！孙颖莎PK王艺迪 蒯曼首秀战早田' [咪咕体育预告]
2025-12-10 12:12:05 - INFO - 添加咪咕分组: '[WCBA] 12月11日19:30 上海浦发银行 VS 北京首钢园' [咪咕体育预告]
2025-12-10 12:12:05 - INFO - 添加咪咕分组: '[浙江省城市篮球联赛] 12月11日19:30 嘉兴VS绍兴' [咪咕体育预告]
2025-12-10 12:12:05 - INFO - 添加咪咕分组: '[WCBA] 12月11日19:30 山西竹叶青酒 VS 陕西榆林天泽' [咪咕体育预告]
2025-12-10 12:12:05 - INFO - 添加咪咕分组: '[WCBA] 12月11日19:30 江西鲸裕清酒 VS 大连文体旅' [咪咕体育预告]
2025-12-10 12:12:05 - INFO - 添加咪咕分组: '[WCBA] 12月11日19:30 浙江稠州银行 VS 四川蜀道远达' [咪咕体育预告]
2025-12-10 12:12:05 - INFO - 添加咪咕分组: '[亚冠二级] 12月11日20:15 北京国安 vs 麦克阿瑟FC' [咪咕体育预告]
2025-12-10 12:12:05 - INFO - 添加咪咕分组: '[亚冠二级] 12月11日20:15 卡雅 vs 浦项铁人' [咪咕体育预告]
2025-12-10 12:12:05 - INFO - 添加咪咕分组: '[亚冠二级] 12月11日20:15 和富大埔 vs Công An Hà Nội' [咪咕体育预告]
2025-12-10 12:12:05 - INFO - 添加咪咕分组: '[亚冠二级] 12月11日20:15 曼谷玻璃 vs 淡宾尼流浪' [咪咕体育预告]
2025-12-10 12:12:05 - INFO - 添加咪咕分组: '[斯诺克] 12月11日21:00 赵心童白雨露出战 吴宜泽vs傅家俊' [咪咕体育预告]
2025-12-10 12:12:05 - INFO - 添加更新时间频道: 最后更新: 2025-12-10 20:12:05 (北京时间)
2025-12-10 12:12:05 - INFO - 文件更新完成，共处理 124 个频道
2025-12-10 12:12:05 - INFO - ============================================================
2025-12-10 12:12:05 - INFO - 任务执行成功完成
2025-12-10 12:12:05 - INFO - 完成时间 (北京时间): 2025-12-10 20:12:05
2025-12-10 12:12:05 - INFO - 总耗时: 3.36 秒
2025-12-10 12:12:05 - INFO - 总计处理频道源: 1107 个
2025-12-10 12:12:05 - INFO - 日志文件: logs/tv_auto_update_20251210.log
2025-12-10 12:12:05 - INFO - ============================================================
2025-12-10 12:52:22 - INFO - ============================================================
2025-12-10 12:52:22 - INFO - 开始执行直播源自动更新任务
2025-12-10 12:52:22 - INFO - 启动时间 (北京时间): 2025-12-10 20:52:22
2025-12-10 12:52:22 - INFO - ============================================================
2025-12-10 12:52:22 - INFO - 已加载配置，共有 6 个源地址
2025-12-10 12:52:22 - INFO - 已启用频道名称映射，将处理以下名称变体：
2025-12-10 12:52:22 - INFO -   '吉视都市': ['吉林都市', '吉视都市', '吉林电视台都市频道']
2025-12-10 12:52:22 - INFO -   '吉视生活': ['吉林生活', '吉视生活', '吉林电视台生活频道']
2025-12-10 12:52:22 - INFO -   '吉视影视': ['吉林影视', '吉视影视', '吉林电视台影视台']
2025-12-10 12:52:22 - INFO -   '吉视综艺': ['吉林综艺', '吉视综艺', '吉林电视台综艺频道']
2025-12-10 12:52:22 - INFO -   '吉视乡村': ['吉林乡村', '吉林电视台乡村频道', '吉林乡村频道']
2025-12-10 12:52:22 - INFO - 从目标文件中读取了 339 个待更新频道
2025-12-10 12:52:22 - INFO - 正在下载源 1: https://gyssi.link/iptv/chinaiptv/%E5%90%89%E6%9E%97%E7%9C%81.m3u...
2025-12-10 12:52:23 - INFO -   ✓ 成功下载源 1
2025-12-10 12:52:23 - INFO - 正在下载源 2: https://bc.188766.xyz/...
2025-12-10 12:52:23 - INFO -   ✓ 成功下载源 2
2025-12-10 12:52:23 - INFO - 正在下载源 3: https://gyssi.link/live/%E8%BE%BD%E5%AE%81.m3u...
2025-12-10 12:52:24 - INFO -   ✓ 成功下载源 3
2025-12-10 12:52:24 - INFO - 正在下载源 4: https://migu.lifit.uk/migu.php...
2025-12-10 12:52:25 - INFO -   ✓ 成功下载源 4
2025-12-10 12:52:25 - INFO - 正在下载源 5: https://raw.githubusercontent.com/10000ge10000/iptv-api/refs/heads/master/output/user_result.m3u...
2025-12-10 12:52:25 - INFO -   ✓ 成功下载源 5
2025-12-10 12:52:25 - INFO - 正在下载源 6: https://bc.188766.xyz/...
2025-12-10 12:52:25 - INFO -   ✓ 成功下载源 6
2025-12-10 12:52:25 - INFO - 从源1解析出 102 个频道
2025-12-10 12:52:25 - INFO - 从源2解析出 319 个频道
2025-12-10 12:52:25 - INFO - 从源3解析出 151 个频道
2025-12-10 12:52:25 - INFO - 从源4解析出 0 个频道
2025-12-10 12:52:25 - INFO - 从源5解析出 216 个频道
2025-12-10 12:52:25 - INFO - 从源6解析出 319 个频道
2025-12-10 12:52:25 - INFO - 从源2找到 44 个'冰茶体育'频道，将重命名为'连宇体育'
2025-12-10 12:52:25 - INFO - 开始解析源文件: source_4_20251210.m3u，共 199 行
2025-12-10 12:52:25 - INFO - 发现咪咕体育分组: 咪咕体育-20251209,#genre# -> 日期: 2025-12-09, 分类: yesterday, 分组: 咪咕体育回看
2025-12-10 12:52:25 - INFO - 已将咪咕链接替换为代理链接: [东亚超级联赛] 12月09日 18:10 昌源LG猎鹰vs...
2025-12-10 12:52:25 - INFO - 已将咪咕链接替换为代理链接: [意甲] 12月09日01:00 乌迪内斯 vs 热那亚 乔...
2025-12-10 12:52:25 - INFO - 已将咪咕链接替换为代理链接: [意甲] 12月09日01:00 乌迪内斯 vs 热那亚 赛...
2025-12-10 12:52:25 - INFO - 已将咪咕链接替换为代理链接: [足总杯] 12月09日03:30 布拉克利 vs 伯顿 洪...
2025-12-10 12:52:25 - INFO - 已将咪咕链接替换为代理链接: [足总杯] 12月09日03:30 布拉克利 vs 伯顿 赛...
2025-12-10 12:52:25 - INFO - 已将咪咕链接替换为代理链接: [意甲] 12月09日03:45 都灵 vs AC米兰 石庆...
2025-12-10 12:52:25 - INFO - 已将咪咕链接替换为代理链接: [意甲] 12月09日03:45 都灵 vs AC米兰 石庆...
2025-12-10 12:52:25 - INFO - 已将咪咕链接替换为代理链接: [意甲] 12月09日03:45 都灵 vs AC米兰 赛场...
2025-12-10 12:52:25 - INFO - 已将咪咕链接替换为代理链接: [西甲] 12月09日04:00 奥萨苏纳 vs 莱万特 张...
2025-12-10 12:52:25 - INFO - 已将咪咕链接替换为代理链接: [西甲] 12月09日04:00 奥萨苏纳 vs 莱万特 赛...
2025-12-10 12:52:25 - INFO - 已将咪咕链接替换为代理链接: [英超] 12月09日04:00 狼队 vs 曼联 吴桐 刘...
2025-12-10 12:52:25 - INFO - 已将咪咕链接替换为代理链接: [英超] 12月09日04:00 狼队 vs 曼联 吴桐 刘...
2025-12-10 12:52:25 - INFO - 已将咪咕链接替换为代理链接: [英超] 12月09日04:00 狼队 vs 曼联 江忠德...
2025-12-10 12:52:25 - INFO - 已将咪咕链接替换为代理链接: [英超] 12月09日04:00 狼队 vs 曼联 洪荒...
2025-12-10 12:52:25 - INFO - 已将咪咕链接替换为代理链接: [英超] 12月09日04:00 狼队 vs 曼联 混合视角...
2025-12-10 12:52:25 - INFO - 已将咪咕链接替换为代理链接: [英超] 12月09日04:00 狼队 vs 曼联 英文原声...
2025-12-10 12:52:25 - INFO - 已将咪咕链接替换为代理链接: [英超] 12月09日04:00 狼队 vs 曼联 赛场原声...
2025-12-10 12:52:25 - INFO - 已将咪咕链接替换为代理链接: [NBA] 12月09日08:00 国王VS步行者 刘芳宇...
2025-12-10 12:52:25 - INFO - 已将咪咕链接替换为代理链接: [NBA] 12月09日08:00 国王VS步行者 英文原声...
2025-12-10 12:52:25 - INFO - 已将咪咕链接替换为代理链接: [NBA] 12月09日08:30 太阳VS森林狼 英文原声...
2025-12-10 12:52:25 - INFO - 已将咪咕链接替换为代理链接: [NBA] 12月09日08:30 太阳VS森林狼 蔡凯臣 ...
2025-12-10 12:52:25 - INFO - 已将咪咕链接替换为代理链接: [NBA] 12月09日09:00 马刺VS鹈鹕 25/26...
2025-12-10 12:52:25 - INFO - 已将咪咕链接替换为代理链接: [NBA] 12月09日09:00 马刺VS鹈鹕 王凯...
2025-12-10 12:52:25 - INFO - 已将咪咕链接替换为代理链接: [NBA] 12月09日09:00 马刺VS鹈鹕 英文原声...
2025-12-10 12:52:25 - INFO - 已将咪咕链接替换为代理链接: [全国体操冠军赛] 12月09日15:00 田倬凡个人全能发...
2025-12-10 12:52:25 - INFO - 已将咪咕链接替换为代理链接: [亚冠精英] 12月09日18:00 町田泽维亚 vs 蔚山...
2025-12-10 12:52:25 - INFO - 已将咪咕链接替换为代理链接: [亚冠精英] 12月09日18:00 町田泽维亚 vs 蔚山...
2025-12-10 12:52:25 - INFO - 已将咪咕链接替换为代理链接: [亚冠精英] 12月09日18:00 神户胜利船 vs 成都...
2025-12-10 12:52:25 - INFO - 已将咪咕链接替换为代理链接: [亚冠精英] 12月09日18:00 神户胜利船 vs 成都...
2025-12-10 12:52:25 - INFO - 已将咪咕链接替换为代理链接: [亚冠精英] 12月09日18:00 神户胜利船 vs 成都...
2025-12-10 12:52:25 - INFO - 已将咪咕链接替换为代理链接: [WCBA] 12月09日19:30 厦门银行 VS 福建金...
2025-12-10 12:52:25 - INFO - 已将咪咕链接替换为代理链接: [WCBA] 12月09日19:30 合肥文旅 VS 河南豫...
2025-12-10 12:52:25 - INFO - 已将咪咕链接替换为代理链接: [浙江省城市篮球联赛] 12月09日19:30 普陀80-8...
2025-12-10 12:52:25 - INFO - 已将咪咕链接替换为代理链接: [亚冠精英] 12月09日20:15 柔佛新山 vs 上海海...
2025-12-10 12:52:25 - INFO - 已将咪咕链接替换为代理链接: [亚冠精英] 12月09日20:15 柔佛新山 vs 上海海...
2025-12-10 12:52:25 - INFO - 已将咪咕链接替换为代理链接: [亚冠精英] 12月09日20:15 武里南联 vs 江原 ...
2025-12-10 12:52:25 - INFO - 已将咪咕链接替换为代理链接: [亚冠精英] 12月09日20:15 武里南联 vs 江原 ...
2025-12-10 12:52:25 - INFO - 发现咪咕体育分组: 咪咕体育-20251210,#genre# -> 日期: 2025-12-10, 分类: today, 分组: 今日咪咕
2025-12-10 12:52:25 - INFO - 已将咪咕链接替换为代理链接: [NBA] 12月10日07:00 热火VS魔术 孙博 周赫...
2025-12-10 12:52:25 - INFO - 已将咪咕链接替换为代理链接: [NBA] 12月10日07:00 热火VS魔术 英文原声...
2025-12-10 12:52:25 - INFO - 已将咪咕链接替换为代理链接: [NBA] 12月10日09:30 尼克斯VS猛龙 25/2...
2025-12-10 12:52:25 - INFO - 已将咪咕链接替换为代理链接: [NBA] 12月10日09:30 尼克斯VS猛龙 庄宁宇 ...
2025-12-10 12:52:25 - INFO - 已将咪咕链接替换为代理链接: [NBA] 12月10日09:30 尼克斯VS猛龙 英文原声...
2025-12-10 12:52:25 - INFO - 已将咪咕链接替换为代理链接: [全国体操冠军赛] 12月10日10:00 田倬凡、傅凯鑫个...
2025-12-10 12:52:25 - INFO - 已将咪咕链接替换为代理链接: [WTT] 12月10日10:30 莎头混双首秀告捷！石洵瑶...
2025-12-10 12:52:25 - INFO - 已将咪咕链接替换为代理链接: [WTT] 12月10日10:30 莎头混双首秀告捷！石洵瑶...
2025-12-10 12:52:25 - INFO - 已将咪咕链接替换为代理链接: [WTT] 12月10日10:30 莎头混双首秀告捷！石洵瑶...
2025-12-10 12:52:25 - INFO - 已将咪咕链接替换为代理链接: [亚冠精英] 12月10日18:00 广岛三箭 vs 上海申...
2025-12-10 12:52:25 - INFO - 已将咪咕链接替换为代理链接: [WTT] 12月10日18:00 王楚钦、王曼昱冲开门红 ...
2025-12-10 12:52:25 - INFO - 已将咪咕链接替换为代理链接: [WTT] 12月10日18:00 王楚钦、王曼昱冲开门红 ...
2025-12-10 12:52:25 - INFO - 已将咪咕链接替换为代理链接: [WTT] 12月10日18:00 王楚钦、王曼昱冲开门红 ...
2025-12-10 12:52:25 - INFO - 已将咪咕链接替换为代理链接: [WTT] 12月10日18:00 王楚钦、王曼昱冲开门红 ...
2025-12-10 12:52:25 - INFO - 已将咪咕链接替换为代理链接: [亚冠精英] 12月10日18:00 首尔 vs 墨尔本城 ...
2025-12-10 12:52:25 - INFO - 已将咪咕链接替换为代理链接: [亚冠精英] 12月10日18:00 首尔 vs 墨尔本城 ...
2025-12-10 12:52:25 - INFO - 已将咪咕链接替换为代理链接: [WCBA] 12月10日19:30 山东赤水河酒 VS 东...
2025-12-10 12:52:25 - INFO - 已将咪咕链接替换为代理链接: [WCBA] 12月10日19:30 江苏南钢 VS 武汉盛...
2025-12-10 12:52:25 - INFO - 已将咪咕链接替换为代理链接: [浙江省城市篮球联赛] 12月10日19:30 苍南VS宁波...
2025-12-10 12:52:25 - INFO - 已将咪咕链接替换为代理链接: [WCBA] 12月10日20:00 新疆天山 VS 石家庄...
2025-12-10 12:52:25 - INFO - 已将咪咕链接替换为代理链接: [亚冠二级] 12月10日20:15 佩西比萬隆 vs 曼谷...
2025-12-10 12:52:25 - INFO - 已将咪咕链接替换为代理链接: [亚冠二级] 12月10日20:15 佩西比萬隆 vs 曼谷...
2025-12-10 12:52:25 - INFO - 已将咪咕链接替换为代理链接: [亚冠二级] 12月10日20:15 雪兰莪 vs 本国联队...
2025-12-10 12:52:25 - INFO - 已将咪咕链接替换为代理链接: [亚冠二级] 12月10日20:15 雪兰莪 vs 本国联队...
2025-12-10 12:52:25 - INFO - 已将咪咕链接替换为代理链接: [斯诺克] 12月10日21:00 张安达庞俊旭出战 龙泽煌...
2025-12-10 12:52:25 - INFO - 发现咪咕体育分组: 咪咕体育-20251211,#genre# -> 日期: 2025-12-11, 分类: tomorrow, 分组: 咪咕体育预告
2025-12-10 12:52:25 - INFO - 已将咪咕链接替换为代理链接: [斯诺克] 12月11日03:00 许医尘对战塔猜亚 周跃龙...
2025-12-10 12:52:25 - INFO - 已将咪咕链接替换为代理链接: [NBA] 12月11日08:30 太阳VS雷霆...
2025-12-10 12:52:25 - INFO - 已将咪咕链接替换为代理链接: [WTT] 12月11日10:30 重头戏！莎头压台对决动漫...
2025-12-10 12:52:25 - INFO - 已将咪咕链接替换为代理链接: [NBA] 12月11日11:00 马刺VS湖人...
2025-12-10 12:52:25 - INFO - 已将咪咕链接替换为代理链接: [全国体操冠军赛] 12月11日15:00 第三日甲组单项决...
2025-12-10 12:52:25 - INFO - 已将咪咕链接替换为代理链接: [亚冠二级] 12月11日18:00 南定 vs 香港东方...
2025-12-10 12:52:25 - INFO - 已将咪咕链接替换为代理链接: [亚冠二级] 12月11日18:00 大阪钢巴 vs 拉查布...
2025-12-10 12:52:25 - INFO - 已将咪咕链接替换为代理链接: [WTT] 12月11日18:00 焦点战！孙颖莎PK王艺迪...
2025-12-10 12:52:25 - INFO - 已将咪咕链接替换为代理链接: [WCBA] 12月11日19:30 上海浦发银行 VS 北...
2025-12-10 12:52:25 - INFO - 已将咪咕链接替换为代理链接: [浙江省城市篮球联赛] 12月11日19:30 嘉兴VS绍兴...
2025-12-10 12:52:25 - INFO - 已将咪咕链接替换为代理链接: [WCBA] 12月11日19:30 山西竹叶青酒 VS 陕...
2025-12-10 12:52:25 - INFO - 已将咪咕链接替换为代理链接: [WCBA] 12月11日19:30 江西鲸裕清酒 VS 大...
2025-12-10 12:52:25 - INFO - 已将咪咕链接替换为代理链接: [WCBA] 12月11日19:30 浙江稠州银行 VS 四...
2025-12-10 12:52:25 - INFO - 已将咪咕链接替换为代理链接: [亚冠二级] 12月11日20:15 北京国安 vs 麦克阿...
2025-12-10 12:52:25 - INFO - 已将咪咕链接替换为代理链接: [亚冠二级] 12月11日20:15 卡雅 vs 浦项铁人...
2025-12-10 12:52:25 - INFO - 已将咪咕链接替换为代理链接: [亚冠二级] 12月11日20:15 和富大埔 vs Côn...
2025-12-10 12:52:25 - INFO - 已将咪咕链接替换为代理链接: [亚冠二级] 12月11日20:15 曼谷玻璃 vs 淡宾尼...
2025-12-10 12:52:25 - INFO - 已将咪咕链接替换为代理链接: [斯诺克] 12月11日21:00 赵心童白雨露出战 吴宜泽...
2025-12-10 12:52:25 - INFO - 从文件 source_4_20251210.m3u 解析出 80 个咪咕体育频道
2025-12-10 12:52:25 - INFO - 总计分类咪咕频道: 6 个
2025-12-10 12:52:25 - INFO -   - 咪咕体育回看: 37 个频道
2025-12-10 12:52:25 - INFO -   - 今日咪咕: 25 个频道
2025-12-10 12:52:25 - INFO -   - 咪咕体育预告: 18 个频道
2025-12-10 12:52:25 - INFO - 开始更新目标文件 index.html ...
2025-12-10 12:52:25 - INFO - 更新 'CCTV-16奥林匹克' [央视吉林] (来自源3)
2025-12-10 12:52:25 - INFO - 更新 'CCTV-1综合' [央视辽宁] (来自源3)
2025-12-10 12:52:25 - INFO - 更新 'CCTV-2财经' [央视辽宁] (来自源3)
2025-12-10 12:52:25 - INFO - 更新 'CCTV-3综艺' [央视辽宁] (来自源3)
2025-12-10 12:52:25 - INFO - 更新 'CCTV-4国际' [央视辽宁] (来自源3)
2025-12-10 12:52:25 - INFO - 更新 'CCTV-5体育' [央视辽宁] (来自源3)
2025-12-10 12:52:25 - INFO - 更新 'CCTV-6电影' [央视辽宁] (来自源3)
2025-12-10 12:52:25 - INFO - 更新 'CCTV-7国防军事' [央视辽宁] (来自源3)
2025-12-10 12:52:25 - INFO - 更新 'CCTV-8电视剧' [央视辽宁] (来自源3)
2025-12-10 12:52:25 - INFO - 更新 'CCTV-9纪录' [央视辽宁] (来自源3)
2025-12-10 12:52:25 - INFO - 更新 'CCTV-10科教' [央视辽宁] (来自源3)
2025-12-10 12:52:25 - INFO - 更新 'CCTV-11戏曲' [央视辽宁] (来自源3)
2025-12-10 12:52:25 - INFO - 更新 'CCTV-12社会与法' [央视辽宁] (来自源3)
2025-12-10 12:52:25 - INFO - 更新 'CCTV-13新闻' [央视辽宁] (来自源3)
2025-12-10 12:52:25 - INFO - 更新 'CCTV-14少儿' [央视辽宁] (来自源3)
2025-12-10 12:52:25 - INFO - 更新 'CCTV-15音乐' [央视辽宁] (来自源3)
2025-12-10 12:52:25 - INFO - 更新 'CCTV-16奥林匹克' [央视辽宁] (来自源3)
2025-12-10 12:52:25 - INFO - 更新 'CCTV-17农业农村' [央视辽宁] (来自源3)
2025-12-10 12:52:25 - INFO - 更新 '高尔夫网球' [央视付费频道] (来自源3)
2025-12-10 12:52:25 - INFO - 更新 '世界地理' [央视付费频道] (来自源3)
2025-12-10 12:52:25 - INFO - 更新 '辽宁都市' [辽宁本地] (来自源3)
2025-12-10 12:52:25 - INFO - 更新 '辽宁影视剧' [辽宁本地] (来自源3)
2025-12-10 12:52:25 - INFO - 更新 '辽宁体育休闲' [辽宁本地] (来自源3)
2025-12-10 12:52:25 - INFO - 更新 '辽宁生活' [辽宁本地] (来自源3)
2025-12-10 12:52:25 - INFO - 更新 '辽宁教育青少' [辽宁本地] (来自源3)
2025-12-10 12:52:25 - INFO - 更新 '辽宁北方' [辽宁本地] (来自源3)
2025-12-10 12:52:25 - INFO - 更新 '辽宁公共' [辽宁本地] (来自源3)
2025-12-10 12:52:25 - INFO - 更新 '辽宁经济' [辽宁本地] (来自源3)
2025-12-10 12:52:25 - INFO - 更新 '家有购物' [其他] (来自源3)
2025-12-10 12:52:25 - INFO - 更新 '央广购物' [其他] (来自源3)
2025-12-10 12:52:25 - INFO - 更新 '聚鲨环球精选' [其他] (来自源3)
2025-12-10 12:52:25 - INFO - 更新 '沈阳新闻综合' [辽宁本地] (来自源3)
2025-12-10 12:52:25 - INFO - 添加特殊分组: '12月10日01:30欧冠_拜仁vs葡萄牙体育' [连宇体育]
2025-12-10 12:52:25 - INFO - 添加特殊分组: '12月10日03:45欧冠_国米vs利物浦' [连宇体育]
2025-12-10 12:52:25 - INFO - 添加特殊分组: '12月10日03:50欧冠_亚特兰大vs切尔西' [连宇体育]
2025-12-10 12:52:25 - INFO - 添加特殊分组: '12月10日03:55欧女冠_阿森纳女足vs特温特女足' [连宇体育]
2025-12-10 12:52:25 - INFO - 添加特殊分组: '12月10日03:55欧冠_巴萨vs法兰克福' [连宇体育]
2025-12-10 12:52:25 - INFO - 添加特殊分组: '12月10日03:55欧冠_摩纳哥vs加拉塔萨雷' [连宇体育]
2025-12-10 12:52:25 - INFO - 添加特殊分组: '12月10日03:55欧冠_埃因霍温vs马竞' [连宇体育]
2025-12-10 12:52:25 - INFO - 添加特殊分组: '12月10日03:55欧冠_圣吉罗斯vs马赛' [连宇体育]
2025-12-10 12:52:25 - INFO - 添加特殊分组: '12月10日03:55欧冠_热刺vs布拉格斯拉维亚' [连宇体育]
2025-12-10 12:52:25 - INFO - 添加特殊分组: '12月10日07:00_NBA杯淘汰赛_魔术vs热火_王猛吴谦辰辰' [连宇体育]
2025-12-10 12:52:25 - INFO - 添加特殊分组: '12月10日07:00_NBA杯淘汰赛_魔术vs热火_英文原音' [连宇体育]
2025-12-10 12:52:25 - INFO - 添加特殊分组: '12月10日09:00_篮球直播节目_[早安Tip_Off]第49期：NBA杯淘汰赛开启谁能晋级半决赛？_段冉管维佳泱泱' [连宇体育]
2025-12-10 12:52:25 - INFO - 添加特殊分组: '12月10日09:30_NBA杯淘汰赛_猛龙vs尼克斯_段冉管维佳泱泱' [连宇体育]
2025-12-10 12:52:25 - INFO - 添加特殊分组: '12月10日09:30_NBA杯淘汰赛_猛龙vs尼克斯_英文原音' [连宇体育]
2025-12-10 12:52:25 - INFO - 添加特殊分组: '12月10日10:00_2025年全国体操冠军赛 第二日：河北队田倬凡、江西队傅凯鑫摘金_田倬凡、傅凯鑫个人全能摘金_[全场回放]全国体操冠军赛第二日' [连宇体育]
2025-12-10 12:52:25 - INFO - 添加特殊分组: '12月10日10:00_NBAG联赛开季赛_撕裂之城混音vs盐湖城星' [连宇体育]
2025-12-10 12:52:25 - INFO - 添加特殊分组: '12月10日10:00_NBAG联赛开季赛_撕裂之城混音vs盐湖城星_英文原音' [连宇体育]
2025-12-10 12:52:25 - INFO - 添加特殊分组: '12月10日10:30_WTT香港总决赛：混双小组赛第1轮、男女单打1/8决赛_莎头混双首秀告捷！石洵瑶2_4陈幸同_[全场回放]（石楚阳、小马哥）' [连宇体育]
2025-12-10 12:52:25 - INFO - 添加特殊分组: '12月10日11:00_2025“全兴杯”传承足球明星联赛_冠军组第三轮山东泰山郓城恒基vs广西传承明星' [连宇体育]
2025-12-10 12:52:25 - INFO - 添加特殊分组: '12月10日11:00_2025“全兴杯”传承足球明星联赛_超级组第三轮北京老男孩vs辽宁队' [连宇体育]
2025-12-10 12:52:25 - INFO - 添加特殊分组: '12月10日14:00_2025“全兴杯”传承足球明星联赛_冠军组第三轮天津老甲Avs深圳传承明星' [连宇体育]
2025-12-10 12:52:25 - INFO - 添加特殊分组: '12月10日14:00_2025“全兴杯”传承足球明星联赛_超级组第三轮四川全兴vs上海老克勒' [连宇体育]
2025-12-10 12:52:25 - INFO - 添加特殊分组: '12月10日14:00_NBA经典赛_NBA常规赛精彩回顾：热火vs魔术' [连宇体育]
2025-12-10 12:52:25 - INFO - 添加特殊分组: '12月10日16:00_2025“全兴杯”传承足球明星联赛_冠军组第三轮佳鑫伟业vs昆明凤凰橡胶' [连宇体育]
2025-12-10 12:52:25 - INFO - 添加特殊分组: '12月10日16:00_2025“全兴杯”传承足球明星联赛_超级组第三轮广州传承明星vs湖北老甲A' [连宇体育]
2025-12-10 12:52:25 - INFO - 添加特殊分组: '12月10日16:00_NBA经典赛_NBA常规赛精彩回顾：尼克斯vs猛龙' [连宇体育]
2025-12-10 12:52:25 - INFO - 添加特殊分组: '12月10日17:00_CHBL揭幕战(女)_耐高精英联队vs清华附中' [连宇体育]
2025-12-10 12:52:25 - INFO - 添加特殊分组: '12月10日18:00_亚冠精英联赛阶段_首尔 vs 墨尔本城_鲁靖明' [连宇体育]
2025-12-10 12:52:25 - INFO - 添加特殊分组: '12月10日18:00_亚冠精英联赛阶段_首尔 vs 墨尔本城_赛场原声' [连宇体育]
2025-12-10 12:52:25 - INFO - 添加特殊分组: '12月10日18:00_亚冠精英联赛阶段_广岛三箭 vs 上海申花_娄一晨 刘越 孙蕊' [连宇体育]
2025-12-10 12:52:25 - INFO - 添加特殊分组: '12月10日18:00_WTT香港总决赛：混双小组赛第1轮、男女单打1/8决赛_王楚钦、王曼昱冲开门红 动漫组合横扫_赛场原声' [连宇体育]
2025-12-10 12:52:25 - INFO - 添加特殊分组: '12月10日18:00_WTT香港总决赛：混双小组赛第1轮、男女单打1/8决赛_王楚钦、王曼昱冲开门红 动漫组合横扫_智能字幕' [连宇体育]
2025-12-10 12:52:25 - INFO - 添加特殊分组: '12月10日18:00_NBA经典赛_NBA常规赛精彩回顾：太阳vs森林狼' [连宇体育]
2025-12-10 12:52:25 - INFO - 添加特殊分组: '12月10日18:45_CHBL揭幕战(男)_耐高精英联队vs广东实验中学' [连宇体育]
2025-12-10 12:52:25 - INFO - 添加特殊分组: '12月10日19:30_WCBA常规赛A组_江苏南钢 VS 武汉盛帆黄鹤_清流播出' [连宇体育]
2025-12-10 12:52:25 - INFO - 添加特殊分组: '12月10日19:30_WCBA常规赛A组_山东赤水河酒 VS 东莞新彤盛_清流播出' [连宇体育]
2025-12-10 12:52:25 - INFO - 添加特殊分组: '12月10日19:30_苍南VS宁波_苍南VS宁波_2025浙江省城市篮球联赛: 苍南VS宁波' [连宇体育]
2025-12-10 12:52:25 - INFO - 添加特殊分组: '12月10日20:00_WCBA常规赛A组_新疆天山 VS 石家庄英励_解说' [连宇体育]
2025-12-10 12:52:25 - INFO - 添加特殊分组: '12月10日20:00_NBA经典赛_NBA常规赛精彩回顾：湖人vs76人' [连宇体育]
2025-12-10 12:52:25 - INFO - 添加特殊分组: '12月10日20:15_亚冠二级小组赛_雪兰莪 vs 本国联队_盛斌' [连宇体育]
2025-12-10 12:52:25 - INFO - 添加特殊分组: '12月10日20:15_亚冠二级小组赛_雪兰莪 vs 本国联队_赛场原声' [连宇体育]
2025-12-10 12:52:25 - INFO - 添加特殊分组: '12月10日20:15_亚冠二级小组赛_佩西比萬隆 vs 曼谷联_刘洋' [连宇体育]
2025-12-10 12:52:25 - INFO - 添加特殊分组: '12月10日20:15_亚冠二级小组赛_佩西比萬隆 vs 曼谷联_赛场原声' [连宇体育]
2025-12-10 12:52:25 - INFO - 添加特殊分组: '12月10日21:00_斯诺克单局限时赛第一日：张安达庞俊旭出战 龙泽煌vs布雷切尔_张安达庞俊旭出战 龙泽煌vs布雷切尔_现场原声' [连宇体育]
2025-12-10 12:52:25 - INFO - 添加咪咕分组: '[东亚超级联赛] 12月09日 18:10 昌源LG猎鹰vs乌兰巴托野马 王冠证' [咪咕体育回看]
2025-12-10 12:52:25 - INFO - 添加咪咕分组: '[意甲] 12月09日01:00 乌迪内斯 vs 热那亚 乔迁' [咪咕体育回看]
2025-12-10 12:52:25 - INFO - 添加咪咕分组: '[意甲] 12月09日01:00 乌迪内斯 vs 热那亚 赛场原声' [咪咕体育回看]
2025-12-10 12:52:25 - INFO - 添加咪咕分组: '[足总杯] 12月09日03:30 布拉克利 vs 伯顿 洪宇青' [咪咕体育回看]
2025-12-10 12:52:25 - INFO - 添加咪咕分组: '[足总杯] 12月09日03:30 布拉克利 vs 伯顿 赛场原声' [咪咕体育回看]
2025-12-10 12:52:25 - INFO - 添加咪咕分组: '[意甲] 12月09日03:45 都灵 vs AC米兰 石庆圣 李彦' [咪咕体育回看]
2025-12-10 12:52:25 - INFO - 添加咪咕分组: '[意甲] 12月09日03:45 都灵 vs AC米兰 石庆圣 李彦' [咪咕体育回看]
2025-12-10 12:52:25 - INFO - 添加咪咕分组: '[意甲] 12月09日03:45 都灵 vs AC米兰 赛场原声' [咪咕体育回看]
2025-12-10 12:52:25 - INFO - 添加咪咕分组: '[西甲] 12月09日04:00 奥萨苏纳 vs 莱万特 张天翼' [咪咕体育回看]
2025-12-10 12:52:25 - INFO - 添加咪咕分组: '[西甲] 12月09日04:00 奥萨苏纳 vs 莱万特 赛场原声' [咪咕体育回看]
2025-12-10 12:52:25 - INFO - 添加咪咕分组: '[英超] 12月09日04:00 狼队 vs 曼联 吴桐 刘畅' [咪咕体育回看]
2025-12-10 12:52:25 - INFO - 添加咪咕分组: '[英超] 12月09日04:00 狼队 vs 曼联 吴桐 刘畅' [咪咕体育回看]
2025-12-10 12:52:25 - INFO - 添加咪咕分组: '[英超] 12月09日04:00 狼队 vs 曼联 江忠德' [咪咕体育回看]
2025-12-10 12:52:25 - INFO - 添加咪咕分组: '[英超] 12月09日04:00 狼队 vs 曼联 洪荒' [咪咕体育回看]
2025-12-10 12:52:25 - INFO - 添加咪咕分组: '[英超] 12月09日04:00 狼队 vs 曼联 混合视角' [咪咕体育回看]
2025-12-10 12:52:25 - INFO - 添加咪咕分组: '[英超] 12月09日04:00 狼队 vs 曼联 英文原声' [咪咕体育回看]
2025-12-10 12:52:25 - INFO - 添加咪咕分组: '[英超] 12月09日04:00 狼队 vs 曼联 赛场原声' [咪咕体育回看]
2025-12-10 12:52:25 - INFO - 添加咪咕分组: '[NBA] 12月09日08:00 国王VS步行者 刘芳宇' [咪咕体育回看]
2025-12-10 12:52:25 - INFO - 添加咪咕分组: '[NBA] 12月09日08:00 国王VS步行者 英文原声' [咪咕体育回看]
2025-12-10 12:52:25 - INFO - 添加咪咕分组: '[NBA] 12月09日08:30 太阳VS森林狼 英文原声' [咪咕体育回看]
2025-12-10 12:52:25 - INFO - 添加咪咕分组: '[NBA] 12月09日08:30 太阳VS森林狼 蔡凯臣 曾令旭 裴优' [咪咕体育回看]
2025-12-10 12:52:25 - INFO - 添加咪咕分组: '[NBA] 12月09日09:00 马刺VS鹈鹕 25/26赛季NBA常规赛全场集锦：马刺135:132鹈鹕（20251209）' [咪咕体育回看]
2025-12-10 12:52:25 - INFO - 添加咪咕分组: '[NBA] 12月09日09:00 马刺VS鹈鹕 王凯' [咪咕体育回看]
2025-12-10 12:52:25 - INFO - 添加咪咕分组: '[NBA] 12月09日09:00 马刺VS鹈鹕 英文原声' [咪咕体育回看]
2025-12-10 12:52:25 - INFO - 添加咪咕分组: '[全国体操冠军赛] 12月09日15:00 田倬凡个人全能发挥出色 清流播出' [咪咕体育回看]
2025-12-10 12:52:25 - INFO - 添加咪咕分组: '[亚冠精英] 12月09日18:00 町田泽维亚 vs 蔚山HD 涂远' [咪咕体育回看]
2025-12-10 12:52:25 - INFO - 添加咪咕分组: '[亚冠精英] 12月09日18:00 町田泽维亚 vs 蔚山HD 赛场原声' [咪咕体育回看]
2025-12-10 12:52:25 - INFO - 添加咪咕分组: '[亚冠精英] 12月09日18:00 神户胜利船 vs 成都蓉城 袁甲 贺宇 林梦鸽' [咪咕体育回看]
2025-12-10 12:52:25 - INFO - 添加咪咕分组: '[亚冠精英] 12月09日18:00 神户胜利船 vs 成都蓉城 赛场原声' [咪咕体育回看]
2025-12-10 12:52:25 - INFO - 添加咪咕分组: '[亚冠精英] 12月09日18:00 神户胜利船 vs 成都蓉城 赛场原声' [咪咕体育回看]
2025-12-10 12:52:25 - INFO - 添加咪咕分组: '[WCBA] 12月09日19:30 厦门银行 VS 福建金篮 清流播出' [咪咕体育回看]
2025-12-10 12:52:25 - INFO - 添加咪咕分组: '[WCBA] 12月09日19:30 合肥文旅 VS 河南豫光金铅 清流播出' [咪咕体育回看]
2025-12-10 12:52:25 - INFO - 添加咪咕分组: '[浙江省城市篮球联赛] 12月09日19:30 普陀80-84富阳 2025浙江省城市篮球联赛: 普陀VS富阳' [咪咕体育回看]
2025-12-10 12:52:25 - INFO - 添加咪咕分组: '[亚冠精英] 12月09日20:15 柔佛新山 vs 上海海港 石庆圣 李彦 姚安妮' [咪咕体育回看]
2025-12-10 12:52:25 - INFO - 添加咪咕分组: '[亚冠精英] 12月09日20:15 柔佛新山 vs 上海海港 赛场原声' [咪咕体育回看]
2025-12-10 12:52:25 - INFO - 添加咪咕分组: '[亚冠精英] 12月09日20:15 武里南联 vs 江原 刘焕' [咪咕体育回看]
2025-12-10 12:52:25 - INFO - 添加咪咕分组: '[亚冠精英] 12月09日20:15 武里南联 vs 江原 赛场原声' [咪咕体育回看]
2025-12-10 12:52:25 - INFO - 添加咪咕分组: '[NBA] 12月10日07:00 热火VS魔术 孙博 周赫' [今日咪咕]
2025-12-10 12:52:25 - INFO - 添加咪咕分组: '[NBA] 12月10日07:00 热火VS魔术 英文原声' [今日咪咕]
2025-12-10 12:52:25 - INFO - 添加咪咕分组: '[NBA] 12月10日09:30 尼克斯VS猛龙 25/26赛季NBA杯全场集锦：尼克斯117:101猛龙（20251210）' [今日咪咕]
2025-12-10 12:52:25 - INFO - 添加咪咕分组: '[NBA] 12月10日09:30 尼克斯VS猛龙 庄宁宇 周鹏 王羽希' [今日咪咕]
2025-12-10 12:52:25 - INFO - 添加咪咕分组: '[NBA] 12月10日09:30 尼克斯VS猛龙 英文原声' [今日咪咕]
2025-12-10 12:52:25 - INFO - 添加咪咕分组: '[全国体操冠军赛] 12月10日10:00 田倬凡、傅凯鑫个人全能摘金 清流播出' [今日咪咕]
2025-12-10 12:52:25 - INFO - 添加咪咕分组: '[WTT] 12月10日10:30 莎头混双首秀告捷！石洵瑶2-4陈幸同 石楚阳 小马哥' [今日咪咕]
2025-12-10 12:52:25 - INFO - 添加咪咕分组: '[WTT] 12月10日10:30 莎头混双首秀告捷！石洵瑶2-4陈幸同 英文解说' [今日咪咕]
2025-12-10 12:52:25 - INFO - 添加咪咕分组: '[WTT] 12月10日10:30 莎头混双首秀告捷！石洵瑶2-4陈幸同 赛场原声' [今日咪咕]
2025-12-10 12:52:25 - INFO - 添加咪咕分组: '[亚冠精英] 12月10日18:00 广岛三箭 vs 上海申花 娄一晨 刘越 孙蕊' [今日咪咕]
2025-12-10 12:52:25 - INFO - 添加咪咕分组: '[WTT] 12月10日18:00 王楚钦、王曼昱冲开门红 动漫组合横扫 刘国正 侯英超 周冠达' [今日咪咕]
2025-12-10 12:52:25 - INFO - 添加咪咕分组: '[WTT] 12月10日18:00 王楚钦、王曼昱冲开门红 动漫组合横扫 智能字幕' [今日咪咕]
2025-12-10 12:52:25 - INFO - 添加咪咕分组: '[WTT] 12月10日18:00 王楚钦、王曼昱冲开门红 动漫组合横扫 赛场原声' [今日咪咕]
2025-12-10 12:52:25 - INFO - 添加咪咕分组: '[WTT] 12月10日18:00 王楚钦、王曼昱冲开门红 动漫迎战黄杜 英文解说' [今日咪咕]
2025-12-10 12:52:25 - INFO - 添加咪咕分组: '[亚冠精英] 12月10日18:00 首尔 vs 墨尔本城 赛场原声' [今日咪咕]
2025-12-10 12:52:25 - INFO - 添加咪咕分组: '[亚冠精英] 12月10日18:00 首尔 vs 墨尔本城 鲁靖明' [今日咪咕]
2025-12-10 12:52:25 - INFO - 添加咪咕分组: '[WCBA] 12月10日19:30 山东赤水河酒 VS 东莞新彤盛 清流播出' [今日咪咕]
2025-12-10 12:52:25 - INFO - 添加咪咕分组: '[WCBA] 12月10日19:30 江苏南钢 VS 武汉盛帆黄鹤 清流播出' [今日咪咕]
2025-12-10 12:52:25 - INFO - 添加咪咕分组: '[浙江省城市篮球联赛] 12月10日19:30 苍南VS宁波 2025浙江省城市篮球联赛: 苍南VS宁波' [今日咪咕]
2025-12-10 12:52:25 - INFO - 添加咪咕分组: '[WCBA] 12月10日20:00 新疆天山 VS 石家庄英励 解说' [今日咪咕]
2025-12-10 12:52:25 - INFO - 添加咪咕分组: '[亚冠二级] 12月10日20:15 佩西比萬隆 vs 曼谷联 刘洋' [今日咪咕]
2025-12-10 12:52:25 - INFO - 添加咪咕分组: '[亚冠二级] 12月10日20:15 佩西比萬隆 vs 曼谷联 赛场原声' [今日咪咕]
2025-12-10 12:52:25 - INFO - 添加咪咕分组: '[亚冠二级] 12月10日20:15 雪兰莪 vs 本国联队 盛斌' [今日咪咕]
2025-12-10 12:52:25 - INFO - 添加咪咕分组: '[亚冠二级] 12月10日20:15 雪兰莪 vs 本国联队 赛场原声' [今日咪咕]
2025-12-10 12:52:25 - INFO - 添加咪咕分组: '[斯诺克] 12月10日21:00 张安达庞俊旭出战 龙泽煌vs布雷切尔 现场原声' [今日咪咕]
2025-12-10 12:52:25 - INFO - 添加咪咕分组: '[斯诺克] 12月11日03:00 许医尘对战塔猜亚 周跃龙vs韦克林' [咪咕体育预告]
2025-12-10 12:52:25 - INFO - 添加咪咕分组: '[NBA] 12月11日08:30 太阳VS雷霆' [咪咕体育预告]
2025-12-10 12:52:25 - INFO - 添加咪咕分组: '[WTT] 12月11日10:30 重头戏！莎头压台对决动漫组合' [咪咕体育预告]
2025-12-10 12:52:25 - INFO - 添加咪咕分组: '[NBA] 12月11日11:00 马刺VS湖人' [咪咕体育预告]
2025-12-10 12:52:25 - INFO - 添加咪咕分组: '[全国体操冠军赛] 12月11日15:00 第三日甲组单项决赛' [咪咕体育预告]
2025-12-10 12:52:25 - INFO - 添加咪咕分组: '[亚冠二级] 12月11日18:00 南定 vs 香港东方' [咪咕体育预告]
2025-12-10 12:52:25 - INFO - 添加咪咕分组: '[亚冠二级] 12月11日18:00 大阪钢巴 vs 拉查布里府' [咪咕体育预告]
2025-12-10 12:52:25 - INFO - 添加咪咕分组: '[WTT] 12月11日18:00 焦点战！孙颖莎PK王艺迪 蒯曼首秀战早田' [咪咕体育预告]
2025-12-10 12:52:25 - INFO - 添加咪咕分组: '[WCBA] 12月11日19:30 上海浦发银行 VS 北京首钢园' [咪咕体育预告]
2025-12-10 12:52:25 - INFO - 添加咪咕分组: '[浙江省城市篮球联赛] 12月11日19:30 嘉兴VS绍兴' [咪咕体育预告]
2025-12-10 12:52:25 - INFO - 添加咪咕分组: '[WCBA] 12月11日19:30 山西竹叶青酒 VS 陕西榆林天泽' [咪咕体育预告]
2025-12-10 12:52:25 - INFO - 添加咪咕分组: '[WCBA] 12月11日19:30 江西鲸裕清酒 VS 大连文体旅' [咪咕体育预告]
2025-12-10 12:52:25 - INFO - 添加咪咕分组: '[WCBA] 12月11日19:30 浙江稠州银行 VS 四川蜀道远达' [咪咕体育预告]
2025-12-10 12:52:25 - INFO - 添加咪咕分组: '[亚冠二级] 12月11日20:15 北京国安 vs 麦克阿瑟FC' [咪咕体育预告]
2025-12-10 12:52:25 - INFO - 添加咪咕分组: '[亚冠二级] 12月11日20:15 卡雅 vs 浦项铁人' [咪咕体育预告]
2025-12-10 12:52:25 - INFO - 添加咪咕分组: '[亚冠二级] 12月11日20:15 和富大埔 vs Công An Hà Nội' [咪咕体育预告]
2025-12-10 12:52:25 - INFO - 添加咪咕分组: '[亚冠二级] 12月11日20:15 曼谷玻璃 vs 淡宾尼流浪' [咪咕体育预告]
2025-12-10 12:52:25 - INFO - 添加咪咕分组: '[斯诺克] 12月11日21:00 赵心童白雨露出战 吴宜泽vs傅家俊' [咪咕体育预告]
2025-12-10 12:52:25 - INFO - 添加更新时间频道: 最后更新: 2025-12-10 20:52:25 (北京时间)
2025-12-10 12:52:25 - INFO - 文件更新完成，共处理 156 个频道
2025-12-10 12:52:25 - INFO - ============================================================
2025-12-10 12:52:25 - INFO - 任务执行成功完成
2025-12-10 12:52:25 - INFO - 完成时间 (北京时间): 2025-12-10 20:52:25
2025-12-10 12:52:25 - INFO - 总耗时: 3.07 秒
2025-12-10 12:52:25 - INFO - 总计处理频道源: 1107 个
2025-12-10 12:52:25 - INFO - 日志文件: logs/tv_auto_update_20251210.log
2025-12-10 12:52:25 - INFO - ============================================================
