2025-12-14 16:18:04 - INFO - ============================================================
2025-12-14 16:18:04 - INFO - 开始执行直播源自动更新任务
2025-12-14 16:18:04 - INFO - 启动时间 (北京时间): 2025-12-15 00:18:04
2025-12-14 16:18:04 - INFO - ============================================================
2025-12-14 16:18:04 - INFO - 已加载配置，共有 7 个源地址
2025-12-14 16:18:04 - INFO - 已启用频道名称映射
2025-12-14 16:18:04 - INFO - 从目标文件中读取了 375 个待更新频道
2025-12-14 16:18:04 - INFO - 正在下载源 1: https://gyssi.link/iptv/chinaiptv/%E5%90%89%E6%9E%97%E7%9C%81.m3u...
2025-12-14 16:18:05 - INFO -   ✓ 成功下载源 1
2025-12-14 16:18:05 - INFO - 正在下载源 2: https://bc.188766.xyz/...
2025-12-14 16:18:05 - INFO -   ✓ 成功下载源 2
2025-12-14 16:18:05 - INFO - 正在下载源 3: https://gyssi.link/live/%E8%BE%BD%E5%AE%81.m3u...
2025-12-14 16:18:06 - INFO -   ✓ 成功下载源 3
2025-12-14 16:18:06 - INFO - 正在下载源 4: https://raw.githubusercontent.com/10000ge10000/iptv-api/refs/heads/master/output/user_result.m3u...
2025-12-14 16:18:06 - INFO -   ✓ 成功下载源 4
2025-12-14 16:18:06 - INFO - 正在下载源 5: https://bc.188766.xyz/...
2025-12-14 16:18:07 - INFO -   ✓ 成功下载源 5
2025-12-14 16:18:07 - INFO - 正在下载源 6: https://raw.githubusercontent.com/xiongjian83/TvBox/refs/heads/main/live.m3u...
2025-12-14 16:18:07 - INFO -   ✓ 成功下载源 6
2025-12-14 16:18:07 - INFO - 正在下载源 7: https://taoiptv.com/lives/22023.txt...
2025-12-14 16:18:08 - INFO -   ✓ 成功下载源 7
2025-12-14 16:18:08 - INFO - 检测到源1为标准M3U格式
2025-12-14 16:18:08 - INFO - 从源1解析出 102 个频道
2025-12-14 16:18:08 - INFO - 检测到源2为标准M3U格式
2025-12-14 16:18:08 - INFO - 从源2解析出 379 个频道
2025-12-14 16:18:08 - INFO - 检测到源3为标准M3U格式
2025-12-14 16:18:08 - INFO - 从源3解析出 151 个频道
2025-12-14 16:18:08 - INFO - 检测到源4为标准M3U格式
2025-12-14 16:18:08 - INFO - 从源4解析出 199 个频道
2025-12-14 16:18:08 - INFO - 检测到源5为标准M3U格式
2025-12-14 16:18:08 - INFO - 从源5解析出 379 个频道
2025-12-14 16:18:08 - INFO - 检测到源6为标准M3U格式
2025-12-14 16:18:08 - INFO - 从源6解析出 780 个频道
2025-12-14 16:18:08 - INFO - 检测到源7为简化格式，使用简化格式解析器
2025-12-14 16:18:08 - INFO - 开始解析简化格式文件 source_7_20251214.m3u，共 210 行
2025-12-14 16:18:08 - INFO - 从简化格式中解析出 168 个频道
2025-12-14 16:18:08 - INFO - 从源7解析出 168 个频道
2025-12-14 16:18:08 - INFO - 从源2找到 33 个'冰茶体育'频道，将重命名为'连宇体育'
2025-12-14 16:18:08 - INFO - 开始解析源文件: source_4_20251214.m3u，共 400 行
2025-12-14 16:18:08 - INFO - 从文件 source_4_20251214.m3u 解析出 0 个咪咕体育频道
2025-12-14 16:18:08 - INFO - 开始更新目标文件 index.html ...
2025-12-14 16:18:08 - INFO - 更新 'CCTV1-综合' [央视吉林] (来自源1)
2025-12-14 16:18:08 - INFO - 更新 'CCTV2-财经' [央视吉林] (来自源1)
2025-12-14 16:18:08 - INFO - 更新 'CCTV3-综艺' [央视吉林] (来自源1)
2025-12-14 16:18:08 - INFO - 更新 'CCTV4-国际' [央视吉林] (来自源1)
2025-12-14 16:18:08 - INFO - 更新 'CCTV5-体育' [央视吉林] (来自源1)
2025-12-14 16:18:08 - INFO - 更新 'CCTV6-电影' [央视吉林] (来自源1)
2025-12-14 16:18:08 - INFO - 更新 'CCTV7-国防军事' [央视吉林] (来自源1)
2025-12-14 16:18:08 - INFO - 更新 'CCTV8-电视剧' [央视吉林] (来自源1)
2025-12-14 16:18:08 - INFO - 更新 'CCTV9-纪录' [央视吉林] (来自源1)
2025-12-14 16:18:08 - INFO - 更新 'CCTV10-科教' [央视吉林] (来自源1)
2025-12-14 16:18:08 - INFO - 更新 'CCTV11-戏曲' [央视吉林] (来自源1)
2025-12-14 16:18:08 - INFO - 更新 'CCTV12-社会与法' [央视吉林] (来自源1)
2025-12-14 16:18:08 - INFO - 更新 'CCTV13-新闻' [央视吉林] (来自源1)
2025-12-14 16:18:08 - INFO - 更新 'CCTV14-少儿' [央视吉林] (来自源1)
2025-12-14 16:18:08 - INFO - 更新 'CCTV15-音乐' [央视吉林] (来自源1)
2025-12-14 16:18:08 - INFO - 更新 'CCTV-16奥林匹克' [央视吉林] (来自源3)
2025-12-14 16:18:08 - INFO - 更新 'CCTV17-农业农村' [央视吉林] (来自源1)
2025-12-14 16:18:08 - INFO - 更新 'CCTV5+体育赛事' [央视吉林] (来自源1)
2025-12-14 16:18:08 - INFO - 更新 'CCTV-1综合' [央视辽宁] (来自源3)
2025-12-14 16:18:08 - INFO - 更新 'CCTV-2财经' [央视辽宁] (来自源3)
2025-12-14 16:18:08 - INFO - 更新 'CCTV-3综艺' [央视辽宁] (来自源3)
2025-12-14 16:18:08 - INFO - 更新 'CCTV-4国际' [央视辽宁] (来自源3)
2025-12-14 16:18:08 - INFO - 更新 'CCTV-5体育' [央视辽宁] (来自源3)
2025-12-14 16:18:08 - INFO - 更新 'CCTV-6电影' [央视辽宁] (来自源3)
2025-12-14 16:18:08 - INFO - 更新 'CCTV-7国防军事' [央视辽宁] (来自源3)
2025-12-14 16:18:08 - INFO - 更新 'CCTV-8电视剧' [央视辽宁] (来自源3)
2025-12-14 16:18:08 - INFO - 更新 'CCTV-9纪录' [央视辽宁] (来自源3)
2025-12-14 16:18:08 - INFO - 更新 'CCTV-10科教' [央视辽宁] (来自源3)
2025-12-14 16:18:08 - INFO - 更新 'CCTV-11戏曲' [央视辽宁] (来自源3)
2025-12-14 16:18:08 - INFO - 更新 'CCTV-12社会与法' [央视辽宁] (来自源3)
2025-12-14 16:18:08 - INFO - 更新 'CCTV-13新闻' [央视辽宁] (来自源3)
2025-12-14 16:18:08 - INFO - 更新 'CCTV-14少儿' [央视辽宁] (来自源3)
2025-12-14 16:18:08 - INFO - 更新 'CCTV-15音乐' [央视辽宁] (来自源3)
2025-12-14 16:18:08 - INFO - 更新 'CCTV-16奥林匹克' [央视辽宁] (来自源3)
2025-12-14 16:18:08 - INFO - 更新 'CCTV-17农业农村' [央视辽宁] (来自源3)
2025-12-14 16:18:08 - INFO - 更新 'CCTV5+体育赛事' [央视辽宁] (来自源3)
2025-12-14 16:18:08 - INFO - 更新 'CGTN-英语新闻' [央视辽宁] (来自源3)
2025-12-14 16:18:08 - INFO - 更新 'CGTN-纪录(国际版)' [央视辽宁] (来自源3)
2025-12-14 16:18:08 - INFO - 更新 'CGTN-俄语国际' [央视辽宁] (来自源3)
2025-12-14 16:18:08 - INFO - 更新 'CGTN-西班牙语国际' [央视辽宁] (来自源3)
2025-12-14 16:18:08 - INFO - 更新 'CGTN-阿拉伯语国际' [央视辽宁] (来自源3)
2025-12-14 16:18:08 - INFO - 更新 'CGTN-法语国际' [央视辽宁] (来自源3)
2025-12-14 16:18:08 - INFO - 更新 '央视文化精品' [央视付费频道] (来自源1)
2025-12-14 16:18:08 - INFO - 更新 '央视台球' [央视付费频道] (来自源1)
2025-12-14 16:18:08 - INFO - 更新 '风云音乐' [央视付费频道] (来自源1)
2025-12-14 16:18:08 - INFO - 更新 '第一剧场' [央视付费频道] (来自源1)
2025-12-14 16:18:08 - INFO - 更新 '风云剧场' [央视付费频道] (来自源1)
2025-12-14 16:18:08 - INFO - 更新 '怀旧剧场' [央视付费频道] (来自源1)
2025-12-14 16:18:08 - INFO - 更新 '女性时尚' [央视付费频道] (来自源1)
2025-12-14 16:18:08 - INFO - 更新 '高尔夫' [央视付费频道] (来自源1)
2025-12-14 16:18:08 - INFO - 更新 '风云足球' [央视付费频道] (来自源1)
2025-12-14 16:18:08 - INFO - 更新 '世界地理' [央视付费频道] (来自源3)
2025-12-14 16:18:08 - INFO - 更新 '兵器科技' [央视付费频道] (来自源1)
2025-12-14 16:18:08 - INFO - 更新 '卫生健康' [央视付费频道] (来自源1)
2025-12-14 16:18:08 - INFO - 更新 '电视指南' [央视付费频道] (来自源1)
2025-12-14 16:18:08 - INFO - 更新 'CCTV-1 综合' [央视咪咕] (来自源2)
2025-12-14 16:18:08 - INFO - 更新 'CCTV-2 财经' [央视咪咕] (来自源2)
2025-12-14 16:18:08 - INFO - 更新 'CCTV-3 综艺' [央视咪咕] (来自源2)
2025-12-14 16:18:08 - INFO - 更新 'CCTV-4 中文国际' [央视咪咕] (来自源2)
2025-12-14 16:18:08 - INFO - 更新 'CCTV-5 体育' [央视咪咕] (来自源2)
2025-12-14 16:18:08 - INFO - 更新 'CCTV-5+ 体育赛事' [央视咪咕] (来自源2)
2025-12-14 16:18:08 - INFO - 更新 'CCTV-6 电影' [央视咪咕] (来自源2)
2025-12-14 16:18:08 - INFO - 更新 'CCTV-7 国防军事' [央视咪咕] (来自源2)
2025-12-14 16:18:08 - INFO - 更新 'CCTV-8 电视剧' [央视咪咕] (来自源2)
2025-12-14 16:18:08 - INFO - 更新 'CCTV-9 纪录' [央视咪咕] (来自源2)
2025-12-14 16:18:08 - INFO - 更新 'CCTV-10 科教' [央视咪咕] (来自源2)
2025-12-14 16:18:08 - INFO - 更新 'CCTV-11 戏曲' [央视咪咕] (来自源2)
2025-12-14 16:18:08 - INFO - 更新 'CCTV-12 社会与法' [央视咪咕] (来自源2)
2025-12-14 16:18:08 - INFO - 更新 'CCTV-13 新闻' [央视咪咕] (来自源2)
2025-12-14 16:18:08 - INFO - 更新 'CCTV-14 少儿' [央视咪咕] (来自源2)
2025-12-14 16:18:08 - INFO - 更新 'CCTV-15 音乐' [央视咪咕] (来自源2)
2025-12-14 16:18:08 - INFO - 更新 'CCTV-17 农业农村' [央视咪咕] (来自源2)
2025-12-14 16:18:08 - INFO - 更新 'CCTV-4 中文国际 欧洲' [央视咪咕] (来自源2)
2025-12-14 16:18:08 - INFO - 更新 'CCTV-4 中文国际 美洲' [央视咪咕] (来自源2)
2025-12-14 16:18:08 - INFO - 更新 '广东卫视' [卫视频道] (来自源1)
2025-12-14 16:18:08 - INFO - 更新 '浙江卫视' [卫视频道] (来自源1)
2025-12-14 16:18:08 - INFO - 更新 '湖南卫视' [卫视频道] (来自源1)
2025-12-14 16:18:08 - INFO - 更新 '金鹰纪实高清' [卫视频道] (来自源1)
2025-12-14 16:18:08 - INFO - 更新 '快乐垂钓' [卫视频道] (来自源1)
2025-12-14 16:18:08 - INFO - 更新 '北京卫视' [卫视频道] (来自源1)
2025-12-14 16:18:08 - INFO - 更新 '湖北卫视' [卫视频道] (来自源1)
2025-12-14 16:18:08 - INFO - 更新 '黑龙江卫视' [卫视频道] (来自源1)
2025-12-14 16:18:08 - INFO - 更新 '安徽卫视' [卫视频道] (来自源1)
2025-12-14 16:18:08 - INFO - 更新 '重庆卫视' [卫视频道] (来自源1)
2025-12-14 16:18:08 - INFO - 更新 '东方卫视' [卫视频道] (来自源1)
2025-12-14 16:18:08 - INFO - 更新 '东南卫视' [卫视频道] (来自源1)
2025-12-14 16:18:08 - INFO - 更新 '甘肃卫视' [卫视频道] (来自源1)
2025-12-14 16:18:08 - INFO - 更新 '广西卫视' [卫视频道] (来自源1)
2025-12-14 16:18:08 - INFO - 更新 '贵州卫视' [卫视频道] (来自源1)
2025-12-14 16:18:08 - INFO - 更新 '海南卫视' [卫视频道] (来自源1)
2025-12-14 16:18:08 - INFO - 更新 '河北卫视' [卫视频道] (来自源1)
2025-12-14 16:18:08 - INFO - 更新 '河南卫视' [卫视频道] (来自源1)
2025-12-14 16:18:08 - INFO - 更新 '吉林卫视' [卫视频道] (来自源1)
2025-12-14 16:18:08 - INFO - 更新 '江苏卫视' [卫视频道] (来自源1)
2025-12-14 16:18:08 - INFO - 更新 '江西卫视' [卫视频道] (来自源1)
2025-12-14 16:18:08 - INFO - 更新 '辽宁卫视' [卫视频道] (来自源1)
2025-12-14 16:18:08 - INFO - 更新 '内蒙古卫视' [卫视频道] (来自源1)
2025-12-14 16:18:08 - INFO - 更新 '宁夏卫视' [卫视频道] (来自源1)
2025-12-14 16:18:08 - INFO - 更新 '青海卫视' [卫视频道] (来自源1)
2025-12-14 16:18:08 - INFO - 更新 '山东卫视' [卫视频道] (来自源1)
2025-12-14 16:18:08 - INFO - 更新 '山西卫视' [卫视频道] (来自源1)
2025-12-14 16:18:08 - INFO - 更新 '陕西卫视' [卫视频道] (来自源1)
2025-12-14 16:18:08 - INFO - 更新 '四川卫视' [卫视频道] (来自源1)
2025-12-14 16:18:08 - INFO - 更新 '深圳卫视' [卫视频道] (来自源1)
2025-12-14 16:18:08 - INFO - 更新 '三沙卫视' [卫视频道] (来自源1)
2025-12-14 16:18:08 - INFO - 更新 '天津卫视' [卫视频道] (来自源1)
2025-12-14 16:18:08 - INFO - 更新 '西藏卫视' [卫视频道] (来自源1)
2025-12-14 16:18:08 - INFO - 更新 '新疆卫视' [卫视频道] (来自源1)
2025-12-14 16:18:08 - INFO - 更新 '云南卫视' [卫视频道] (来自源1)
2025-12-14 16:18:08 - INFO - 更新 '兵团卫视' [卫视频道] (来自源1)
2025-12-14 16:18:08 - INFO - 更新 '大湾区卫视' [卫视频道] (来自源2)
2025-12-14 16:18:08 - INFO - 更新 'CETV1' [卫视频道] (来自源1)
2025-12-14 16:18:08 - INFO - 更新 'CETV2' [卫视频道] (来自源1)
2025-12-14 16:18:08 - INFO - 更新 'CETV4' [卫视频道] (来自源1)
2025-12-14 16:18:08 - INFO - 更新 '中国交通' [卫视频道] (来自源1)
2025-12-14 16:18:08 - INFO - 更新 '乐游' [卫视频道] (来自源1)
2025-12-14 16:18:08 - INFO - 更新 '法制天地' [卫视频道] (来自源1)
2025-12-14 16:18:08 - INFO - 更新 '金色学堂' [卫视频道] (来自源1)
2025-12-14 16:18:08 - INFO - 更新 '生活时尚' [卫视频道] (来自源1)
2025-12-14 16:18:08 - INFO - 更新 '都市时尚' [卫视频道] (来自源1)
2025-12-14 16:18:08 - INFO - 更新 '茶频道' [卫视频道] (来自源1)
2025-12-14 16:18:08 - INFO - 更新 '吉林卫视' [吉林本地] (来自源1)
2025-12-14 16:18:08 - INFO - 更新 '吉视都市' [吉林本地] (来自源1)
2025-12-14 16:18:08 - INFO - 更新 '吉视乡村' [吉林本地] (来自源1)
2025-12-14 16:18:08 - INFO - 更新 '吉视生活' [吉林本地] (来自源1)
2025-12-14 16:18:08 - INFO - 更新 '吉视综艺' [吉林本地] (来自源1)
2025-12-14 16:18:08 - INFO - 更新 '吉视影视' [吉林本地] (来自源1)
2025-12-14 16:18:08 - INFO - 更新 '吉林教育' [吉林本地] (来自源1)
2025-12-14 16:18:08 - INFO - 更新 '长影频道' [吉林本地] (来自源1)
2025-12-14 16:18:08 - INFO - 更新 '松原公共' [吉林本地] (来自源1)
2025-12-14 16:18:08 - INFO - 更新 '延边卫视' [吉林本地] (来自源1)
2025-12-14 16:18:09 - INFO - 更新 '辽宁卫视' [辽宁本地] (来自源1)
2025-12-14 16:18:09 - INFO - 更新 '辽宁都市' [辽宁本地] (来自源3)
2025-12-14 16:18:09 - INFO - 更新 '辽宁影视剧' [辽宁本地] (来自源3)
2025-12-14 16:18:09 - INFO - 更新 '辽宁体育休闲' [辽宁本地] (来自源3)
2025-12-14 16:18:09 - INFO - 更新 '辽宁生活' [辽宁本地] (来自源3)
2025-12-14 16:18:09 - INFO - 更新 '辽宁教育青少' [辽宁本地] (来自源3)
2025-12-14 16:18:09 - INFO - 更新 '辽宁北方' [辽宁本地] (来自源3)
2025-12-14 16:18:09 - INFO - 更新 '辽宁公共' [辽宁本地] (来自源3)
2025-12-14 16:18:09 - INFO - 更新 '辽宁经济' [辽宁本地] (来自源3)
2025-12-14 16:18:09 - INFO - 更新 '沈阳新闻综合' [辽宁本地] (来自源3)
2025-12-14 16:18:09 - INFO - 更新 '家有购物' [购物频道] (来自源3)
2025-12-14 16:18:09 - INFO - 更新 '央广购物' [购物频道] (来自源3)
2025-12-14 16:18:09 - INFO - 更新 '聚鲨环球精选' [购物频道] (来自源3)
2025-12-14 16:18:09 - INFO - 更新 '凤凰资讯' [凤凰卫视] (来自源2)
2025-12-14 16:18:09 - INFO - 更新 '凤凰中文' [凤凰卫视] (来自源2)
2025-12-14 16:18:09 - INFO - 更新 '凤凰中文' [凤凰卫视] (来自源2)
2025-12-14 16:18:09 - INFO - 更新 '凤凰香港' [凤凰卫视] (来自源2)
2025-12-14 16:18:09 - INFO - 更新 '凤凰香港' [凤凰卫视] (来自源2)
2025-12-14 16:18:09 - INFO - 更新 '翡翠台' [香港频道] (来自源2)
2025-12-14 16:18:09 - INFO - 更新 '翡翠台' [香港频道] (来自源2)
2025-12-14 16:18:09 - INFO - 更新 '明珠台' [香港频道] (来自源2)
2025-12-14 16:18:09 - INFO - 更新 '无线新闻' [香港频道] (来自源2)
2025-12-14 16:18:09 - INFO - 更新 '无线新闻' [香港频道] (来自源2)
2025-12-14 16:18:09 - INFO - 更新 '无线新闻' [香港频道] (来自源2)
2025-12-14 16:18:10 - INFO - 更新 '咪视界4K-1-移动或影视专用' [咪视界ys] (来自源2)
2025-12-14 16:18:10 - INFO - 更新 '咪视界4K-2-移动或影视专用' [咪视界ys] (来自源2)
2025-12-14 16:18:10 - INFO - 更新 '咪视界-1-移动或影视专用' [咪视界ys] (来自源2)
2025-12-14 16:18:10 - INFO - 更新 '咪视界-2-移动或影视专用' [咪视界ys] (来自源2)
2025-12-14 16:18:10 - INFO - 更新 '咪视界-3-移动或影视专用' [咪视界ys] (来自源2)
2025-12-14 16:18:10 - INFO - 更新 '咪视界-4-移动或影视专用' [咪视界ys] (来自源2)
2025-12-14 16:18:10 - INFO - 更新 '咪视界-5-移动或影视专用' [咪视界ys] (来自源2)
2025-12-14 16:18:10 - INFO - 更新 '咪视界-6-移动或影视专用' [咪视界ys] (来自源2)
2025-12-14 16:18:10 - INFO - 更新 '咪视界-7-移动或影视专用' [咪视界ys] (来自源2)
2025-12-14 16:18:10 - INFO - 更新 '咪视界-8-移动或影视专用' [咪视界ys] (来自源2)
2025-12-14 16:18:10 - INFO - 更新 '咪视界-9-移动或影视专用' [咪视界ys] (来自源2)
2025-12-14 16:18:10 - INFO - 更新 '咪视界-10-移动或影视专用' [咪视界ys] (来自源2)
2025-12-14 16:18:10 - INFO - 更新 '咪视界-11-移动或影视专用' [咪视界ys] (来自源2)
2025-12-14 16:18:10 - INFO - 更新 '咪视界-12-移动或影视专用' [咪视界ys] (来自源2)
2025-12-14 16:18:10 - INFO - 更新 '咪视界-13-移动或影视专用' [咪视界ys] (来自源2)
2025-12-14 16:18:10 - INFO - 更新 '咪视界-14-移动或影视专用' [咪视界ys] (来自源2)
2025-12-14 16:18:10 - INFO - 更新 '咪视界-15-移动或影视专用' [咪视界ys] (来自源2)
2025-12-14 16:18:10 - INFO - 更新 '咪视界-16-移动或影视专用' [咪视界ys] (来自源2)
2025-12-14 16:18:10 - INFO - 更新 '咪视界-17-移动或影视专用' [咪视界ys] (来自源2)
2025-12-14 16:18:10 - INFO - 更新 '咪视界-18-移动或影视专用' [咪视界ys] (来自源2)
2025-12-14 16:18:10 - INFO - 更新 '咪视界-19-移动或影视专用' [咪视界ys] (来自源2)
2025-12-14 16:18:10 - INFO - 更新 '咪视界-20-移动或影视专用' [咪视界ys] (来自源2)
2025-12-14 16:18:10 - INFO - 更新 '咪视界-21-移动或影视专用' [咪视界ys] (来自源2)
2025-12-14 16:18:10 - INFO - 更新 '咪视界-22-移动或影视专用' [咪视界ys] (来自源2)
2025-12-14 16:18:10 - INFO - 更新 '咪视界-23-移动或影视专用' [咪视界ys] (来自源2)
2025-12-14 16:18:10 - INFO - 更新 '咪视界-24-移动或影视专用' [咪视界ys] (来自源2)
2025-12-14 16:18:10 - INFO - 更新 '咪视界-25-移动或影视专用' [咪视界ys] (来自源2)
2025-12-14 16:18:10 - INFO - 更新 '咪视界-26-移动或影视专用' [咪视界ys] (来自源2)
2025-12-14 16:18:10 - INFO - 更新 '咪视界-27-移动或影视专用' [咪视界ys] (来自源2)
2025-12-14 16:18:10 - INFO - 更新 '咪视界-28-移动或影视专用' [咪视界ys] (来自源2)
2025-12-14 16:18:10 - INFO - 更新 '咪视界-29-移动或影视专用' [咪视界ys] (来自源2)
2025-12-14 16:18:10 - INFO - 更新 '咪视界-30-移动或影视专用' [咪视界ys] (来自源2)
2025-12-14 16:18:10 - INFO - 更新 '咪视界-31-移动或影视专用' [咪视界ys] (来自源2)
2025-12-14 16:18:10 - INFO - 更新 '咪视界-32-移动或影视专用' [咪视界ys] (来自源2)
2025-12-14 16:18:10 - INFO - 更新 '咪视界-33-移动或影视专用' [咪视界ys] (来自源2)
2025-12-14 16:18:10 - INFO - 更新 '咪视界-34-移动或影视专用' [咪视界ys] (来自源2)
2025-12-14 16:18:10 - INFO - 更新 '咪视界-35-移动或影视专用' [咪视界ys] (来自源2)
2025-12-14 16:18:10 - INFO - 更新 '咪视界-36-移动或影视专用' [咪视界ys] (来自源2)
2025-12-14 16:18:10 - INFO - 更新 '咪视界-37-移动或影视专用' [咪视界ys] (来自源2)
2025-12-14 16:18:10 - INFO - 更新 '咪视界-38-移动或影视专用' [咪视界ys] (来自源2)
2025-12-14 16:18:10 - INFO - 更新 '睛彩竞技-冰茶专用' [咪视界bc] (来自源2)
2025-12-14 16:18:10 - INFO - 更新 '睛彩篮球-冰茶专用' [咪视界bc] (来自源2)
2025-12-14 16:18:10 - INFO - 更新 '睛彩青少-冰茶专用' [咪视界bc] (来自源2)
2025-12-14 16:18:10 - INFO - 更新 '睛彩广场舞-冰茶专用' [咪视界bc] (来自源2)
2025-12-14 16:18:10 - INFO - 更新 '咪视界4K-1-冰茶专用' [咪视界bc] (来自源2)
2025-12-14 16:18:10 - INFO - 更新 '咪视界4K-2-冰茶专用' [咪视界bc] (来自源2)
2025-12-14 16:18:10 - INFO - 更新 '咪视界-1-冰茶专用' [咪视界bc] (来自源2)
2025-12-14 16:18:10 - INFO - 更新 '咪视界-2-冰茶专用' [咪视界bc] (来自源2)
2025-12-14 16:18:10 - INFO - 更新 '咪视界-3-冰茶专用' [咪视界bc] (来自源2)
2025-12-14 16:18:10 - INFO - 更新 '咪视界-4-冰茶专用' [咪视界bc] (来自源2)
2025-12-14 16:18:10 - INFO - 更新 '咪视界-5-冰茶专用' [咪视界bc] (来自源2)
2025-12-14 16:18:10 - INFO - 更新 '咪视界-6-冰茶专用' [咪视界bc] (来自源2)
2025-12-14 16:18:10 - INFO - 更新 '咪视界-7-冰茶专用' [咪视界bc] (来自源2)
2025-12-14 16:18:10 - INFO - 更新 '咪视界-8-冰茶专用' [咪视界bc] (来自源2)
2025-12-14 16:18:10 - INFO - 更新 '咪视界-9-冰茶专用' [咪视界bc] (来自源2)
2025-12-14 16:18:10 - INFO - 更新 '咪视界-10-冰茶专用' [咪视界bc] (来自源2)
2025-12-14 16:18:10 - INFO - 更新 '咪视界-11-冰茶专用' [咪视界bc] (来自源2)
2025-12-14 16:18:10 - INFO - 更新 '咪视界-12-冰茶专用' [咪视界bc] (来自源2)
2025-12-14 16:18:10 - INFO - 更新 '咪视界-13-冰茶专用' [咪视界bc] (来自源2)
2025-12-14 16:18:10 - INFO - 更新 '咪视界-14-冰茶专用' [咪视界bc] (来自源2)
2025-12-14 16:18:10 - INFO - 更新 '咪视界-15-冰茶专用' [咪视界bc] (来自源2)
2025-12-14 16:18:10 - INFO - 更新 '咪视界-16-冰茶专用' [咪视界bc] (来自源2)
2025-12-14 16:18:10 - INFO - 更新 '咪视界-17-冰茶专用' [咪视界bc] (来自源2)
2025-12-14 16:18:10 - INFO - 更新 '咪视界-18-冰茶专用' [咪视界bc] (来自源2)
2025-12-14 16:18:10 - INFO - 更新 '咪视界-19-冰茶专用' [咪视界bc] (来自源2)
2025-12-14 16:18:10 - INFO - 更新 '咪视界-20-冰茶专用' [咪视界bc] (来自源2)
2025-12-14 16:18:10 - INFO - 更新 '咪视界-21-冰茶专用' [咪视界bc] (来自源2)
2025-12-14 16:18:10 - INFO - 更新 '咪视界-22-冰茶专用' [咪视界bc] (来自源2)
2025-12-14 16:18:10 - INFO - 更新 '咪视界-23-冰茶专用' [咪视界bc] (来自源2)
2025-12-14 16:18:10 - INFO - 更新 '咪视界-24-冰茶专用' [咪视界bc] (来自源2)
2025-12-14 16:18:10 - INFO - 更新 '咪视界-25-冰茶专用' [咪视界bc] (来自源2)
2025-12-14 16:18:10 - INFO - 更新 '咪视界-26-冰茶专用' [咪视界bc] (来自源2)
2025-12-14 16:18:10 - INFO - 更新 '咪视界-27-冰茶专用' [咪视界bc] (来自源2)
2025-12-14 16:18:10 - INFO - 更新 '咪视界-28-冰茶专用' [咪视界bc] (来自源2)
2025-12-14 16:18:10 - INFO - 更新 '咪视界-29-冰茶专用' [咪视界bc] (来自源2)
2025-12-14 16:18:10 - INFO - 更新 '咪视界-30-冰茶专用' [咪视界bc] (来自源2)
2025-12-14 16:18:10 - INFO - 更新 '咪视界-31-冰茶专用' [咪视界bc] (来自源2)
2025-12-14 16:18:10 - INFO - 更新 '咪视界-32-冰茶专用' [咪视界bc] (来自源2)
2025-12-14 16:18:10 - INFO - 更新 '咪视界-33-冰茶专用' [咪视界bc] (来自源2)
2025-12-14 16:18:10 - INFO - 更新 '咪视界-34-冰茶专用' [咪视界bc] (来自源2)
2025-12-14 16:18:10 - INFO - 更新 '咪视界-35-冰茶专用' [咪视界bc] (来自源2)
2025-12-14 16:18:10 - INFO - 更新 '咪视界-36-冰茶专用' [咪视界bc] (来自源2)
2025-12-14 16:18:10 - INFO - 更新 '咪视界-37-冰茶专用' [咪视界bc] (来自源2)
2025-12-14 16:18:10 - INFO - 更新 '咪视界-38-冰茶专用' [咪视界bc] (来自源2)
2025-12-14 16:18:10 - INFO - 添加特殊分组: '12月15日02:00_NFL常规赛_NFL常规赛第十五周redzone达阵区' [连宇体育]
2025-12-14 16:18:10 - INFO - 添加特殊分组: '12月15日02:00_NFL常规赛_闪电vs酋长 马修' [连宇体育]
2025-12-14 16:18:10 - INFO - 添加特殊分组: '12月15日02:00_NFL常规赛_闪电vs酋长 英文原音' [连宇体育]
2025-12-14 16:18:10 - INFO - 添加特殊分组: '12月15日02:00_NFL常规赛_比尔vs爱国者 杨木' [连宇体育]
2025-12-14 16:18:10 - INFO - 添加特殊分组: '12月15日02:00_NFL常规赛_比尔vs爱国者 中文解说' [连宇体育]
2025-12-14 16:18:10 - INFO - 添加特殊分组: '12月15日04:00_NBA常规赛_奇才vs步行者 胡鹤明' [连宇体育]
2025-12-14 16:18:10 - INFO - 添加特殊分组: '12月15日04:00_NBA常规赛_奇才vs步行者 英文原音' [连宇体育]
2025-12-14 16:18:10 - INFO - 添加特殊分组: '12月15日04:30_NBA常规赛_黄蜂vs骑士 郑诚' [连宇体育]
2025-12-14 16:18:10 - INFO - 添加特殊分组: '12月15日04:30_NBA常规赛_黄蜂vs骑士 英文原音' [连宇体育]
2025-12-14 16:18:10 - INFO - 添加特殊分组: '12月15日05:25_NFL常规赛_包装工vs野马 邢天宇' [连宇体育]
2025-12-14 16:18:10 - INFO - 添加特殊分组: '12月15日05:25_NFL常规赛_包装工vs野马 英文原音' [连宇体育]
2025-12-14 16:18:10 - INFO - 添加特殊分组: '12月15日05:25_NFL常规赛_雄狮vs公羊 傅皓南' [连宇体育]
2025-12-14 16:18:10 - INFO - 添加特殊分组: '12月15日05:25_NFL常规赛_雄狮vs公羊 英文原音' [连宇体育]
2025-12-14 16:18:10 - INFO - 添加特殊分组: '12月15日07:00_NBA常规赛_76人vs老鹰 寇逸豪' [连宇体育]
2025-12-14 16:18:10 - INFO - 添加特殊分组: '12月15日07:00_NBA常规赛_76人vs老鹰 英文原音' [连宇体育]
2025-12-14 16:18:10 - INFO - 添加特殊分组: '12月15日07:00_NBA常规赛_雄鹿vs篮网 刘乘源' [连宇体育]
2025-12-14 16:18:10 - INFO - 添加特殊分组: '12月15日07:00_NBA常规赛_雄鹿vs篮网 英文原音' [连宇体育]
2025-12-14 16:18:10 - INFO - 添加特殊分组: '12月15日08:00_NBA常规赛_国王vs森林狼 石楷文' [连宇体育]
2025-12-14 16:18:10 - INFO - 添加特殊分组: '12月15日08:00_NBA常规赛_国王vs森林狼 英文原音' [连宇体育]
2025-12-14 16:18:10 - INFO - 添加特殊分组: '12月15日08:00_NBA常规赛_鹈鹕vs公牛 彭磊' [连宇体育]
2025-12-14 16:18:10 - INFO - 添加特殊分组: '12月15日08:00_NBA常规赛_鹈鹕vs公牛 英文原音' [连宇体育]
2025-12-14 16:18:10 - INFO - 添加特殊分组: '12月15日09:00_NBA常规赛_湖人vs太阳 段冉 沈知渝 美娜' [连宇体育]
2025-12-14 16:18:10 - INFO - 添加特殊分组: '12月15日09:00_NBA常规赛_湖人vs太阳 英文原音' [连宇体育]
2025-12-14 16:18:10 - INFO - 添加特殊分组: '12月15日09:20_NFL常规赛_维京人vs牛仔 罗森' [连宇体育]
2025-12-14 16:18:10 - INFO - 添加特殊分组: '12月15日09:20_NFL常规赛_维京人vs牛仔 英文原音' [连宇体育]
2025-12-14 16:18:10 - INFO - 添加特殊分组: '12月15日09:30_篮球直播节目_[早安Tip_Off]第54期 王猛 苏群 辰辰' [连宇体育]
2025-12-14 16:18:10 - INFO - 添加特殊分组: '12月15日10:00_NBA常规赛_勇士vs开拓者 王猛 苏群 辰辰' [连宇体育]
2025-12-14 16:18:10 - INFO - 添加特殊分组: '12月15日10:00_NBA常规赛_勇士vs开拓者 二路_皓篮球' [连宇体育]
2025-12-14 16:18:10 - INFO - 添加特殊分组: '12月15日10:00_NBA常规赛_勇士vs开拓者 英文原音' [连宇体育]
2025-12-14 16:18:10 - INFO - 添加特殊分组: '12月15日14:00_NBA经典赛_NBA常规赛精彩回顾：快船vs火箭' [连宇体育]
2025-12-14 16:18:10 - INFO - 添加特殊分组: '12月15日16:00_NBA经典赛_NBA常规赛精彩回顾：快船vs火箭' [连宇体育]
2025-12-14 16:18:10 - INFO - 添加特殊分组: '12月15日18:00_NBA经典赛_NBA常规赛精彩回顾：勇士vs开拓者' [连宇体育]
2025-12-14 16:18:10 - INFO - 添加特殊分组: '12月15日20:00_NBA经典赛_NBA常规赛精彩回顾：勇士vs开拓者' [连宇体育]
2025-12-14 16:18:10 - INFO - 添加更新时间频道: 最后更新: 2025-12-15 00:18:10 (北京时间)
2025-12-14 16:18:10 - INFO - 文件更新完成，共处理 272 个频道
2025-12-14 16:18:10 - INFO - 已清理临时下载目录: downloaded_sources
2025-12-14 16:18:10 - INFO - ============================================================
2025-12-14 16:18:10 - INFO - 任务执行成功完成
2025-12-14 16:18:10 - INFO - 完成时间 (北京时间): 2025-12-15 00:18:10
2025-12-14 16:18:10 - INFO - 总耗时: 6.00 秒
2025-12-14 16:18:10 - INFO - 总计处理频道源: 2158 个
2025-12-14 16:18:10 - INFO - 日志文件: logs/tv_auto_update_20251214.log
2025-12-14 16:18:10 - INFO - ============================================================
