2025-12-16 04:59:44 - INFO - ============================================================
2025-12-16 04:59:44 - INFO - 开始执行直播源自动更新任务
2025-12-16 04:59:44 - INFO - 启动时间 (北京时间): 2025-12-16 12:59:44
2025-12-16 04:59:44 - INFO - ============================================================
2025-12-16 04:59:44 - INFO - 已加载配置，共有 8 个源地址
2025-12-16 04:59:44 - INFO - 已启用频道名称映射
2025-12-16 04:59:44 - INFO - 已启用港澳台规则: 从源9获取，统一分组为'港澳台频道'，匹配 15 个分组模式
2025-12-16 04:59:44 - INFO - 从目标文件中读取了 388 个待更新频道
2025-12-16 04:59:44 - INFO - 正在下载源 1: https://gyssi.link/iptv/chinaiptv/%E5%90%89%E6%9E%97%E7%9C%81.m3u...
2025-12-16 04:59:45 - INFO -   ✓ 成功下载源 1
2025-12-16 04:59:45 - INFO - 正在下载源 2: https://bc.188766.xyz/...
2025-12-16 04:59:45 - INFO -   ✓ 成功下载源 2
2025-12-16 04:59:45 - INFO - 正在下载源 3: https://gyssi.link/live/%E8%BE%BD%E5%AE%81.m3u...
2025-12-16 04:59:46 - INFO -   ✓ 成功下载源 3
2025-12-16 04:59:46 - INFO - 正在下载源 4: https://raw.githubusercontent.com/10000ge10000/iptv-api/refs/heads/master/output/user_result.m3u...
2025-12-16 04:59:46 - INFO -   ✓ 成功下载源 4
2025-12-16 04:59:46 - INFO - 正在下载源 5: https://bc.188766.xyz/...
2025-12-16 04:59:46 - INFO -   ✓ 成功下载源 5
2025-12-16 04:59:46 - INFO - 正在下载源 6: https://gyssi.link/iptv/chinaiptv/%E8%BE%BD%E5%AE%81%E7%9C%81.m3u...
2025-12-16 04:59:46 - INFO -   ✓ 成功下载源 6
2025-12-16 04:59:46 - INFO - 正在下载源 7: https://raw.githubusercontent.com/xiongjian83/TvBox/refs/heads/main/live.m3u...
2025-12-16 04:59:46 - INFO -   ✓ 成功下载源 7
2025-12-16 04:59:46 - INFO - 正在下载源 8: https://taoiptv.com/lives/22023.txt...
2025-12-16 04:59:47 - INFO -   ✓ 成功下载源 8
2025-12-16 04:59:47 - INFO - 检测到源1为标准M3U格式
2025-12-16 04:59:47 - INFO - 从源1解析出 102 个频道
2025-12-16 04:59:47 - INFO - 检测到源2为标准M3U格式
2025-12-16 04:59:47 - INFO - 从源2解析出 325 个频道
2025-12-16 04:59:47 - INFO - 检测到源3为标准M3U格式
2025-12-16 04:59:47 - INFO - 从源3解析出 151 个频道
2025-12-16 04:59:47 - INFO - 检测到源4为标准M3U格式
2025-12-16 04:59:47 - INFO - 从源4解析出 179 个频道
2025-12-16 04:59:47 - INFO - 检测到源5为标准M3U格式
2025-12-16 04:59:47 - INFO - 从源5解析出 325 个频道
2025-12-16 04:59:47 - INFO - 检测到源6为标准M3U格式
2025-12-16 04:59:47 - INFO - 从源6解析出 66 个频道
2025-12-16 04:59:47 - INFO - 检测到源7为标准M3U格式
2025-12-16 04:59:47 - INFO - 从源7解析出 780 个频道
2025-12-16 04:59:47 - INFO - 检测到源8为简化格式，使用简化格式解析器
2025-12-16 04:59:47 - INFO - 开始解析简化格式文件 source_8_20251216.m3u，共 403 行
2025-12-16 04:59:47 - INFO - 从简化格式中解析出 167 个频道
2025-12-16 04:59:47 - INFO - 从源8解析出 167 个频道
2025-12-16 04:59:47 - INFO - 从源2找到 21 个'冰茶体育'频道，将重命名为'连宇体育'
2025-12-16 04:59:47 - INFO - 开始解析源文件: source_4_20251216.m3u，共 360 行
2025-12-16 04:59:47 - INFO - 从文件 source_4_20251216.m3u 解析出 0 个咪咕体育频道
2025-12-16 04:59:47 - WARNING - 未找到源9的下载文件
2025-12-16 04:59:47 - INFO - 开始更新目标文件 index.html ...
2025-12-16 04:59:51 - INFO - 添加特殊分组: '12月16日02:30_NBA G联赛开季赛_斯托克顿国王vs撕裂之城混音' [连宇体育]
2025-12-16 04:59:51 - INFO - 添加特殊分组: '12月16日02:30_NBA G联赛开季赛_斯托克顿国王vs撕裂之城混音 英文原音' [连宇体育]
2025-12-16 04:59:51 - INFO - 添加特殊分组: '12月16日03:50西甲_巴列卡诺vs贝蒂斯' [连宇体育]
2025-12-16 04:59:51 - INFO - 添加特殊分组: '12月16日08:00_NBA常规赛_活塞vs凯尔特人 丁楠' [连宇体育]
2025-12-16 04:59:51 - INFO - 添加特殊分组: '12月16日08:00_NBA常规赛_活塞vs凯尔特人 英文原音' [连宇体育]
2025-12-16 04:59:51 - INFO - 添加特殊分组: '12月16日08:30_NBA常规赛_猛龙vs热火 李雪儿' [连宇体育]
2025-12-16 04:59:51 - INFO - 添加特殊分组: '12月16日08:30_NBA常规赛_猛龙vs热火 英文原音' [连宇体育]
2025-12-16 04:59:51 - INFO - 添加特殊分组: '12月16日09:15_NFL常规赛_海豚vs钢人 王子星 邢天宇' [连宇体育]
2025-12-16 04:59:51 - INFO - 添加特殊分组: '12月16日09:15_NFL常规赛_海豚vs钢人 英文原音' [连宇体育]
2025-12-16 04:59:51 - INFO - 添加特殊分组: '12月16日10:00_篮球直播节目_[早安Tip_Off]第55期 王猛 管维佳 炼炼' [连宇体育]
2025-12-16 04:59:51 - INFO - 添加特殊分组: '12月16日10:00_NBA常规赛_独行侠vs爵士 孔祥宇' [连宇体育]
2025-12-16 04:59:51 - INFO - 添加特殊分组: '12月16日10:00_NBA常规赛_独行侠vs爵士 英文原音' [连宇体育]
2025-12-16 04:59:51 - INFO - 添加特殊分组: '12月16日10:30_NBA常规赛_火箭vs掘金 王猛 管维佳 炼炼' [连宇体育]
2025-12-16 04:59:51 - INFO - 添加特殊分组: '12月16日10:30_NBA常规赛_火箭vs掘金 二路_狂言Doggy' [连宇体育]
2025-12-16 04:59:51 - INFO - 添加特殊分组: '12月16日10:30_NBA常规赛_火箭vs掘金 英文原音' [连宇体育]
2025-12-16 04:59:51 - INFO - 添加特殊分组: '12月16日11:30_NBA常规赛_灰熊vs快船 彭磊 殳海 辰辰' [连宇体育]
2025-12-16 04:59:51 - INFO - 添加特殊分组: '12月16日11:30_NBA常规赛_灰熊vs快船 英文原音' [连宇体育]
2025-12-16 04:59:51 - INFO - 添加特殊分组: '12月16日14:00_NBA经典赛_NBA常规赛精彩回顾：活塞vs凯尔特人' [连宇体育]
2025-12-16 04:59:51 - INFO - 添加特殊分组: '12月16日16:00_NBA经典赛_NBA常规赛精彩回顾：活塞vs凯尔特人' [连宇体育]
2025-12-16 04:59:51 - INFO - 添加特殊分组: '12月16日18:00_NBA经典赛_NBA常规赛精彩回顾：火箭vs掘金' [连宇体育]
2025-12-16 04:59:51 - INFO - 添加特殊分组: '12月16日20:00_NBA经典赛_NBA常规赛精彩回顾：火箭vs掘金' [连宇体育]
2025-12-16 04:59:51 - INFO - 添加更新时间频道: 最后更新: 2025-12-16 12:59:51 (北京时间)
2025-12-16 04:59:51 - INFO - 文件更新完成，共处理 21 个频道
2025-12-16 04:59:51 - INFO - 已清理临时下载目录: downloaded_sources
2025-12-16 04:59:51 - INFO - ============================================================
2025-12-16 04:59:51 - INFO - 任务执行成功完成
2025-12-16 04:59:51 - INFO - 完成时间 (北京时间): 2025-12-16 12:59:51
2025-12-16 04:59:51 - INFO - 总耗时: 6.41 秒
2025-12-16 04:59:51 - INFO - 总计处理频道源: 2095 个
2025-12-16 04:59:51 - INFO - 日志文件: logs/tv_auto_update_20251216.log
2025-12-16 04:59:51 - INFO - ============================================================
2025-12-16 05:06:09 - INFO - ============================================================
2025-12-16 05:06:09 - INFO - 开始执行直播源自动更新任务
2025-12-16 05:06:09 - INFO - 启动时间 (北京时间): 2025-12-16 13:06:09
2025-12-16 05:06:09 - INFO - ============================================================
2025-12-16 05:06:09 - INFO - 已加载配置，共有 9 个源地址
2025-12-16 05:06:09 - INFO - 已启用频道名称映射
2025-12-16 05:06:09 - INFO - 已启用港澳台规则: 从源9获取，统一分组为'港澳台频道'，匹配 15 个分组模式
2025-12-16 05:06:09 - INFO - 从目标文件中读取了 389 个待更新频道
2025-12-16 05:06:09 - INFO - 正在下载源 1: https://gyssi.link/iptv/chinaiptv/%E5%90%89%E6%9E%97%E7%9C%81.m3u...
2025-12-16 05:06:10 - INFO -   ✓ 成功下载源 1
2025-12-16 05:06:10 - INFO - 正在下载源 2: https://bc.188766.xyz/...
2025-12-16 05:06:11 - INFO -   ✓ 成功下载源 2
2025-12-16 05:06:11 - INFO - 正在下载源 3: https://gyssi.link/live/%E8%BE%BD%E5%AE%81.m3u...
2025-12-16 05:06:11 - INFO -   ✓ 成功下载源 3
2025-12-16 05:06:11 - INFO - 正在下载源 4: https://raw.githubusercontent.com/10000ge10000/iptv-api/refs/heads/master/output/user_result.m3u...
2025-12-16 05:06:12 - INFO -   ✓ 成功下载源 4
2025-12-16 05:06:12 - INFO - 正在下载源 5: https://bc.188766.xyz/...
2025-12-16 05:06:12 - INFO -   ✓ 成功下载源 5
2025-12-16 05:06:12 - INFO - 正在下载源 6: https://gyssi.link/iptv/chinaiptv/%E8%BE%BD%E5%AE%81%E7%9C%81.m3u...
2025-12-16 05:06:12 - INFO -   ✓ 成功下载源 6
2025-12-16 05:06:12 - INFO - 正在下载源 7: https://raw.githubusercontent.com/xiongjian83/TvBox/refs/heads/main/live.m3u...
2025-12-16 05:06:12 - INFO -   ✓ 成功下载源 7
2025-12-16 05:06:12 - INFO - 正在下载源 8: https://taoiptv.com/lives/22023.txt...
2025-12-16 05:06:13 - INFO -   ✓ 成功下载源 8
2025-12-16 05:06:13 - INFO - 正在下载源 9: http://rihou.cc:567/gggg.nzk...
2025-12-16 05:06:17 - INFO -   ✓ 成功下载源 9
2025-12-16 05:06:17 - INFO - 检测到源1为标准M3U格式
2025-12-16 05:06:17 - INFO - 从源1解析出 102 个频道
2025-12-16 05:06:17 - INFO - 检测到源2为标准M3U格式
2025-12-16 05:06:17 - INFO - 从源2解析出 325 个频道
2025-12-16 05:06:17 - INFO - 检测到源3为标准M3U格式
2025-12-16 05:06:17 - INFO - 从源3解析出 151 个频道
2025-12-16 05:06:17 - INFO - 检测到源4为标准M3U格式
2025-12-16 05:06:17 - INFO - 从源4解析出 179 个频道
2025-12-16 05:06:17 - INFO - 检测到源5为标准M3U格式
2025-12-16 05:06:17 - INFO - 从源5解析出 325 个频道
2025-12-16 05:06:17 - INFO - 检测到源6为标准M3U格式
2025-12-16 05:06:17 - INFO - 从源6解析出 66 个频道
2025-12-16 05:06:17 - INFO - 检测到源7为标准M3U格式
2025-12-16 05:06:17 - INFO - 从源7解析出 780 个频道
2025-12-16 05:06:17 - INFO - 检测到源8为简化格式，使用简化格式解析器
2025-12-16 05:06:17 - INFO - 开始解析简化格式文件 source_8_20251216.m3u，共 403 行
2025-12-16 05:06:17 - INFO - 从简化格式中解析出 167 个频道
2025-12-16 05:06:17 - INFO - 从源8解析出 167 个频道
2025-12-16 05:06:17 - INFO - 检测到源9为简化格式，使用简化格式解析器
2025-12-16 05:06:17 - INFO - 开始解析简化格式文件 source_9_20251216.m3u，共 4158 行
2025-12-16 05:06:17 - INFO - 从简化格式中解析出 3142 个频道
2025-12-16 05:06:17 - INFO - 从源9解析出 3142 个频道
2025-12-16 05:06:17 - INFO - 从源2找到 21 个'冰茶体育'频道，将重命名为'连宇体育'
2025-12-16 05:06:17 - INFO - 开始解析源文件: source_4_20251216.m3u，共 360 行
2025-12-16 05:06:17 - INFO - 从文件 source_4_20251216.m3u 解析出 0 个咪咕体育频道
2025-12-16 05:06:17 - INFO - 从源9提取到 0 个港澳台频道，统一分组为'港澳台频道'
2025-12-16 05:06:17 - INFO - 去重后港澳台频道数量: 0
2025-12-16 05:06:17 - INFO - 开始更新目标文件 index.html ...
2025-12-16 05:06:25 - INFO - 添加特殊分组: '12月16日02:30_NBA G联赛开季赛_斯托克顿国王vs撕裂之城混音' [连宇体育]
2025-12-16 05:06:25 - INFO - 添加特殊分组: '12月16日02:30_NBA G联赛开季赛_斯托克顿国王vs撕裂之城混音 英文原音' [连宇体育]
2025-12-16 05:06:25 - INFO - 添加特殊分组: '12月16日03:50西甲_巴列卡诺vs贝蒂斯' [连宇体育]
2025-12-16 05:06:25 - INFO - 添加特殊分组: '12月16日08:00_NBA常规赛_活塞vs凯尔特人 丁楠' [连宇体育]
2025-12-16 05:06:25 - INFO - 添加特殊分组: '12月16日08:00_NBA常规赛_活塞vs凯尔特人 英文原音' [连宇体育]
2025-12-16 05:06:25 - INFO - 添加特殊分组: '12月16日08:30_NBA常规赛_猛龙vs热火 李雪儿' [连宇体育]
2025-12-16 05:06:25 - INFO - 添加特殊分组: '12月16日08:30_NBA常规赛_猛龙vs热火 英文原音' [连宇体育]
2025-12-16 05:06:25 - INFO - 添加特殊分组: '12月16日09:15_NFL常规赛_海豚vs钢人 王子星 邢天宇' [连宇体育]
2025-12-16 05:06:25 - INFO - 添加特殊分组: '12月16日09:15_NFL常规赛_海豚vs钢人 英文原音' [连宇体育]
2025-12-16 05:06:25 - INFO - 添加特殊分组: '12月16日10:00_篮球直播节目_[早安Tip_Off]第55期 王猛 管维佳 炼炼' [连宇体育]
2025-12-16 05:06:25 - INFO - 添加特殊分组: '12月16日10:00_NBA常规赛_独行侠vs爵士 孔祥宇' [连宇体育]
2025-12-16 05:06:25 - INFO - 添加特殊分组: '12月16日10:00_NBA常规赛_独行侠vs爵士 英文原音' [连宇体育]
2025-12-16 05:06:25 - INFO - 添加特殊分组: '12月16日10:30_NBA常规赛_火箭vs掘金 王猛 管维佳 炼炼' [连宇体育]
2025-12-16 05:06:25 - INFO - 添加特殊分组: '12月16日10:30_NBA常规赛_火箭vs掘金 二路_狂言Doggy' [连宇体育]
2025-12-16 05:06:25 - INFO - 添加特殊分组: '12月16日10:30_NBA常规赛_火箭vs掘金 英文原音' [连宇体育]
2025-12-16 05:06:25 - INFO - 添加特殊分组: '12月16日11:30_NBA常规赛_灰熊vs快船 彭磊 殳海 辰辰' [连宇体育]
2025-12-16 05:06:25 - INFO - 添加特殊分组: '12月16日11:30_NBA常规赛_灰熊vs快船 英文原音' [连宇体育]
2025-12-16 05:06:25 - INFO - 添加特殊分组: '12月16日14:00_NBA经典赛_NBA常规赛精彩回顾：活塞vs凯尔特人' [连宇体育]
2025-12-16 05:06:25 - INFO - 添加特殊分组: '12月16日16:00_NBA经典赛_NBA常规赛精彩回顾：活塞vs凯尔特人' [连宇体育]
2025-12-16 05:06:25 - INFO - 添加特殊分组: '12月16日18:00_NBA经典赛_NBA常规赛精彩回顾：火箭vs掘金' [连宇体育]
2025-12-16 05:06:25 - INFO - 添加特殊分组: '12月16日20:00_NBA经典赛_NBA常规赛精彩回顾：火箭vs掘金' [连宇体育]
2025-12-16 05:06:25 - INFO - 添加更新时间频道: 最后更新: 2025-12-16 13:06:25 (北京时间)
2025-12-16 05:06:25 - INFO - 文件更新完成，共处理 21 个频道
2025-12-16 05:06:25 - INFO - 已清理临时下载目录: downloaded_sources
2025-12-16 05:06:25 - INFO - ============================================================
2025-12-16 05:06:25 - INFO - 任务执行成功完成
2025-12-16 05:06:25 - INFO - 完成时间 (北京时间): 2025-12-16 13:06:25
2025-12-16 05:06:25 - INFO - 总耗时: 16.14 秒
2025-12-16 05:06:25 - INFO - 总计处理频道源: 5237 个
2025-12-16 05:06:25 - INFO - 日志文件: logs/tv_auto_update_20251216.log
2025-12-16 05:06:25 - INFO - ============================================================
