2025-12-12 16:19:20 - INFO - ============================================================
2025-12-12 16:19:20 - INFO - 开始执行直播源自动更新任务
2025-12-12 16:19:20 - INFO - 启动时间 (北京时间): 2025-12-13 00:19:20
2025-12-12 16:19:20 - INFO - ============================================================
2025-12-12 16:19:20 - INFO - 已加载配置，共有 7 个源地址
2025-12-12 16:19:20 - INFO - 已启用频道名称映射
2025-12-12 16:19:20 - INFO - 从目标文件中读取了 501 个待更新频道
2025-12-12 16:19:20 - INFO - 正在下载源 1: https://gyssi.link/iptv/chinaiptv/%E5%90%89%E6%9E%97%E7%9C%81.m3u...
2025-12-12 16:19:20 - INFO -   ✓ 成功下载源 1
2025-12-12 16:19:20 - INFO - 正在下载源 2: https://bc.188766.xyz/...
2025-12-12 16:19:21 - INFO -   ✓ 成功下载源 2
2025-12-12 16:19:21 - INFO - 正在下载源 3: https://migu.lifit.uk/migu.php...
2025-12-12 16:19:21 - INFO -   ✓ 成功下载源 3
2025-12-12 16:19:21 - INFO - 正在下载源 4: https://raw.githubusercontent.com/10000ge10000/iptv-api/refs/heads/master/output/user_result.m3u...
2025-12-12 16:19:21 - INFO -   ✓ 成功下载源 4
2025-12-12 16:19:21 - INFO - 正在下载源 5: https://bc.188766.xyz/...
2025-12-12 16:19:22 - INFO -   ✓ 成功下载源 5
2025-12-12 16:19:22 - INFO - 正在下载源 6: https://raw.githubusercontent.com/xiongjian83/TvBox/refs/heads/main/live.m3u...
2025-12-12 16:19:22 - INFO -   ✓ 成功下载源 6
2025-12-12 16:19:22 - INFO - 正在下载源 7: https://taoiptv.com/lives/22023.txt...
2025-12-12 16:19:23 - INFO -   ✓ 成功下载源 7
2025-12-12 16:19:23 - INFO - 检测到源1为标准M3U格式
2025-12-12 16:19:23 - INFO - 从源1解析出 102 个频道
2025-12-12 16:19:23 - INFO - 检测到源2为标准M3U格式
2025-12-12 16:19:23 - INFO - 从源2解析出 381 个频道
2025-12-12 16:19:23 - INFO - 检测到源3为简化格式，使用简化格式解析器
2025-12-12 16:19:23 - INFO - 开始解析简化格式文件 source_3_20251212.m3u，共 316 行
2025-12-12 16:19:23 - INFO - 从简化格式中解析出 306 个频道
2025-12-12 16:19:23 - INFO - 从源3解析出 306 个频道
2025-12-12 16:19:23 - INFO - 检测到源4为标准M3U格式
2025-12-12 16:19:23 - INFO - 从源4解析出 197 个频道
2025-12-12 16:19:23 - INFO - 检测到源5为标准M3U格式
2025-12-12 16:19:23 - INFO - 从源5解析出 381 个频道
2025-12-12 16:19:23 - INFO - 检测到源6为标准M3U格式
2025-12-12 16:19:23 - INFO - 从源6解析出 780 个频道
2025-12-12 16:19:23 - INFO - 检测到源7为简化格式，使用简化格式解析器
2025-12-12 16:19:23 - INFO - 开始解析简化格式文件 source_7_20251212.m3u，共 210 行
2025-12-12 16:19:23 - INFO - 从简化格式中解析出 168 个频道
2025-12-12 16:19:23 - INFO - 从源7解析出 168 个频道
2025-12-12 16:19:23 - INFO - 从源2找到 29 个'冰茶体育'频道，将重命名为'连宇体育'
2025-12-12 16:19:23 - INFO - 开始解析源文件: source_4_20251212.m3u，共 396 行
2025-12-12 16:19:23 - INFO - 从文件 source_4_20251212.m3u 解析出 0 个咪咕体育频道
2025-12-12 16:19:23 - INFO - 开始更新目标文件 index.html ...
2025-12-12 16:19:23 - INFO - 更新 'CCTV5+体育赛事' [央视辽宁] (来自源1)
2025-12-12 16:19:23 - INFO - 更新 '高尔夫' [央视付费频道] (来自源1)
2025-12-12 16:19:23 - INFO - 更新 '卫生健康' [央视付费频道] (来自源1)
2025-12-12 16:19:23 - INFO - 更新 '电视指南' [央视付费频道] (来自源1)
2025-12-12 16:19:23 - INFO - 更新 'CCTV-1 综合' [央视咪咕] (来自源2)
2025-12-12 16:19:23 - INFO - 更新 'CCTV-2 财经' [央视咪咕] (来自源2)
2025-12-12 16:19:23 - INFO - 更新 'CCTV-3 综艺' [央视咪咕] (来自源2)
2025-12-12 16:19:23 - INFO - 更新 'CCTV-4 中文国际' [央视咪咕] (来自源2)
2025-12-12 16:19:23 - INFO - 更新 'CCTV-5 体育' [央视咪咕] (来自源2)
2025-12-12 16:19:23 - INFO - 更新 'CCTV-5+ 体育赛事' [央视咪咕] (来自源2)
2025-12-12 16:19:23 - INFO - 更新 'CCTV-6 电影' [央视咪咕] (来自源2)
2025-12-12 16:19:23 - INFO - 更新 'CCTV-7 国防军事' [央视咪咕] (来自源2)
2025-12-12 16:19:23 - INFO - 更新 'CCTV-8 电视剧' [央视咪咕] (来自源2)
2025-12-12 16:19:23 - INFO - 更新 'CCTV-9 纪录' [央视咪咕] (来自源2)
2025-12-12 16:19:23 - INFO - 更新 'CCTV-10 科教' [央视咪咕] (来自源2)
2025-12-12 16:19:23 - INFO - 更新 'CCTV-11 戏曲' [央视咪咕] (来自源2)
2025-12-12 16:19:23 - INFO - 更新 'CCTV-12 社会与法' [央视咪咕] (来自源2)
2025-12-12 16:19:23 - INFO - 更新 'CCTV-13 新闻' [央视咪咕] (来自源2)
2025-12-12 16:19:23 - INFO - 更新 'CCTV-14 少儿' [央视咪咕] (来自源2)
2025-12-12 16:19:23 - INFO - 更新 'CCTV-15 音乐' [央视咪咕] (来自源2)
2025-12-12 16:19:23 - INFO - 更新 'CCTV-17 农业农村' [央视咪咕] (来自源2)
2025-12-12 16:19:23 - INFO - 更新 'CCTV-4 中文国际 欧洲' [央视咪咕] (来自源2)
2025-12-12 16:19:23 - INFO - 更新 'CCTV-4 中文国际 美洲' [央视咪咕] (来自源2)
2025-12-12 16:19:23 - INFO - 更新 '金鹰纪实高清' [卫视频道] (来自源1)
2025-12-12 16:19:23 - INFO - 更新 '快乐垂钓' [卫视频道] (来自源1)
2025-12-12 16:19:23 - INFO - 更新 '大湾区卫视' [卫视频道] (来自源2)
2025-12-12 16:19:23 - INFO - 更新 'CETV1' [卫视频道] (来自源1)
2025-12-12 16:19:23 - INFO - 更新 'CETV2' [卫视频道] (来自源1)
2025-12-12 16:19:23 - INFO - 更新 'CETV4' [卫视频道] (来自源1)
2025-12-12 16:19:23 - INFO - 更新 '中国交通' [卫视频道] (来自源1)
2025-12-12 16:19:23 - INFO - 更新 '乐游' [卫视频道] (来自源1)
2025-12-12 16:19:23 - INFO - 更新 '法制天地' [卫视频道] (来自源1)
2025-12-12 16:19:23 - INFO - 更新 '金色学堂' [卫视频道] (来自源1)
2025-12-12 16:19:23 - INFO - 更新 '生活时尚' [卫视频道] (来自源1)
2025-12-12 16:19:23 - INFO - 更新 '都市时尚' [卫视频道] (来自源1)
2025-12-12 16:19:23 - INFO - 更新 '茶频道' [卫视频道] (来自源1)
2025-12-12 16:19:23 - INFO - 更新 '延边卫视' [吉林本地] (来自源1)
2025-12-12 16:19:23 - INFO - 更新 '松原公共' [吉林本地] (来自源1)
2025-12-12 16:19:23 - INFO - 更新 '延边卫视' [吉林本地] (来自源1)
2025-12-12 16:19:23 - INFO - 更新 '吉林新闻' [吉林本地] (来自源7)
2025-12-12 16:19:24 - INFO - 更新 '吉林公共' [吉林本地] (来自源7)
2025-12-12 16:19:24 - INFO - 更新 'CRT经济' [吉林本地] (来自源7)
2025-12-12 16:19:24 - INFO - 更新 'CRT汽车' [吉林本地] (来自源7)
2025-12-12 16:19:24 - INFO - 更新 'CRT市民' [吉林本地] (来自源7)
2025-12-12 16:19:24 - INFO - 更新 'CRT娱乐' [吉林本地] (来自源7)
2025-12-12 16:19:24 - INFO - 更新 'CRT综合' [吉林本地] (来自源7)
2025-12-12 16:19:24 - INFO - 更新 '白城公共' [吉林本地] (来自源7)
2025-12-12 16:19:24 - INFO - 更新 '白城新闻' [吉林本地] (来自源7)
2025-12-12 16:19:24 - INFO - 更新 '集安综合' [吉林本地] (来自源7)
2025-12-12 16:19:24 - INFO - 更新 '讲述卫视' [吉林本地] (来自源7)
2025-12-12 16:19:24 - INFO - 更新 '农安新闻' [吉林本地] (来自源7)
2025-12-12 16:19:24 - INFO - 更新 '辽源新闻' [吉林本地] (来自源7)
2025-12-12 16:19:24 - INFO - 更新 '辽源公共' [吉林本地] (来自源7)
2025-12-12 16:19:24 - INFO - 更新 '吉林延边1' [吉林本地] (来自源7)
2025-12-12 16:19:24 - INFO - 更新 '吉林延边2' [吉林本地] (来自源7)
2025-12-12 16:19:24 - INFO - 更新 '吉林洮南' [吉林本地] (来自源7)
2025-12-12 16:19:24 - INFO - 更新 '吉林抚松' [吉林本地] (来自源7)
2025-12-12 16:19:24 - INFO - 更新 '吉林临江' [吉林本地] (来自源7)
2025-12-12 16:19:24 - INFO - 更新 '吉林松原' [吉林本地] (来自源7)
2025-12-12 16:19:24 - INFO - 更新 '吉林长影' [吉林本地] (来自源7)
2025-12-12 16:19:24 - INFO - 更新 '吉林通榆' [吉林本地] (来自源7)
2025-12-12 16:19:24 - INFO - 更新 '吉林扶余' [吉林本地] (来自源7)
2025-12-12 16:19:24 - INFO - 更新 '吉林蛟河' [吉林本地] (来自源7)
2025-12-12 16:19:24 - INFO - 更新 '吉林磐石' [吉林本地] (来自源7)
2025-12-12 16:19:24 - INFO - 更新 '吉林汪清' [吉林本地] (来自源7)
2025-12-12 16:19:24 - INFO - 更新 '吉林图们' [吉林本地] (来自源7)
2025-12-12 16:19:24 - INFO - 更新 '吉林延吉' [吉林本地] (来自源7)
2025-12-12 16:19:24 - INFO - 更新 '吉林双辽' [吉林本地] (来自源7)
2025-12-12 16:19:24 - INFO - 更新 '吉林伊通' [吉林本地] (来自源7)
2025-12-12 16:19:24 - INFO - 更新 '吉林梅河口' [吉林本地] (来自源7)
2025-12-12 16:19:24 - INFO - 更新 '公主岭综合' [吉林本地] (来自源7)
2025-12-12 16:19:24 - INFO - 更新 '梨树新闻' [吉林本地] (来自源7)
2025-12-12 16:19:24 - INFO - 更新 '柳河综合' [吉林本地] (来自源7)
2025-12-12 16:19:24 - INFO - 更新 '镇赉综合' [吉林本地] (来自源7)
2025-12-12 16:19:24 - INFO - 更新 '大安新闻' [吉林本地] (来自源7)
2025-12-12 16:19:24 - INFO - 更新 '东丰综合' [吉林本地] (来自源7)
2025-12-12 16:19:24 - INFO - 更新 '乾安综合' [吉林本地] (来自源7)
2025-12-12 16:19:24 - INFO - 更新 '舒兰新闻' [吉林本地] (来自源7)
2025-12-12 16:19:24 - INFO - 更新 '前郭TV1' [吉林本地] (来自源7)
2025-12-12 16:19:24 - INFO - 更新 '四平1' [吉林本地] (来自源7)
2025-12-12 16:19:24 - INFO - 更新 '四平2' [吉林本地] (来自源7)
2025-12-12 16:19:24 - INFO - 更新 '通化1' [吉林本地] (来自源7)
2025-12-12 16:19:24 - INFO - 更新 '通化3' [吉林本地] (来自源7)
2025-12-12 16:19:24 - INFO - 更新 '白山公共1' [吉林本地] (来自源7)
2025-12-12 16:19:24 - INFO - 更新 '白山公共2' [吉林本地] (来自源7)
2025-12-12 16:19:24 - INFO - 更新 '凤凰资讯' [凤凰卫视] (来自源2)
2025-12-12 16:19:24 - INFO - 更新 '凤凰中文' [凤凰卫视] (来自源2)
2025-12-12 16:19:24 - INFO - 更新 '凤凰中文' [凤凰卫视] (来自源2)
2025-12-12 16:19:25 - INFO - 更新 '凤凰香港' [凤凰卫视] (来自源2)
2025-12-12 16:19:25 - INFO - 更新 '凤凰香港' [凤凰卫视] (来自源2)
2025-12-12 16:19:25 - INFO - 更新 '翡翠台' [香港频道] (来自源2)
2025-12-12 16:19:25 - INFO - 更新 '翡翠台' [香港频道] (来自源2)
2025-12-12 16:19:25 - INFO - 更新 '明珠台' [香港频道] (来自源2)
2025-12-12 16:19:25 - INFO - 更新 '无线新闻' [香港频道] (来自源2)
2025-12-12 16:19:25 - INFO - 更新 '无线新闻' [香港频道] (来自源2)
2025-12-12 16:19:25 - INFO - 更新 '无线新闻' [香港频道] (来自源2)
2025-12-12 16:19:25 - INFO - 添加特殊分组: '12月13日08:00_NBA常规赛_公牛vs黄蜂 王子星' [连宇体育]
2025-12-12 16:19:25 - INFO - 添加特殊分组: '12月13日08:00_NBA常规赛_公牛vs黄蜂 英文原音' [连宇体育]
2025-12-12 16:19:25 - INFO - 添加特殊分组: '12月13日08:00_NBA常规赛_老鹰vs活塞 刘乘源' [连宇体育]
2025-12-12 16:19:25 - INFO - 添加特殊分组: '12月13日08:00_NBA常规赛_老鹰vs活塞 英文原音' [连宇体育]
2025-12-12 16:19:25 - INFO - 添加特殊分组: '12月13日08:00_NBA常规赛_步行者vs76人 寇逸豪' [连宇体育]
2025-12-12 16:19:25 - INFO - 添加特殊分组: '12月13日08:00_NBA常规赛_步行者vs76人 英文原音' [连宇体育]
2025-12-12 16:19:25 - INFO - 添加特殊分组: '12月13日08:00_NBA常规赛_骑士vs奇才 石楷文' [连宇体育]
2025-12-12 16:19:25 - INFO - 添加特殊分组: '12月13日08:00_NBA常规赛_骑士vs奇才 英文原音' [连宇体育]
2025-12-12 16:19:25 - INFO - 添加特殊分组: '12月13日09:00_NBA常规赛_爵士vs灰熊 王嘉琦' [连宇体育]
2025-12-12 16:19:25 - INFO - 添加特殊分组: '12月13日09:00_NBA常规赛_爵士vs灰熊 英文原音' [连宇体育]
2025-12-12 16:19:25 - INFO - 添加特殊分组: '12月13日09:30_NBA常规赛_篮网vs独行侠 李雪儿' [连宇体育]
2025-12-12 16:19:25 - INFO - 添加特殊分组: '12月13日09:30_NBA常规赛_篮网vs独行侠 英文原音' [连宇体育]
2025-12-12 16:19:25 - INFO - 添加特殊分组: '12月13日10:30_篮球直播节目_[早安Tip_Off]第52期 柯凡 王仕鹏 果果' [连宇体育]
2025-12-12 16:19:25 - INFO - 添加特殊分组: '12月13日11:00_2025“全兴杯”传承足球明星联赛_冠军组第五轮 广西传承明星 vs 深圳传承明星' [连宇体育]
2025-12-12 16:19:25 - INFO - 添加特殊分组: '12月13日11:00_2025“全兴杯”传承足球明星联赛_超级组第五轮 上海老克勒 vs 辽宁队' [连宇体育]
2025-12-12 16:19:25 - INFO - 添加特殊分组: '12月13日11:00_NBA常规赛_森林狼vs勇士 柯凡 王仕鹏 果果' [连宇体育]
2025-12-12 16:19:25 - INFO - 添加特殊分组: '12月13日11:00_NBA常规赛_森林狼vs勇士 二路_徐静雨' [连宇体育]
2025-12-12 16:19:25 - INFO - 添加特殊分组: '12月13日11:00_NBA常规赛_森林狼vs勇士 英文原音' [连宇体育]
2025-12-12 16:19:25 - INFO - 添加特殊分组: '12月13日14:00_2025“全兴杯”传承足球明星联赛_冠军组第五轮 山东泰山郓城恒基 vs 昆明凤凰橡胶' [连宇体育]
2025-12-12 16:19:25 - INFO - 添加特殊分组: '12月13日14:00_2025“全兴杯”传承足球明星联赛_超级组第五轮 湖北老甲A vs 北京老男孩' [连宇体育]
2025-12-12 16:19:25 - INFO - 添加特殊分组: '12月13日14:00_NBA经典赛_NBA常规赛精彩回顾：老鹰vs活塞' [连宇体育]
2025-12-12 16:19:25 - INFO - 添加特殊分组: '12月13日15:00_Jr. NBA_2025_26 Jr. NBA校园篮球联赛江苏站 主客场决赛' [连宇体育]
2025-12-12 16:19:25 - INFO - 添加特殊分组: '12月13日16:00_2025“全兴杯”传承足球明星联赛_冠军组第五轮 天津老甲A vs 佳鑫伟业' [连宇体育]
2025-12-12 16:19:25 - INFO - 添加特殊分组: '12月13日16:00_2025“全兴杯”传承足球明星联赛_超级组第五轮 四川全兴 vs 广州传承明星' [连宇体育]
2025-12-12 16:19:25 - INFO - 添加特殊分组: '12月13日16:00_NBA经典赛_NBA常规赛精彩回顾：骑士vs奇才' [连宇体育]
2025-12-12 16:19:25 - INFO - 添加特殊分组: '12月13日17:00_CHBL北京赛区决赛G1（男）清华附中vs首师附中_首师附中vs清华附中' [连宇体育]
2025-12-12 16:19:25 - INFO - 添加特殊分组: '12月13日17:00_东亚超级联赛_东亚超级联赛 富邦勇士vs香港东方' [连宇体育]
2025-12-12 16:19:25 - INFO - 添加特殊分组: '12月13日18:00_NBA经典赛_NBA常规赛精彩回顾：篮网vs独行侠' [连宇体育]
2025-12-12 16:19:25 - INFO - 添加特殊分组: '12月13日20:00_NBA经典赛_NBA常规赛精彩回顾：森林狼vs勇士' [连宇体育]
2025-12-12 16:19:25 - INFO - 添加更新时间频道: 最后更新: 2025-12-13 00:19:25 (北京时间)
2025-12-12 16:19:25 - INFO - 文件更新完成，共处理 125 个频道
2025-12-12 16:19:25 - INFO - 已清理临时下载目录: downloaded_sources
2025-12-12 16:19:25 - INFO - ============================================================
2025-12-12 16:19:25 - INFO - 任务执行成功完成
2025-12-12 16:19:25 - INFO - 完成时间 (北京时间): 2025-12-13 00:19:25
2025-12-12 16:19:25 - INFO - 总耗时: 5.71 秒
2025-12-12 16:19:25 - INFO - 总计处理频道源: 2315 个
2025-12-12 16:19:25 - INFO - 日志文件: logs/tv_auto_update_20251212.log
2025-12-12 16:19:25 - INFO - ============================================================
2025-12-12 16:46:54 - INFO - ============================================================
2025-12-12 16:46:54 - INFO - 开始执行直播源自动更新任务
2025-12-12 16:46:54 - INFO - 启动时间 (北京时间): 2025-12-13 00:46:54
2025-12-12 16:46:54 - INFO - ============================================================
2025-12-12 16:46:54 - INFO - 已加载配置，共有 8 个源地址
2025-12-12 16:46:54 - INFO - 已启用频道名称映射
2025-12-12 16:46:54 - INFO - 从目标文件中读取了 386 个待更新频道
2025-12-12 16:46:54 - INFO - 正在下载源 1: https://gyssi.link/iptv/chinaiptv/%E5%90%89%E6%9E%97%E7%9C%81.m3u...
2025-12-12 16:46:54 - INFO -   ✓ 成功下载源 1
2025-12-12 16:46:54 - INFO - 正在下载源 2: https://bc.188766.xyz/...
2025-12-12 16:46:54 - INFO -   ✓ 成功下载源 2
2025-12-12 16:46:54 - INFO - 正在下载源 3: https://gyssi.link/live/%E8%BE%BD%E5%AE%81.m3u...
2025-12-12 16:46:55 - INFO -   ✓ 成功下载源 3
2025-12-12 16:46:55 - INFO - 正在下载源 4: https://migu.lifit.uk/migu.php...
2025-12-12 16:46:56 - INFO -   ✓ 成功下载源 4
2025-12-12 16:46:56 - INFO - 正在下载源 5: https://raw.githubusercontent.com/10000ge10000/iptv-api/refs/heads/master/output/user_result.m3u...
2025-12-12 16:46:56 - INFO -   ✓ 成功下载源 5
2025-12-12 16:46:56 - INFO - 正在下载源 6: https://bc.188766.xyz/...
2025-12-12 16:46:56 - INFO -   ✓ 成功下载源 6
2025-12-12 16:46:56 - INFO - 正在下载源 7: https://raw.githubusercontent.com/xiongjian83/TvBox/refs/heads/main/live.m3u...
2025-12-12 16:46:56 - INFO -   ✓ 成功下载源 7
2025-12-12 16:46:56 - INFO - 正在下载源 8: https://taoiptv.com/lives/22023.txt...
2025-12-12 16:46:57 - INFO -   ✓ 成功下载源 8
2025-12-12 16:46:57 - INFO - 检测到源1为标准M3U格式
2025-12-12 16:46:57 - INFO - 从源1解析出 102 个频道
2025-12-12 16:46:57 - INFO - 检测到源2为标准M3U格式
2025-12-12 16:46:57 - INFO - 从源2解析出 381 个频道
2025-12-12 16:46:57 - INFO - 检测到源3为标准M3U格式
2025-12-12 16:46:57 - INFO - 从源3解析出 151 个频道
2025-12-12 16:46:57 - INFO - 检测到源4为简化格式，使用简化格式解析器
2025-12-12 16:46:57 - INFO - 开始解析简化格式文件 source_4_20251212.m3u，共 316 行
2025-12-12 16:46:57 - INFO - 从简化格式中解析出 306 个频道
2025-12-12 16:46:57 - INFO - 从源4解析出 306 个频道
2025-12-12 16:46:57 - INFO - 检测到源5为标准M3U格式
2025-12-12 16:46:57 - INFO - 从源5解析出 197 个频道
2025-12-12 16:46:57 - INFO - 检测到源6为标准M3U格式
2025-12-12 16:46:57 - INFO - 从源6解析出 381 个频道
2025-12-12 16:46:57 - INFO - 检测到源7为标准M3U格式
2025-12-12 16:46:57 - INFO - 从源7解析出 780 个频道
2025-12-12 16:46:57 - INFO - 检测到源8为简化格式，使用简化格式解析器
2025-12-12 16:46:57 - INFO - 开始解析简化格式文件 source_8_20251212.m3u，共 210 行
2025-12-12 16:46:57 - INFO - 从简化格式中解析出 168 个频道
2025-12-12 16:46:57 - INFO - 从源8解析出 168 个频道
2025-12-12 16:46:57 - INFO - 从源2找到 29 个'冰茶体育'频道，将重命名为'连宇体育'
2025-12-12 16:46:57 - INFO - 开始解析源文件: source_4_20251212.m3u，共 317 行
2025-12-12 16:46:57 - INFO - 发现咪咕体育分组: 咪咕体育-20251212,#genre# -> 日期: 2025-12-12, 分类: yesterday, 分组: 咪咕体育回看
2025-12-12 16:46:57 - INFO - 发现咪咕体育分组: 咪咕体育-20251213,#genre# -> 日期: 2025-12-13, 分类: today, 分组: 今日咪咕
2025-12-12 16:46:57 - INFO - 发现咪咕体育分组: 咪咕体育-20251214,#genre# -> 日期: 2025-12-14, 分类: tomorrow, 分组: 咪咕体育预告
2025-12-12 16:46:57 - INFO - 从文件 source_4_20251212.m3u 解析出 198 个咪咕体育频道
2025-12-12 16:46:57 - INFO -   - 咪咕体育回看: 47 个频道
2025-12-12 16:46:57 - INFO -   - 今日咪咕: 90 个频道
2025-12-12 16:46:57 - INFO -   - 咪咕体育预告: 61 个频道
2025-12-12 16:46:57 - INFO - 开始更新目标文件 index.html ...
2025-12-12 16:46:57 - INFO - 更新 'CCTV5+体育赛事' [央视辽宁] (来自源3)
2025-12-12 16:46:57 - INFO - 更新 '世界地理' [央视付费频道] (来自源3)
2025-12-12 16:47:00 - INFO - 添加特殊分组: '12月13日08:00_NBA常规赛_公牛vs黄蜂 王子星' [连宇体育]
2025-12-12 16:47:00 - INFO - 添加特殊分组: '12月13日08:00_NBA常规赛_公牛vs黄蜂 英文原音' [连宇体育]
2025-12-12 16:47:00 - INFO - 添加特殊分组: '12月13日08:00_NBA常规赛_老鹰vs活塞 刘乘源' [连宇体育]
2025-12-12 16:47:00 - INFO - 添加特殊分组: '12月13日08:00_NBA常规赛_老鹰vs活塞 英文原音' [连宇体育]
2025-12-12 16:47:00 - INFO - 添加特殊分组: '12月13日08:00_NBA常规赛_步行者vs76人 寇逸豪' [连宇体育]
2025-12-12 16:47:00 - INFO - 添加特殊分组: '12月13日08:00_NBA常规赛_步行者vs76人 英文原音' [连宇体育]
2025-12-12 16:47:00 - INFO - 添加特殊分组: '12月13日08:00_NBA常规赛_骑士vs奇才 石楷文' [连宇体育]
2025-12-12 16:47:00 - INFO - 添加特殊分组: '12月13日08:00_NBA常规赛_骑士vs奇才 英文原音' [连宇体育]
2025-12-12 16:47:00 - INFO - 添加特殊分组: '12月13日09:00_NBA常规赛_爵士vs灰熊 王嘉琦' [连宇体育]
2025-12-12 16:47:00 - INFO - 添加特殊分组: '12月13日09:00_NBA常规赛_爵士vs灰熊 英文原音' [连宇体育]
2025-12-12 16:47:00 - INFO - 添加特殊分组: '12月13日09:30_NBA常规赛_篮网vs独行侠 李雪儿' [连宇体育]
2025-12-12 16:47:00 - INFO - 添加特殊分组: '12月13日09:30_NBA常规赛_篮网vs独行侠 英文原音' [连宇体育]
2025-12-12 16:47:00 - INFO - 添加特殊分组: '12月13日10:30_篮球直播节目_[早安Tip_Off]第52期 柯凡 王仕鹏 果果' [连宇体育]
2025-12-12 16:47:00 - INFO - 添加特殊分组: '12月13日11:00_2025“全兴杯”传承足球明星联赛_冠军组第五轮 广西传承明星 vs 深圳传承明星' [连宇体育]
2025-12-12 16:47:00 - INFO - 添加特殊分组: '12月13日11:00_2025“全兴杯”传承足球明星联赛_超级组第五轮 上海老克勒 vs 辽宁队' [连宇体育]
2025-12-12 16:47:00 - INFO - 添加特殊分组: '12月13日11:00_NBA常规赛_森林狼vs勇士 柯凡 王仕鹏 果果' [连宇体育]
2025-12-12 16:47:00 - INFO - 添加特殊分组: '12月13日11:00_NBA常规赛_森林狼vs勇士 二路_徐静雨' [连宇体育]
2025-12-12 16:47:00 - INFO - 添加特殊分组: '12月13日11:00_NBA常规赛_森林狼vs勇士 英文原音' [连宇体育]
2025-12-12 16:47:00 - INFO - 添加特殊分组: '12月13日14:00_2025“全兴杯”传承足球明星联赛_冠军组第五轮 山东泰山郓城恒基 vs 昆明凤凰橡胶' [连宇体育]
2025-12-12 16:47:00 - INFO - 添加特殊分组: '12月13日14:00_2025“全兴杯”传承足球明星联赛_超级组第五轮 湖北老甲A vs 北京老男孩' [连宇体育]
2025-12-12 16:47:00 - INFO - 添加特殊分组: '12月13日14:00_NBA经典赛_NBA常规赛精彩回顾：老鹰vs活塞' [连宇体育]
2025-12-12 16:47:00 - INFO - 添加特殊分组: '12月13日15:00_Jr. NBA_2025_26 Jr. NBA校园篮球联赛江苏站 主客场决赛' [连宇体育]
2025-12-12 16:47:00 - INFO - 添加特殊分组: '12月13日16:00_2025“全兴杯”传承足球明星联赛_冠军组第五轮 天津老甲A vs 佳鑫伟业' [连宇体育]
2025-12-12 16:47:00 - INFO - 添加特殊分组: '12月13日16:00_2025“全兴杯”传承足球明星联赛_超级组第五轮 四川全兴 vs 广州传承明星' [连宇体育]
2025-12-12 16:47:00 - INFO - 添加特殊分组: '12月13日16:00_NBA经典赛_NBA常规赛精彩回顾：骑士vs奇才' [连宇体育]
2025-12-12 16:47:00 - INFO - 添加特殊分组: '12月13日17:00_CHBL北京赛区决赛G1（男）清华附中vs首师附中_首师附中vs清华附中' [连宇体育]
2025-12-12 16:47:00 - INFO - 添加特殊分组: '12月13日17:00_东亚超级联赛_东亚超级联赛 富邦勇士vs香港东方' [连宇体育]
2025-12-12 16:47:00 - INFO - 添加特殊分组: '12月13日18:00_NBA经典赛_NBA常规赛精彩回顾：篮网vs独行侠' [连宇体育]
2025-12-12 16:47:00 - INFO - 添加特殊分组: '12月13日20:00_NBA经典赛_NBA常规赛精彩回顾：森林狼vs勇士' [连宇体育]
2025-12-12 16:47:00 - INFO - 添加咪咕分组: '[英女超] 12月12日 03:00 阿斯顿维拉女足vs利物浦女足 胡小凡' [咪咕体育回看]
2025-12-12 16:47:00 - INFO - 添加咪咕分组: '[英女超] 12月12日 03:00 阿斯顿维拉女足vs利物浦女足 赛场原声' [咪咕体育回看]
2025-12-12 16:47:00 - INFO - 添加咪咕分组: '[中国足球青少年精英联赛] 12月12日 14:30 大连涵瑀vs大连英博U21 解说' [咪咕体育回看]
2025-12-12 16:47:00 - INFO - 添加咪咕分组: '[斯诺克] 12月12日03:00 刘宏宇、高阳晋级 斯佳辉、刘文炜无缘64强 现场原声' [咪咕体育回看]
2025-12-12 16:47:00 - INFO - 添加咪咕分组: '[NBA] 12月12日09:00 凯尔特人VS雄鹿 英文原声' [咪咕体育回看]
2025-12-12 16:47:00 - INFO - 添加咪咕分组: '[NBA] 12月12日09:00 凯尔特人VS雄鹿 董倡硕' [咪咕体育回看]
2025-12-12 16:47:00 - INFO - 添加咪咕分组: '[NBA] 12月12日09:00 开拓者VS鹈鹕 姜帆 王润陶 裴优' [咪咕体育回看]
2025-12-12 16:47:00 - INFO - 添加咪咕分组: '[NBA] 12月12日09:00 开拓者VS鹈鹕 英文原声' [咪咕体育回看]
2025-12-12 16:47:00 - INFO - 添加咪咕分组: '[NBA] 12月12日09:00 开拓者VS鹈鹕 邢晨' [咪咕体育回看]
2025-12-12 16:47:00 - INFO - 添加咪咕分组: '[NBA] 12月12日09:00 快船VS火箭 李天宇 周鹏 陈正昊' [咪咕体育回看]
2025-12-12 16:47:00 - INFO - 添加咪咕分组: '[NBA] 12月12日09:00 快船VS火箭 英文原声' [咪咕体育回看]
2025-12-12 16:47:00 - INFO - 添加咪咕分组: '[NBA] 12月12日11:00 掘金VS国王 25/26赛季NBA常规赛全场集锦：掘金136:105国王（20251212）' [咪咕体育回看]
2025-12-12 16:47:00 - INFO - 添加咪咕分组: '[NBA] 12月12日11:00 掘金VS国王 太轻松了！穆雷上篮偏出 约老师摘板补篮2+1' [咪咕体育回看]
2025-12-12 16:47:00 - INFO - 添加咪咕分组: '[NBA] 12月12日11:00 掘金VS国王 英文原声' [咪咕体育回看]
2025-12-12 16:47:00 - INFO - 添加咪咕分组: '[NBA] 12月12日11:00 掘金VS国王 连睿 闫宇峰 秋童' [咪咕体育回看]
2025-12-12 16:47:00 - INFO - 添加咪咕分组: '[WTT] 12月12日11:00 楚钦、曼昱晋级单打四强 动漫组合出线 智能字幕' [咪咕体育回看]
2025-12-12 16:47:00 - INFO - 添加咪咕分组: '[WTT] 12月12日11:00 楚钦、曼昱晋级单打四强 动漫组合出线 现场视角' [咪咕体育回看]
2025-12-12 16:47:00 - INFO - 添加咪咕分组: '[WTT] 12月12日11:00 楚钦、曼昱晋级单打四强 动漫组合出线 肖扬' [咪咕体育回看]
2025-12-12 16:47:00 - INFO - 添加咪咕分组: '[WTT] 12月12日11:00 楚钦、曼昱晋级单打四强 动漫组合出线 肖扬' [咪咕体育回看]
2025-12-12 16:47:00 - INFO - 添加咪咕分组: '[WTT] 12月12日11:00 楚钦、曼昱晋级单打四强 动漫组合出线 赛场原声' [咪咕体育回看]
2025-12-12 16:47:00 - INFO - 添加咪咕分组: '[羽超联赛] 12月12日12:00 深圳川崎羽众2-3瑞昌碧源 清流播出' [咪咕体育回看]
2025-12-12 16:47:00 - INFO - 添加咪咕分组: '[羽超联赛] 12月12日12:00 辽宁极兔 5-0 芜湖兴航 清流播出' [咪咕体育回看]
2025-12-12 16:47:00 - INFO - 添加咪咕分组: '[全国体操冠军赛] 12月12日15:30 李鸿颜、秦梓玥和彭立焰夺金 清流播出' [咪咕体育回看]
2025-12-12 16:47:00 - INFO - 添加咪咕分组: '[WTT] 12月12日18:00 孙颖莎一日双赛 莎头组合3-2黄杜 AI轨迹实时追踪' [咪咕体育回看]
2025-12-12 16:47:00 - INFO - 添加咪咕分组: '[WTT] 12月12日18:00 孙颖莎一日双赛 莎头组合3-2黄杜 智能字幕' [咪咕体育回看]
2025-12-12 16:47:00 - INFO - 添加咪咕分组: '[WTT] 12月12日18:00 孙颖莎一日双赛 莎头组合3-2黄杜 现场视角' [咪咕体育回看]
2025-12-12 16:47:00 - INFO - 添加咪咕分组: '[WTT] 12月12日18:00 孙颖莎一日双赛 莎头组合3-2黄杜 赛场原声' [咪咕体育回看]
2025-12-12 16:47:00 - INFO - 添加咪咕分组: '[WTT] 12月12日18:00 孙颖莎横扫晋级 莎头组合3-2黄杜 侯英超 周雨 周冠达' [咪咕体育回看]
2025-12-12 16:47:00 - INFO - 添加咪咕分组: '[和平精英全球总决赛] 12月12日18:15 2025和平精英全球总决赛第一天 官方解说' [咪咕体育回看]
2025-12-12 16:47:00 - INFO - 添加咪咕分组: '[和平精英全球总决赛] 12月12日18:15 2025和平精英全球总决赛第一天 明星视角1' [咪咕体育回看]
2025-12-12 16:47:00 - INFO - 添加咪咕分组: '[羽超联赛] 12月12日18:30 江苏羽超2-3青岛仁洲 曹志宇' [咪咕体育回看]
2025-12-12 16:47:00 - INFO - 添加咪咕分组: '[羽超联赛] 12月12日18:30 江苏羽超VS青岛仁洲 清流播出' [咪咕体育回看]
2025-12-12 16:47:00 - INFO - 添加咪咕分组: '[羽超联赛] 12月12日18:30 江苏羽超VS青岛仁洲 马瑞' [咪咕体育回看]
2025-12-12 16:47:00 - INFO - 添加咪咕分组: '[羽超联赛] 12月12日18:30 浙江竞体4-1厦门银行 轩子博' [咪咕体育回看]
2025-12-12 16:47:00 - INFO - 添加咪咕分组: '[羽超联赛] 12月12日18:30 浙江竞体VS厦门银行 余嘉麒' [咪咕体育回看]
2025-12-12 16:47:00 - INFO - 添加咪咕分组: '[羽超联赛] 12月12日18:30 浙江竞体VS厦门银行 清流播出' [咪咕体育回看]
2025-12-12 16:47:00 - INFO - 添加咪咕分组: '[UFC前瞻与回顾] 12月12日19:00 UFC巴西柔术大赛 第四期 郑文祺' [咪咕体育回看]
2025-12-12 16:47:00 - INFO - 添加咪咕分组: '[中超] 12月12日19:30 2025赛季中国足球职业联赛颁奖会 刘畅 刘越' [咪咕体育回看]
2025-12-12 16:47:00 - INFO - 添加咪咕分组: '[浙江省城市篮球联赛] 12月12日19:30 丽水96-77长兴 2025浙江省城市篮球联赛: 丽水VS长兴' [咪咕体育回看]
2025-12-12 16:47:00 - INFO - 添加咪咕分组: '[WCBA] 12月12日19:30 厦门银行 VS 福建金篮 清流播出' [咪咕体育回看]
2025-12-12 16:47:00 - INFO - 添加咪咕分组: '[WCBA] 12月12日19:30 合肥文旅 VS 河南豫光金铅 清流播出' [咪咕体育回看]
2025-12-12 16:47:00 - INFO - 添加咪咕分组: '[浙江省城市篮球联赛] 12月12日19:30 衢州53-68永康 2025浙江省城市篮球联赛: 衢州VS永康' [咪咕体育回看]
2025-12-12 16:47:00 - INFO - 添加咪咕分组: '[CBA] 12月12日19:35 浙江方兴渡vs山西汾酒 CCTV5' [咪咕体育回看]
2025-12-12 16:47:00 - INFO - 添加咪咕分组: '[CBA] 12月12日19:35 浙江方兴渡vs山西汾酒 CCTV5体育' [咪咕体育回看]
2025-12-12 16:47:00 - INFO - 添加咪咕分组: '[CBA] 12月12日19:35 浙江方兴渡vs山西汾酒 图文' [咪咕体育回看]
2025-12-12 16:47:00 - INFO - 添加咪咕分组: '[斯诺克] 12月12日21:00 吴宜泽出战 周跃龙轻松晋级 乔迁' [咪咕体育回看]
2025-12-12 16:47:00 - INFO - 添加咪咕分组: '[斯诺克] 12月12日21:00 吴宜泽出战 周跃龙轻松晋级 现场原声' [咪咕体育回看]
2025-12-12 16:47:00 - INFO - 添加咪咕分组: '[斯诺克] 12月13日03:00 白雨露、范争一出战 袁思俊冲32强 1号桌' [今日咪咕]
2025-12-12 16:47:00 - INFO - 添加咪咕分组: '[德甲] 12月13日03:30 柏林联合 vs RB莱比锡 王子睿' [今日咪咕]
2025-12-12 16:47:00 - INFO - 添加咪咕分组: '[德甲] 12月13日03:30 柏林联合 vs RB莱比锡 王子睿' [今日咪咕]
2025-12-12 16:47:00 - INFO - 添加咪咕分组: '[德甲] 12月13日03:30 柏林联合 vs RB莱比锡 赛场原声' [今日咪咕]
2025-12-12 16:47:00 - INFO - 添加咪咕分组: '[法甲] 12月13日03:45 昂热 vs 南特 李秉昊' [今日咪咕]
2025-12-12 16:47:00 - INFO - 添加咪咕分组: '[法甲] 12月13日03:45 昂热 vs 南特 李秉昊' [今日咪咕]
2025-12-12 16:47:00 - INFO - 添加咪咕分组: '[法甲] 12月13日03:45 昂热 vs 南特 赛场原声' [今日咪咕]
2025-12-12 16:47:00 - INFO - 添加咪咕分组: '[意甲] 12月13日03:45 莱切 vs 比萨 吴奕博' [今日咪咕]
2025-12-12 16:47:00 - INFO - 添加咪咕分组: '[意甲] 12月13日03:45 莱切 vs 比萨 赛场原声' [今日咪咕]
2025-12-12 16:47:00 - INFO - 添加咪咕分组: '[西甲] 12月13日04:00 皇家社会 vs 赫罗纳 洪宇青' [今日咪咕]
2025-12-12 16:47:00 - INFO - 添加咪咕分组: '[西甲] 12月13日04:00 皇家社会 vs 赫罗纳 赛场原声' [今日咪咕]
2025-12-12 16:47:00 - INFO - 添加咪咕分组: '[NBA] 12月13日08:00 公牛VS黄蜂 吴博文' [今日咪咕]
2025-12-12 16:47:00 - INFO - 添加咪咕分组: '[NBA] 12月13日08:00 公牛VS黄蜂 英文原声' [今日咪咕]
2025-12-12 16:47:00 - INFO - 添加咪咕分组: '[NBA] 12月13日08:00 步行者VS76人 英文原声' [今日咪咕]
2025-12-12 16:47:00 - INFO - 添加咪咕分组: '[NBA] 12月13日08:00 步行者VS76人 蔡凯臣' [今日咪咕]
2025-12-12 16:47:00 - INFO - 添加咪咕分组: '[NBA] 12月13日08:00 老鹰VS活塞 徐秦威' [今日咪咕]
2025-12-12 16:47:00 - INFO - 添加咪咕分组: '[NBA] 12月13日08:00 老鹰VS活塞 英文原声' [今日咪咕]
2025-12-12 16:47:00 - INFO - 添加咪咕分组: '[NBA] 12月13日08:00 骑士VS奇才 盛哲' [今日咪咕]
2025-12-12 16:47:00 - INFO - 添加咪咕分组: '[NBA] 12月13日08:00 骑士VS奇才 英文原声' [今日咪咕]
2025-12-12 16:47:00 - INFO - 添加咪咕分组: '[NBA] 12月13日09:00 爵士VS灰熊 刘沛元' [今日咪咕]
2025-12-12 16:47:00 - INFO - 添加咪咕分组: '[NBA] 12月13日09:00 爵士VS灰熊 英文原声' [今日咪咕]
2025-12-12 16:47:00 - INFO - 添加咪咕分组: '[NBA] 12月13日09:30 篮网VS独行侠 季孟年' [今日咪咕]
2025-12-12 16:47:00 - INFO - 添加咪咕分组: '[NBA] 12月13日09:30 篮网VS独行侠 英文原声' [今日咪咕]
2025-12-12 16:47:00 - INFO - 添加咪咕分组: '[NBA] 12月13日11:00 森林狼VS勇士 拜月宁' [今日咪咕]
2025-12-12 16:47:00 - INFO - 添加咪咕分组: '[NBA] 12月13日11:00 森林狼VS勇士 杨健 马健 刘铁' [今日咪咕]
2025-12-12 16:47:00 - INFO - 添加咪咕分组: '[NBA] 12月13日11:00 森林狼VS勇士 英文原声' [今日咪咕]
2025-12-12 16:47:00 - INFO - 添加咪咕分组: '[国际雪联世界杯] 12月13日11:00 自由式滑雪女子、男子决赛 2025/2026赛季国际雪联U型场地世界杯（云顶站）-自由式滑雪女子、男子决赛' [今日咪咕]
2025-12-12 16:47:00 - INFO - 添加咪咕分组: '[羽超联赛] 12月13日12:00 厦门银行VS青岛仁洲 清流播出' [今日咪咕]
2025-12-12 16:47:00 - INFO - 添加咪咕分组: '[羽超联赛] 12月13日12:00 辽宁极兔李永波VS浙江竞体 清流播出' [今日咪咕]
2025-12-12 16:47:00 - INFO - 添加咪咕分组: '[WTT] 12月13日13:30 莎头组合冲决赛！动漫PK林申 小马哥' [今日咪咕]
2025-12-12 16:47:00 - INFO - 添加咪咕分组: '[WTT] 12月13日13:30 莎头组合冲决赛！动漫PK林申 小马哥' [今日咪咕]
2025-12-12 16:47:00 - INFO - 添加咪咕分组: '[WTT] 12月13日13:30 莎头组合冲决赛！动漫PK林申 小马哥' [今日咪咕]
2025-12-12 16:47:00 - INFO - 添加咪咕分组: '[WTT] 12月13日13:30 莎头组合冲决赛！动漫PK林申 智能字幕' [今日咪咕]
2025-12-12 16:47:00 - INFO - 添加咪咕分组: '[WTT] 12月13日13:30 莎头组合冲决赛！动漫PK林申 现场视角' [今日咪咕]
2025-12-12 16:47:00 - INFO - 添加咪咕分组: '[WTT] 12月13日13:30 莎头组合冲决赛！动漫PK林申 赛场原声' [今日咪咕]
2025-12-12 16:47:00 - INFO - 添加咪咕分组: '[东亚超级联赛] 12月13日17:10 台北富邦勇士vs香港东方 王冠证' [今日咪咕]
2025-12-12 16:47:00 - INFO - 添加咪咕分组: '[羽超联赛] 12月13日18:30 深圳川崎羽众VS江苏羽超 清流播出' [今日咪咕]
2025-12-12 16:47:00 - INFO - 添加咪咕分组: '[羽超联赛] 12月13日18:30 芜湖兴航VS瑞昌碧源 清流播出' [今日咪咕]
2025-12-12 16:47:00 - INFO - 添加咪咕分组: '[羽超联赛] 12月13日18:30 芜湖兴航VS瑞昌碧源 解说' [今日咪咕]
2025-12-12 16:47:00 - INFO - 添加咪咕分组: '[和平精英全球总决赛] 12月13日18:50 2025和平精英全球总决赛 总决赛 第二天 官方解说' [今日咪咕]
2025-12-12 16:47:00 - INFO - 添加咪咕分组: '[和平精英全球总决赛] 12月13日18:50 2025和平精英全球总决赛 总决赛 第二天 明星视角1' [今日咪咕]
2025-12-12 16:47:00 - INFO - 添加咪咕分组: '[JCK] 12月13日18:55 JCK觉城之夜N112：罗周江措VS卡哈 官方解说' [今日咪咕]
2025-12-12 16:47:00 - INFO - 添加咪咕分组: '[JCK] 12月13日18:55 JCK觉城之夜N112：罗周江措VS卡哈 清流' [今日咪咕]
2025-12-12 16:47:00 - INFO - 添加咪咕分组: '[浙江省城市篮球联赛] 12月13日19:30 余姚VS温州 2025浙江省城市篮球联赛: 余姚VS温州' [今日咪咕]
2025-12-12 16:47:00 - INFO - 添加咪咕分组: '[WTT] 12月13日19:30 孙颖莎迎战蒯曼！王曼昱、陈熠争进决赛 AI轨迹实时追踪' [今日咪咕]
2025-12-12 16:47:00 - INFO - 添加咪咕分组: '[WTT] 12月13日19:30 孙颖莎迎战蒯曼！王曼昱、陈熠争进决赛 刘国正 周雨 周冠达' [今日咪咕]
2025-12-12 16:47:00 - INFO - 添加咪咕分组: '[WTT] 12月13日19:30 孙颖莎迎战蒯曼！王曼昱、陈熠争进决赛 刘国正 周雨 周冠达' [今日咪咕]
2025-12-12 16:47:00 - INFO - 添加咪咕分组: '[WTT] 12月13日19:30 孙颖莎迎战蒯曼！王曼昱、陈熠争进决赛 智能字幕' [今日咪咕]
2025-12-12 16:47:00 - INFO - 添加咪咕分组: '[WTT] 12月13日19:30 孙颖莎迎战蒯曼！王曼昱、陈熠争进决赛 现场视角' [今日咪咕]
2025-12-12 16:47:00 - INFO - 添加咪咕分组: '[WTT] 12月13日19:30 孙颖莎迎战蒯曼！王曼昱、陈熠争进决赛 赛场原声' [今日咪咕]
2025-12-12 16:47:00 - INFO - 添加咪咕分组: '[浙江省城市篮球联赛] 12月13日19:30 杭州VS舟山 2025浙江省城市篮球联赛: 杭州VS舟山' [今日咪咕]
2025-12-12 16:47:00 - INFO - 添加咪咕分组: '[WCBA] 12月13日19:30 武汉盛帆黄鹤 VS 山东赤水河酒 解说' [今日咪咕]
2025-12-12 16:47:00 - INFO - 添加咪咕分组: '[浙江省城市篮球联赛] 12月13日19:30 诸暨VS嘉兴经开区 2025浙江省城市篮球联赛: 诸暨VS嘉兴经开区' [今日咪咕]
2025-12-12 16:47:00 - INFO - 添加咪咕分组: '[WCBA] 12月13日19:30 陕西榆林天泽 VS 石家庄英励 清流播出' [今日咪咕]
2025-12-12 16:47:00 - INFO - 添加咪咕分组: '[WCBA] 12月13日19:30 陕西榆林天泽 VS 石家庄英励 解说' [今日咪咕]
2025-12-12 16:47:00 - INFO - 添加咪咕分组: '[CBA] 12月13日19:35 北京控股vs山东高速 图文直播' [今日咪咕]
2025-12-12 16:47:00 - INFO - 添加咪咕分组: '[CBA] 12月13日19:35 四川丰谷酒业vs广州朗肽海本 图文直播' [今日咪咕]
2025-12-12 16:47:00 - INFO - 添加咪咕分组: '[CBA] 12月13日19:35 天津先行者vs辽宁本钢 图文直播' [今日咪咕]
2025-12-12 16:47:00 - INFO - 添加咪咕分组: '[CBA] 12月13日19:35 江苏肯帝亚vs北京北汽 图文直播' [今日咪咕]
2025-12-12 16:47:00 - INFO - 添加咪咕分组: '[CBA] 12月13日19:35 深圳马可波罗vs青岛崂山啤酒 图文直播' [今日咪咕]
2025-12-12 16:47:00 - INFO - 添加咪咕分组: '[英女超] 12月13日20:00 埃弗顿女足vs阿森纳女足 胡小凡' [今日咪咕]
2025-12-12 16:47:00 - INFO - 添加咪咕分组: '[英女超] 12月13日20:00 埃弗顿女足vs阿森纳女足 赛场原声' [今日咪咕]
2025-12-12 16:47:00 - INFO - 添加咪咕分组: '[CBA] 12月13日20:00 新疆伊力特vs福建晋江文旅 图文直播' [今日咪咕]
2025-12-12 16:47:00 - INFO - 添加咪咕分组: '[WCBA] 12月13日20:00 新疆天山 VS 江苏南钢 解说' [今日咪咕]
2025-12-12 16:47:00 - INFO - 添加咪咕分组: '[广东省城市足球超级联赛] 12月13日20:00 梅州强民VS广东蜀地红 国语' [今日咪咕]
2025-12-12 16:47:00 - INFO - 添加咪咕分组: '[广东省城市足球超级联赛] 12月13日20:00 梅州强民VS广东蜀地红 粤语' [今日咪咕]
2025-12-12 16:47:00 - INFO - 添加咪咕分组: '[斯诺克] 12月13日21:00 斯诺克单局限时赛32进16 1号桌' [今日咪咕]
2025-12-12 16:47:00 - INFO - 添加咪咕分组: '[斯诺克] 12月13日21:00 斯诺克单局限时赛32进16 朱峰立' [今日咪咕]
2025-12-12 16:47:00 - INFO - 添加咪咕分组: '[西甲] 12月13日21:00 马德里竞技 vs 瓦伦西亚 孙雨轩 王宇' [今日咪咕]
2025-12-12 16:47:00 - INFO - 添加咪咕分组: '[西甲] 12月13日21:00 马德里竞技 vs 瓦伦西亚 赛场原声' [今日咪咕]
2025-12-12 16:47:00 - INFO - 添加咪咕分组: '[意甲] 12月13日22:00 都灵 vs 克雷莫纳 刘焕' [今日咪咕]
2025-12-12 16:47:00 - INFO - 添加咪咕分组: '[意甲] 12月13日22:00 都灵 vs 克雷莫纳 赛场原声' [今日咪咕]
2025-12-12 16:47:00 - INFO - 添加咪咕分组: '[德甲] 12月13日22:30 圣保利 vs 海登海姆 刘洪新' [今日咪咕]
2025-12-12 16:47:00 - INFO - 添加咪咕分组: '[德甲] 12月13日22:30 圣保利 vs 海登海姆 赛场原声' [今日咪咕]
2025-12-12 16:47:00 - INFO - 添加咪咕分组: '[德甲] 12月13日22:30 法兰克福 vs 奥格斯堡 涂远 马延峰' [今日咪咕]
2025-12-12 16:47:00 - INFO - 添加咪咕分组: '[德甲] 12月13日22:30 法兰克福 vs 奥格斯堡 赛场原声' [今日咪咕]
2025-12-12 16:47:00 - INFO - 添加咪咕分组: '[德甲] 12月13日22:30 门兴格拉德巴赫 vs 沃尔夫斯堡 赛场原声' [今日咪咕]
2025-12-12 16:47:00 - INFO - 添加咪咕分组: '[德甲] 12月13日22:30 门兴格拉德巴赫 vs 沃尔夫斯堡 赵宇' [今日咪咕]
2025-12-12 16:47:00 - INFO - 添加咪咕分组: '[德甲] 12月13日22:30 霍芬海姆 vs 汉堡 吴子越' [今日咪咕]
2025-12-12 16:47:00 - INFO - 添加咪咕分组: '[德甲] 12月13日22:30 霍芬海姆 vs 汉堡 赛场原声' [今日咪咕]
2025-12-12 16:47:00 - INFO - 添加咪咕分组: '[英超] 12月13日23:00 切尔西 vs 埃弗顿 苏东 徐阳 李子琪' [今日咪咕]
2025-12-12 16:47:00 - INFO - 添加咪咕分组: '[英超] 12月13日23:00 切尔西 vs 埃弗顿 英文原声' [今日咪咕]
2025-12-12 16:47:00 - INFO - 添加咪咕分组: '[英超] 12月13日23:00 切尔西 vs 埃弗顿 赛场原声' [今日咪咕]
2025-12-12 16:47:00 - INFO - 添加咪咕分组: '[英超] 12月13日23:00 切尔西 vs 埃弗顿 陈凯冬 陈熙荣' [今日咪咕]
2025-12-12 16:47:00 - INFO - 添加咪咕分组: '[英超] 12月13日23:00 利物浦 vs 布赖顿 英文原声' [今日咪咕]
2025-12-12 16:47:00 - INFO - 添加咪咕分组: '[英超] 12月13日23:00 利物浦 vs 布赖顿 詹俊 张路 林梦鸽' [今日咪咕]
2025-12-12 16:47:00 - INFO - 添加咪咕分组: '[英超] 12月13日23:00 利物浦 vs 布赖顿 赛场原声' [今日咪咕]
2025-12-12 16:47:00 - INFO - 添加咪咕分组: '[英超] 12月13日23:00 利物浦 vs 布赖顿 陈曦 何辉' [今日咪咕]
2025-12-12 16:47:00 - INFO - 添加咪咕分组: '[西甲] 12月13日23:15 马略卡 vs 埃尔切 周楚雄' [今日咪咕]
2025-12-12 16:47:00 - INFO - 添加咪咕分组: '[西甲] 12月13日23:15 马略卡 vs 埃尔切 赛场原声' [今日咪咕]
2025-12-12 16:47:00 - INFO - 添加咪咕分组: '[法甲] 12月14日00:00 雷恩 vs 布雷斯特' [咪咕体育预告]
2025-12-12 16:47:00 - INFO - 添加咪咕分组: '[意甲] 12月14日01:00 帕尔马 vs 拉齐奥' [咪咕体育预告]
2025-12-12 16:47:00 - INFO - 添加咪咕分组: '[英超] 12月14日01:30 伯恩利 vs 富勒姆' [咪咕体育预告]
2025-12-12 16:47:00 - INFO - 添加咪咕分组: '[德甲] 12月14日01:30 勒沃库森 vs 科隆' [咪咕体育预告]
2025-12-12 16:47:00 - INFO - 添加咪咕分组: '[西甲] 12月14日01:30 巴塞罗那 vs 奥萨苏纳' [咪咕体育预告]
2025-12-12 16:47:00 - INFO - 添加咪咕分组: '[法甲] 12月14日02:00 梅斯 vs 巴黎圣日耳曼' [咪咕体育预告]
2025-12-12 16:47:00 - INFO - 添加咪咕分组: '[斯诺克] 12月14日03:00 16强至决赛' [咪咕体育预告]
2025-12-12 16:47:00 - INFO - 添加咪咕分组: '[意甲] 12月14日03:45 亚特兰大 vs 卡利亚里' [咪咕体育预告]
2025-12-12 16:47:00 - INFO - 添加咪咕分组: '[西甲] 12月14日04:00 赫塔费 vs 西班牙人' [咪咕体育预告]
2025-12-12 16:47:00 - INFO - 添加咪咕分组: '[英超] 12月14日04:00 阿森纳 vs 狼队' [咪咕体育预告]
2025-12-12 16:47:00 - INFO - 添加咪咕分组: '[法甲] 12月14日04:05 巴黎 vs 图卢兹' [咪咕体育预告]
2025-12-12 16:47:00 - INFO - 添加咪咕分组: '[NBA] 12月14日06:30 尼克斯VS魔术' [咪咕体育预告]
2025-12-12 16:47:00 - INFO - 添加咪咕分组: '[马拉松系列赛] 12月14日07:00 2025杭州高新区（滨江）10km接力邀请赛' [咪咕体育预告]
2025-12-12 16:47:00 - INFO - 添加咪咕分组: '[马拉松系列赛] 12月14日07:30 福州、博鳌、乐山、玉林等五场比赛' [咪咕体育预告]
2025-12-12 16:47:00 - INFO - 添加咪咕分组: '[UFC格斗之夜] 12月14日08:00 UFC格斗之夜：罗伊瓦尔VS卡佩' [咪咕体育预告]
2025-12-12 16:47:00 - INFO - 添加咪咕分组: '[NBA] 12月14日10:00 马刺VS雷霆' [咪咕体育预告]
2025-12-12 16:47:00 - INFO - 添加咪咕分组: '[WTT] 12月14日13:30 男单半决赛' [咪咕体育预告]
2025-12-12 16:47:00 - INFO - 添加咪咕分组: '[云南省城市足球联赛] 12月14日15:00 临沧队VS普洱队' [咪咕体育预告]
2025-12-12 16:47:00 - INFO - 添加咪咕分组: '[云南省城市足球联赛] 12月14日15:00 丽江队VS文山队' [咪咕体育预告]
2025-12-12 16:47:00 - INFO - 添加咪咕分组: '[重庆城市足球超级联赛] 12月14日15:00 九龙鑫源熊猫队VS两江临空队' [咪咕体育预告]
2025-12-12 16:47:00 - INFO - 添加咪咕分组: '[重庆城市足球超级联赛] 12月14日15:00 北碚缙云鼎久队VS两江信也科技队' [咪咕体育预告]
2025-12-12 16:47:00 - INFO - 添加咪咕分组: '[湖南省足球联赛] 12月14日15:00 娄底队vs永州队' [咪咕体育预告]
2025-12-12 16:47:00 - INFO - 添加咪咕分组: '[湖南省足球联赛] 12月14日15:00 常德队vs衡阳队' [咪咕体育预告]
2025-12-12 16:47:00 - INFO - 添加咪咕分组: '[重庆城市足球超级联赛] 12月14日15:00 开州汉丰湖队VS云阳恐龙队' [咪咕体育预告]
2025-12-12 16:47:00 - INFO - 添加咪咕分组: '[重庆城市足球超级联赛] 12月14日15:00 梁平运虹队VS万州三峡银行队' [咪咕体育预告]
2025-12-12 16:47:00 - INFO - 添加咪咕分组: '[重庆城市足球超级联赛] 12月14日15:00 沙坪坝陈昌银队VS科学城高芯猛虎队' [咪咕体育预告]
2025-12-12 16:47:00 - INFO - 添加咪咕分组: '[湖南省足球联赛] 12月14日15:00 益阳队vs大湾区湖南人队' [咪咕体育预告]
2025-12-12 16:47:00 - INFO - 添加咪咕分组: '[云南省城市足球联赛] 12月14日15:00 迪庆队VS曲靖队' [咪咕体育预告]
2025-12-12 16:47:00 - INFO - 添加咪咕分组: '[云南省城市足球联赛] 12月14日15:30 保山队VS昆明队' [咪咕体育预告]
2025-12-12 16:47:00 - INFO - 添加咪咕分组: '[广东省城市足球超级联赛] 12月14日16:00 深圳藝品高VS吴川青年' [咪咕体育预告]
2025-12-12 16:47:00 - INFO - 添加咪咕分组: '[东亚超级联赛] 12月14日17:10 桃园璞园领航猿vs澳门黑熊' [咪咕体育预告]
2025-12-12 16:47:00 - INFO - 添加咪咕分组: '[和平精英全球总决赛] 12月14日17:45 2025和平精英全球总决赛Day3' [咪咕体育预告]
2025-12-12 16:47:00 - INFO - 添加咪咕分组: '[重庆城市足球超级联赛] 12月14日19:00 渝中半岛队VS大渡口馨田战队' [咪咕体育预告]
2025-12-12 16:47:00 - INFO - 添加咪咕分组: '[意甲] 12月14日19:30 AC米兰 vs 萨索洛' [咪咕体育预告]
2025-12-12 16:47:00 - INFO - 添加咪咕分组: '[WCBA] 12月14日19:30 上海浦发银行 VS 山西竹叶青酒' [咪咕体育预告]
2025-12-12 16:47:00 - INFO - 添加咪咕分组: '[WCBA] 12月14日19:30 东莞新彤盛 VS 四川蜀道远达' [咪咕体育预告]
2025-12-12 16:47:00 - INFO - 添加咪咕分组: '[WCBA] 12月14日19:30 北京首钢园 VS 浙江稠州银行' [咪咕体育预告]
2025-12-12 16:47:00 - INFO - 添加咪咕分组: '[WCBA] 12月14日19:30 厦门银行 VS 合肥文旅' [咪咕体育预告]
2025-12-12 16:47:00 - INFO - 添加咪咕分组: '[浙江省城市篮球联赛] 12月14日19:30 湖州VS庆元' [咪咕体育预告]
2025-12-12 16:47:00 - INFO - 添加咪咕分组: '[WTT] 12月14日19:30 男女单打决赛' [咪咕体育预告]
2025-12-12 16:47:00 - INFO - 添加咪咕分组: '[浙江省城市篮球联赛] 12月14日19:30 金华VS柯城' [咪咕体育预告]
2025-12-12 16:47:00 - INFO - 添加咪咕分组: '[CBA] 12月14日19:35 上海久事vs长白山恩都里' [咪咕体育预告]
2025-12-12 16:47:00 - INFO - 添加咪咕分组: '[CBA] 12月14日19:35 广东东阳光vs南京天之蓝' [咪咕体育预告]
2025-12-12 16:47:00 - INFO - 添加咪咕分组: '[CBA] 12月14日19:35 浙江稠州金租vs宁波町渥' [咪咕体育预告]
2025-12-12 16:47:00 - INFO - 添加咪咕分组: '[湖南省足球联赛] 12月14日19:38 株洲队vs郴州队' [咪咕体育预告]
2025-12-12 16:47:00 - INFO - 添加咪咕分组: '[湖南省足球联赛] 12月14日19:38 长沙队vs岳阳队' [咪咕体育预告]
2025-12-12 16:47:00 - INFO - 添加咪咕分组: '[英女超] 12月14日19:55 布莱顿女足vs切尔西女足' [咪咕体育预告]
2025-12-12 16:47:00 - INFO - 添加咪咕分组: '[英女超] 12月14日19:55 曼城女足vs阿斯顿维拉女足' [咪咕体育预告]
2025-12-12 16:47:00 - INFO - 添加咪咕分组: '[英女超] 12月14日19:55 莱斯特城女足vs伦敦城雌狮女足' [咪咕体育预告]
2025-12-12 16:47:00 - INFO - 添加咪咕分组: '[英女超] 12月14日19:55 西汉姆联女足vs利物浦女足' [咪咕体育预告]
2025-12-12 16:47:00 - INFO - 添加咪咕分组: '[西甲] 12月14日21:00 塞维利亚 vs 皇家奥维耶多' [咪咕体育预告]
2025-12-12 16:47:00 - INFO - 添加咪咕分组: '[意甲] 12月14日22:00 乌迪内斯 vs 那不勒斯' [咪咕体育预告]
2025-12-12 16:47:00 - INFO - 添加咪咕分组: '[意甲] 12月14日22:00 佛罗伦萨 vs 维罗纳' [咪咕体育预告]
2025-12-12 16:47:00 - INFO - 添加咪咕分组: '[英超] 12月14日22:00 桑德兰 vs 纽卡斯尔联' [咪咕体育预告]
2025-12-12 16:47:00 - INFO - 添加咪咕分组: '[英超] 12月14日22:00 水晶宫 vs 曼城' [咪咕体育预告]
2025-12-12 16:47:00 - INFO - 添加咪咕分组: '[英超] 12月14日22:00 西汉姆联 vs 阿斯顿维拉' [咪咕体育预告]
2025-12-12 16:47:00 - INFO - 添加咪咕分组: '[英超] 12月14日22:00 诺丁汉森林 vs 托特纳姆热刺' [咪咕体育预告]
2025-12-12 16:47:00 - INFO - 添加咪咕分组: '[法甲] 12月14日22:00 里昂 vs 勒阿弗尔' [咪咕体育预告]
2025-12-12 16:47:00 - INFO - 添加咪咕分组: '[德甲] 12月14日22:30 弗赖堡 vs 多特蒙德' [咪咕体育预告]
2025-12-12 16:47:00 - INFO - 添加咪咕分组: '[英女超] 12月14日22:30 曼联女足vs托特纳姆热刺女足' [咪咕体育预告]
2025-12-12 16:47:00 - INFO - 添加咪咕分组: '[西甲] 12月14日23:15 塞尔塔 vs 毕尔巴鄂竞技' [咪咕体育预告]
2025-12-12 16:47:00 - INFO - 添加更新时间频道: 最后更新: 2025-12-13 00:47:00 (北京时间)
2025-12-12 16:47:00 - INFO - 文件更新完成，共处理 229 个频道
2025-12-12 16:47:00 - INFO - 已清理临时下载目录: downloaded_sources
2025-12-12 16:47:00 - INFO - ============================================================
2025-12-12 16:47:00 - INFO - 任务执行成功完成
2025-12-12 16:47:00 - INFO - 完成时间 (北京时间): 2025-12-13 00:47:00
2025-12-12 16:47:00 - INFO - 总耗时: 5.94 秒
2025-12-12 16:47:00 - INFO - 总计处理频道源: 2466 个
2025-12-12 16:47:00 - INFO - 日志文件: logs/tv_auto_update_20251212.log
2025-12-12 16:47:00 - INFO - ============================================================
